                              1 ;--------------------------------------------------------
                              2 ; File Created by SDCC : FreeWare ANSI-C Compiler
                              3 ; Version 2.3.1 Sun Nov  4 12:04:07 2001
                              4 
                              5 ;--------------------------------------------------------
                              6 	.module gprint
                              7 	
                              8 ;--------------------------------------------------------
                              9 ; Public variables in this module
                             10 ;--------------------------------------------------------
                             11 	.globl _gprint
                             12 ;--------------------------------------------------------
                             13 ; special function registers
                             14 ;--------------------------------------------------------
                             15 ;--------------------------------------------------------
                             16 ; special function bits 
                             17 ;--------------------------------------------------------
                             18 ;--------------------------------------------------------
                             19 ; internal ram data
                             20 ;--------------------------------------------------------
                             21 	.area _DATA
                             22 ;--------------------------------------------------------
                             23 ; overlayable items in internal ram 
                             24 ;--------------------------------------------------------
                             25 	.area _OVERLAY
                             26 ;--------------------------------------------------------
                             27 ; indirectly addressable internal ram data
                             28 ;--------------------------------------------------------
                             29 	.area _ISEG
                             30 ;--------------------------------------------------------
                             31 ; bit data
                             32 ;--------------------------------------------------------
                             33 	.area _BSEG
                             34 ;--------------------------------------------------------
                             35 ; external ram data
                             36 ;--------------------------------------------------------
                             37 	.area _XSEG
                             38 ;--------------------------------------------------------
                             39 ; global & static initialisations
                             40 ;--------------------------------------------------------
                             41 	.area _GSINIT
                             42 	.area _GSFINAL
                             43 	.area _GSINIT
                             44 ;--------------------------------------------------------
                             45 ; Home
                             46 ;--------------------------------------------------------
                             47 	.area _HOME
                             48 ;	gprint.c 3
                             49 ;	genLabel
                             50 ;	genFunction
                             51 ;	---------------------------------
                             52 ; Function gprint
                             53 ; ---------------------------------
   0000                      54 ___gprint_start:
   0000                      55 _gprint:
   0000 E8 FF                56 	lda	sp,-1(sp)
                             57 ;	gprint.c 5
                             58 ;	genAssign
                             59 ;	AOP_STK for 
   0002 F8 03                60 	lda	hl,3(sp)
   0004 4E                   61 	ld	c,(hl)
   0005 23                   62 	inc	hl
   0006 46                   63 	ld	b,(hl)
                             64 ;	genLabel
   0007                      65 00101$:
                             66 ;	genPointerGet
                             67 ;	AOP_STK for _gprint_sloc0_1_0
   0007 0A                   68 	ld	a,(bc)
   0008 F8 00                69 	lda	hl,0(sp)
   000A 77                   70 	ld	(hl),a
                             71 ;	genIfx
                             72 ;	AOP_STK for _gprint_sloc0_1_0
   000B AF                   73 	xor	a,a
   000C B6                   74 	or	a,(hl)
   000D CAr1Es00             75 	jp	z,00104$
                             76 ;	gprint.c 6
                             77 ;	genPlus
                             78 ;	genPlusIncr
   0010 03                   79 	inc	bc
                             80 ;	genIpush
                             81 ; _saveRegsForCall: sendSetSize: 0 deInUse: 0 bcInUse: 1 deSending: 0
   0011 C5                   82 	push	bc
                             83 ;	AOP_STK for _gprint_sloc0_1_0
   0012 7E                   84 	ld	a,(hl)
   0013 F5                   85 	push	af
   0014 33                   86 	inc	sp
                             87 ;	genCall
   0015 CDr00s00             88 	call	_wrtchr
   0018 E8 01                89 	lda	sp,1(sp)
   001A C1                   90 	pop	bc
                             91 ;	genGoto
   001B C3r07s00             92 	jp	00101$
                             93 ;	genLabel
   001E                      94 00104$:
                             95 ;	genEndFunction
   001E E8 01                96 	lda	sp,1(sp)
   0020 C9                   97 	ret
   0021                      98 ___gprint_end:
                             99 	.area _CODE
                            100 ;--------------------------------------------------------
                            101 ; code
                            102 ;--------------------------------------------------------
                            103 	.area _CODE
                            104 	.area _CODE
