                              1 ; font_min.s
                              2 	
                              3 ;	Text font
                              4 ;	Michael Hope, 1998
                              5 ;	michaelh@earthling.net
                              6 ;	Distrubuted under the Artistic License - see www.opensource.org
                              7 ;
                              8 	;; BANKED:	checked, imperfect
                              9 	.module 	font_min
                             10 	.area	_BASE
   0000                      11 _font_min::
   0000 05                   12 	.byte	1+4		; 128 character encoding
   0001 25                   13 	.byte	37		; Tiles required
                             14 
   0002 00 00 00 00 00 00    15 	.byte	00,00,00,00,00,00,00,00,00,00,00,00,00,00,00,00		; All map to space
        00 00 00 00 00 00
        00 00 00 00
   0012 00 00 00 00 00 00    16 	.byte	00,00,00,00,00,00,00,00,00,00,00,00,00,00,00,00		; All map to space
        00 00 00 00 00 00
        00 00 00 00
   0022 00 00 00 00 00 00    17 	.byte	00,00,00,00,00,00,00,00,00,00,00,00,00,00,00,00		; All map to space
        00 00 00 00 00 00
        00 00 00 00
   0032 01 02 03 04 05 06    18 	.byte	01,02,03,04,05,06,07,08,09,10,00,00,00,00,00,00
        07 08 09 0A 00 00
        00 00 00 00
   0042 00 0B 0C 0D 0E 0F    19 	.byte	00,11,12,13,14,15,16,17,18,19,20,21,22,23,24,25
        10 11 12 13 14 15
        16 17 18 19
   0052 1A 1B 1C 1D 1E 15    20 	.byte	26,27,28,29,30,21,32,33,34,35,36,00,00,00,00,00
        20 21 22 23 24 00
        00 00 00 00
   0062 00 0B 0C 0D 0E 0F    21 	.byte	00,11,12,13,14,15,16,17,18,19,20,21,22,23,24,25
        10 11 12 13 14 15
        16 17 18 19
   0072 1A 1B 1C 1D 1E 15    22 	.byte	26,27,28,29,30,21,32,33,34,35,36,00,00,00,00,00
        20 21 22 23 24 00
        00 00 00 00
                             23 
   0082 00                   24 	.db	0
   0083 00                   25         .db    0b00000000 
   0084 00                   26         .db    0b00000000 
   0085 00                   27         .db    0b00000000 
   0086 00                   28         .db    0b00000000 
   0087 00                   29         .db    0b00000000 
   0088 00                   30         .db    0b00000000 
   0089 00                   31         .db    0b00000000 
                             32 ; Character: 0
   008A 00                   33         .db    0b00000000 
   008B 3C                   34         .db    0b00111100 
   008C 46                   35         .db    0b01000110 
   008D 4A                   36         .db    0b01001010 
   008E 52                   37         .db    0b01010010 
   008F 62                   38         .db    0b01100010 
   0090 3C                   39         .db    0b00111100 
   0091 00                   40         .db    0b00000000 
                             41 ; Character: 1
   0092 00                   42         .db    0b00000000 
   0093 18                   43         .db    0b00011000 
   0094 28                   44         .db    0b00101000 
   0095 08                   45         .db    0b00001000 
   0096 08                   46         .db    0b00001000 
   0097 08                   47         .db    0b00001000 
   0098 3E                   48         .db    0b00111110 
   0099 00                   49         .db    0b00000000 
                             50 ; Character: 2
   009A 00                   51         .db    0b00000000 
   009B 3C                   52         .db    0b00111100 
   009C 42                   53         .db    0b01000010 
   009D 02                   54         .db    0b00000010 
   009E 3C                   55         .db    0b00111100 
   009F 40                   56         .db    0b01000000 
   00A0 7E                   57         .db    0b01111110 
   00A1 00                   58         .db    0b00000000 
                             59 ; Character: 3
   00A2 00                   60         .db    0b00000000 
   00A3 3C                   61         .db    0b00111100 
   00A4 42                   62         .db    0b01000010 
   00A5 0C                   63         .db    0b00001100 
   00A6 02                   64         .db    0b00000010 
   00A7 42                   65         .db    0b01000010 
   00A8 3C                   66         .db    0b00111100 
   00A9 00                   67         .db    0b00000000 
                             68 ; Character: 4
   00AA 00                   69         .db    0b00000000 
   00AB 08                   70         .db    0b00001000 
   00AC 18                   71         .db    0b00011000 
   00AD 28                   72         .db    0b00101000 
   00AE 48                   73         .db    0b01001000 
   00AF 7E                   74         .db    0b01111110 
   00B0 08                   75         .db    0b00001000 
   00B1 00                   76         .db    0b00000000 
                             77 ; Character: 5
   00B2 00                   78         .db    0b00000000 
   00B3 7E                   79         .db    0b01111110 
   00B4 40                   80         .db    0b01000000 
   00B5 7C                   81         .db    0b01111100 
   00B6 02                   82         .db    0b00000010 
   00B7 42                   83         .db    0b01000010 
   00B8 3C                   84         .db    0b00111100 
   00B9 00                   85         .db    0b00000000 
                             86 ; Character: 6
   00BA 00                   87         .db    0b00000000 
   00BB 3C                   88         .db    0b00111100 
   00BC 40                   89         .db    0b01000000 
   00BD 7C                   90         .db    0b01111100 
   00BE 42                   91         .db    0b01000010 
   00BF 42                   92         .db    0b01000010 
   00C0 3C                   93         .db    0b00111100 
   00C1 00                   94         .db    0b00000000 
                             95 ; Character: 7
   00C2 00                   96         .db    0b00000000 
   00C3 7E                   97         .db    0b01111110 
   00C4 02                   98         .db    0b00000010 
   00C5 04                   99         .db    0b00000100 
   00C6 08                  100         .db    0b00001000 
   00C7 10                  101         .db    0b00010000 
   00C8 10                  102         .db    0b00010000 
   00C9 00                  103         .db    0b00000000 
                            104 ; Character: 8
   00CA 00                  105         .db    0b00000000 
   00CB 3C                  106         .db    0b00111100 
   00CC 42                  107         .db    0b01000010 
   00CD 3C                  108         .db    0b00111100 
   00CE 42                  109         .db    0b01000010 
   00CF 42                  110         .db    0b01000010 
   00D0 3C                  111         .db    0b00111100 
   00D1 00                  112         .db    0b00000000 
                            113 ; Character: 9
   00D2 00                  114         .db    0b00000000 
   00D3 3C                  115         .db    0b00111100 
   00D4 42                  116         .db    0b01000010 
   00D5 42                  117         .db    0b01000010 
   00D6 3E                  118         .db    0b00111110 
   00D7 02                  119         .db    0b00000010 
   00D8 3C                  120         .db    0b00111100 
   00D9 00                  121         .db    0b00000000 
                            122 ; Character: A
   00DA 00                  123         .db    0b00000000 
   00DB 3C                  124         .db    0b00111100 
   00DC 42                  125         .db    0b01000010 
   00DD 42                  126         .db    0b01000010 
   00DE 7E                  127         .db    0b01111110 
   00DF 42                  128         .db    0b01000010 
   00E0 42                  129         .db    0b01000010 
   00E1 00                  130         .db    0b00000000 
                            131 ; Character: B
   00E2 00                  132         .db    0b00000000 
   00E3 7C                  133         .db    0b01111100 
   00E4 42                  134         .db    0b01000010 
   00E5 7C                  135         .db    0b01111100 
   00E6 42                  136         .db    0b01000010 
   00E7 42                  137         .db    0b01000010 
   00E8 7C                  138         .db    0b01111100 
   00E9 00                  139         .db    0b00000000 
                            140 ; Character: C
   00EA 00                  141         .db    0b00000000 
   00EB 3C                  142         .db    0b00111100 
   00EC 42                  143         .db    0b01000010 
   00ED 40                  144         .db    0b01000000 
   00EE 40                  145         .db    0b01000000 
   00EF 42                  146         .db    0b01000010 
   00F0 3C                  147         .db    0b00111100 
   00F1 00                  148         .db    0b00000000 
                            149 ; Character: D
   00F2 00                  150         .db    0b00000000 
   00F3 78                  151         .db    0b01111000 
   00F4 44                  152         .db    0b01000100 
   00F5 42                  153         .db    0b01000010 
   00F6 42                  154         .db    0b01000010 
   00F7 44                  155         .db    0b01000100 
   00F8 78                  156         .db    0b01111000 
   00F9 00                  157         .db    0b00000000 
                            158 ; Character: E
   00FA 00                  159         .db    0b00000000 
   00FB 7E                  160         .db    0b01111110 
   00FC 40                  161         .db    0b01000000 
   00FD 7C                  162         .db    0b01111100 
   00FE 40                  163         .db    0b01000000 
   00FF 40                  164         .db    0b01000000 
   0100 7E                  165         .db    0b01111110 
   0101 00                  166         .db    0b00000000 
                            167 ; Character: F
   0102 00                  168         .db    0b00000000 
   0103 7E                  169         .db    0b01111110 
   0104 40                  170         .db    0b01000000 
   0105 7C                  171         .db    0b01111100 
   0106 40                  172         .db    0b01000000 
   0107 40                  173         .db    0b01000000 
   0108 40                  174         .db    0b01000000 
   0109 00                  175         .db    0b00000000 
                            176 ; Character: G
   010A 00                  177         .db    0b00000000 
   010B 3C                  178         .db    0b00111100 
   010C 42                  179         .db    0b01000010 
   010D 40                  180         .db    0b01000000 
   010E 4E                  181         .db    0b01001110 
   010F 42                  182         .db    0b01000010 
   0110 3C                  183         .db    0b00111100 
   0111 00                  184         .db    0b00000000 
                            185 ; Character: H
   0112 00                  186         .db    0b00000000 
   0113 42                  187         .db    0b01000010 
   0114 42                  188         .db    0b01000010 
   0115 7E                  189         .db    0b01111110 
   0116 42                  190         .db    0b01000010 
   0117 42                  191         .db    0b01000010 
   0118 42                  192         .db    0b01000010 
   0119 00                  193         .db    0b00000000 
                            194 ; Character: I
   011A 00                  195         .db    0b00000000 
   011B 3E                  196         .db    0b00111110 
   011C 08                  197         .db    0b00001000 
   011D 08                  198         .db    0b00001000 
   011E 08                  199         .db    0b00001000 
   011F 08                  200         .db    0b00001000 
   0120 3E                  201         .db    0b00111110 
   0121 00                  202         .db    0b00000000 
                            203 ; Character: J
   0122 00                  204         .db    0b00000000 
   0123 02                  205         .db    0b00000010 
   0124 02                  206         .db    0b00000010 
   0125 02                  207         .db    0b00000010 
   0126 42                  208         .db    0b01000010 
   0127 42                  209         .db    0b01000010 
   0128 3C                  210         .db    0b00111100 
   0129 00                  211         .db    0b00000000 
                            212 ; Character: K
   012A 00                  213         .db    0b00000000 
   012B 44                  214         .db    0b01000100 
   012C 48                  215         .db    0b01001000 
   012D 70                  216         .db    0b01110000 
   012E 48                  217         .db    0b01001000 
   012F 44                  218         .db    0b01000100 
   0130 42                  219         .db    0b01000010 
   0131 00                  220         .db    0b00000000 
                            221 ; Character: L
   0132 00                  222         .db    0b00000000 
   0133 40                  223         .db    0b01000000 
   0134 40                  224         .db    0b01000000 
   0135 40                  225         .db    0b01000000 
   0136 40                  226         .db    0b01000000 
   0137 40                  227         .db    0b01000000 
   0138 7E                  228         .db    0b01111110 
   0139 00                  229         .db    0b00000000 
                            230 ; Character: M
   013A 00                  231         .db    0b00000000 
   013B 42                  232         .db    0b01000010 
   013C 66                  233         .db    0b01100110 
   013D 5A                  234         .db    0b01011010 
   013E 42                  235         .db    0b01000010 
   013F 42                  236         .db    0b01000010 
   0140 42                  237         .db    0b01000010 
   0141 00                  238         .db    0b00000000 
                            239 ; Character: N
   0142 00                  240         .db    0b00000000 
   0143 42                  241         .db    0b01000010 
   0144 62                  242         .db    0b01100010 
   0145 52                  243         .db    0b01010010 
   0146 4A                  244         .db    0b01001010 
   0147 46                  245         .db    0b01000110 
   0148 42                  246         .db    0b01000010 
   0149 00                  247         .db    0b00000000 
                            248 ; Character: O
   014A 00                  249         .db    0b00000000 
   014B 3C                  250         .db    0b00111100 
   014C 42                  251         .db    0b01000010 
   014D 42                  252         .db    0b01000010 
   014E 42                  253         .db    0b01000010 
   014F 42                  254         .db    0b01000010 
   0150 3C                  255         .db    0b00111100 
   0151 00                  256         .db    0b00000000 
                            257 ; Character: P
   0152 00                  258         .db    0b00000000 
   0153 7C                  259         .db    0b01111100 
   0154 42                  260         .db    0b01000010 
   0155 42                  261         .db    0b01000010 
   0156 7C                  262         .db    0b01111100 
   0157 40                  263         .db    0b01000000 
   0158 40                  264         .db    0b01000000 
   0159 00                  265         .db    0b00000000 
                            266 ; Character: Q
   015A 00                  267         .db    0b00000000 
   015B 3C                  268         .db    0b00111100 
   015C 42                  269         .db    0b01000010 
   015D 42                  270         .db    0b01000010 
   015E 52                  271         .db    0b01010010 
   015F 4A                  272         .db    0b01001010 
   0160 3C                  273         .db    0b00111100 
   0161 00                  274         .db    0b00000000 
                            275 ; Character: R
   0162 00                  276         .db    0b00000000 
   0163 7C                  277         .db    0b01111100 
   0164 42                  278         .db    0b01000010 
   0165 42                  279         .db    0b01000010 
   0166 7C                  280         .db    0b01111100 
   0167 44                  281         .db    0b01000100 
   0168 42                  282         .db    0b01000010 
   0169 00                  283         .db    0b00000000 
                            284 ; Character: S
   016A 00                  285         .db    0b00000000 
   016B 3C                  286         .db    0b00111100 
   016C 40                  287         .db    0b01000000 
   016D 3C                  288         .db    0b00111100 
   016E 02                  289         .db    0b00000010 
   016F 42                  290         .db    0b01000010 
   0170 3C                  291         .db    0b00111100 
   0171 00                  292         .db    0b00000000 
                            293 ; Character: T
   0172 00                  294         .db    0b00000000 
   0173 FE                  295         .db    0b11111110 
   0174 10                  296         .db    0b00010000 
   0175 10                  297         .db    0b00010000 
   0176 10                  298         .db    0b00010000 
   0177 10                  299         .db    0b00010000 
   0178 10                  300         .db    0b00010000 
   0179 00                  301         .db    0b00000000 
                            302 ; Character: U
   017A 00                  303         .db    0b00000000 
   017B 42                  304         .db    0b01000010 
   017C 42                  305         .db    0b01000010 
   017D 42                  306         .db    0b01000010 
   017E 42                  307         .db    0b01000010 
   017F 42                  308         .db    0b01000010 
   0180 3C                  309         .db    0b00111100 
   0181 00                  310         .db    0b00000000 
                            311 ; Character: V
   0182 00                  312         .db    0b00000000 
   0183 42                  313         .db    0b01000010 
   0184 42                  314         .db    0b01000010 
   0185 42                  315         .db    0b01000010 
   0186 42                  316         .db    0b01000010 
   0187 24                  317         .db    0b00100100 
   0188 18                  318         .db    0b00011000 
   0189 00                  319         .db    0b00000000 
                            320 ; Character: W
   018A 00                  321         .db    0b00000000 
   018B 42                  322         .db    0b01000010 
   018C 42                  323         .db    0b01000010 
   018D 42                  324         .db    0b01000010 
   018E 42                  325         .db    0b01000010 
   018F 5A                  326         .db    0b01011010 
   0190 24                  327         .db    0b00100100 
   0191 00                  328         .db    0b00000000 
                            329 ; Character: X
   0192 00                  330         .db    0b00000000 
   0193 42                  331         .db    0b01000010 
   0194 24                  332         .db    0b00100100 
   0195 18                  333         .db    0b00011000 
   0196 18                  334         .db    0b00011000 
   0197 24                  335         .db    0b00100100 
   0198 42                  336         .db    0b01000010 
   0199 00                  337         .db    0b00000000 
                            338 ; Character: Y
   019A 00                  339         .db    0b00000000 
   019B 82                  340         .db    0b10000010 
   019C 44                  341         .db    0b01000100 
   019D 28                  342         .db    0b00101000 
   019E 10                  343         .db    0b00010000 
   019F 10                  344         .db    0b00010000 
   01A0 10                  345         .db    0b00010000 
   01A1 00                  346         .db    0b00000000 
                            347 ; Character: Z
   01A2 00                  348         .db    0b00000000 
   01A3 7E                  349         .db    0b01111110 
   01A4 04                  350         .db    0b00000100 
   01A5 08                  351         .db    0b00001000 
   01A6 10                  352         .db    0b00010000 
   01A7 20                  353         .db    0b00100000 
   01A8 7E                  354         .db    0b01111110 
   01A9 00                  355         .db    0b00000000 
