                              1 ;--------------------------------------------------------
                              2 ; File Created by SDCC : FreeWare ANSI-C Compiler
                              3 ; Version 2.3.1 Wed Sep 04 21:56:21 2019
                              4 
                              5 ;--------------------------------------------------------
                              6 	.module _modulong
                              7 	
                              8 ;--------------------------------------------------------
                              9 ; Public variables in this module
                             10 ;--------------------------------------------------------
                             11 	.globl __modulong
                             12 ;--------------------------------------------------------
                             13 ; special function registers
                             14 ;--------------------------------------------------------
                             15 ;--------------------------------------------------------
                             16 ; special function bits 
                             17 ;--------------------------------------------------------
                             18 ;--------------------------------------------------------
                             19 ; internal ram data
                             20 ;--------------------------------------------------------
                             21 	.area _DATA
                             22 ;--------------------------------------------------------
                             23 ; overlayable items in internal ram 
                             24 ;--------------------------------------------------------
                             25 	.area _OVERLAY
                             26 ;--------------------------------------------------------
                             27 ; indirectly addressable internal ram data
                             28 ;--------------------------------------------------------
                             29 	.area _ISEG
                             30 ;--------------------------------------------------------
                             31 ; bit data
                             32 ;--------------------------------------------------------
                             33 	.area _BSEG
                             34 ;--------------------------------------------------------
                             35 ; external ram data
                             36 ;--------------------------------------------------------
                             37 	.area _XSEG
                             38 ;--------------------------------------------------------
                             39 ; global & static initialisations
                             40 ;--------------------------------------------------------
                             41 	.area _GSINIT
                             42 	.area _GSFINAL
                             43 	.area _GSINIT
                             44 ;--------------------------------------------------------
                             45 ; Home
                             46 ;--------------------------------------------------------
                             47 	.area _HOME
                             48 	.area _CODE
                             49 ;--------------------------------------------------------
                             50 ; code
                             51 ;--------------------------------------------------------
                             52 	.area _CODE
                             53 ;	_modulong.c 335
                             54 ;	genLabel
                             55 ;	genFunction
                             56 ;	---------------------------------
                             57 ; Function _modulong
                             58 ; ---------------------------------
   0000                      59 ____modulong_start:
   0000                      60 __modulong:
   0000 E8 FD                61 	lda	sp,-3(sp)
                             62 ;	_modulong.c 337
                             63 ;	genAssign
                             64 ;	AOP_STK for __modulong_count_1_1
   0002 F8 02                65 	lda	hl,2(sp)
   0004 36 00                66 	ld	(hl),#0x00
                             67 ;	_modulong.c 339
                             68 ;	genAssign
                             69 ;	AOP_STK for __modulong_sloc1_1_0
   0006 2B                   70 	dec	hl
   0007 2B                   71 	dec	hl
   0008 36 00                72 	ld	(hl),#0x00
                             73 ;	genLabel
   000A                      74 00103$:
                             75 ;	genGetHBIT
                             76 ;	AOP_STK for 
                             77 ;	AOP_STK for __modulong_sloc0_1_0
   000A F8 0C                78 	lda	hl,12(sp)
   000C 7E                   79 	ld	a,(hl)
   000D CB 07                80 	rlc	a
   000F E6 01                81 	and	a,#1
   0011 F8 01                82 	lda	hl,1(sp)
   0013 77                   83 	ld	(hl),a
                             84 ;	genIfx
                             85 ;	AOP_STK for __modulong_sloc0_1_0
   0014 AF                   86 	xor	a,a
   0015 B6                   87 	or	a,(hl)
   0016 C2r7Cs00             88 	jp	nz,00117$
                             89 ;	_modulong.c 341
                             90 ;	genIpush
                             91 ; _saveRegsForCall: sendSetSize: 0 deInUse: 0 bcInUse: 0 deSending: 0
   0019 3E 01                92 	ld	a,#0x01
   001B F5                   93 	push	af
   001C 33                   94 	inc	sp
                             95 ;	genIpush
                             96 ;	AOP_STK for 
   001D F8 0C                97 	lda	hl,12(sp)
   001F 2A                   98 	ld	a,(hl+)
   0020 66                   99 	ld	h,(hl)
   0021 6F                  100 	ld	l,a
   0022 E5                  101 	push	hl
   0023 F8 0C               102 	lda	hl,12(sp)
   0025 2A                  103 	ld	a,(hl+)
   0026 66                  104 	ld	h,(hl)
   0027 6F                  105 	ld	l,a
   0028 E5                  106 	push	hl
                            107 ;	genCall
   0029 CDr00s00            108 	call	__rlulong_rrx_s
                            109 ;	AOP_STK for 
   002C E5                  110 	push	hl
   002D F8 10               111 	lda	hl,16(sp)
   002F 73                  112 	ld	(hl),e
   0030 23                  113 	inc	hl
   0031 72                  114 	ld	(hl),d
   0032 D1                  115 	pop	de
   0033 23                  116 	inc	hl
   0034 73                  117 	ld	(hl),e
   0035 23                  118 	inc	hl
   0036 72                  119 	ld	(hl),d
   0037 E8 05               120 	lda	sp,5(sp)
                            121 ;	genAssign
                            122 ;	(operands are equal 4)
                            123 ;	_modulong.c 342
                            124 ;	genCmpGt
                            125 ;	AOP_STK for 
                            126 ;	AOP_STK for 
   0039 F8 05               127 	lda	hl,5(sp)
   003B 54                  128 	ld	d,h
   003C 5D                  129 	ld	e,l
   003D F8 09               130 	lda	hl,9(sp)
   003F 1A                  131 	ld	a,(de)
   0040 96                  132 	sub	a,(hl)
   0041 23                  133 	inc	hl
   0042 13                  134 	inc	de
   0043 1A                  135 	ld	a,(de)
   0044 9E                  136 	sbc	a,(hl)
   0045 23                  137 	inc	hl
   0046 13                  138 	inc	de
   0047 1A                  139 	ld	a,(de)
   0048 9E                  140 	sbc	a,(hl)
   0049 23                  141 	inc	hl
   004A 13                  142 	inc	de
   004B 1A                  143 	ld	a,(de)
   004C 9E                  144 	sbc	a,(hl)
   004D D2r73s00            145 	jp	nc,00102$
                            146 ;	_modulong.c 344
                            147 ;	genIpush
                            148 ; _saveRegsForCall: sendSetSize: 0 deInUse: 0 bcInUse: 0 deSending: 0
   0050 3E 01               149 	ld	a,#0x01
   0052 F5                  150 	push	af
   0053 33                  151 	inc	sp
                            152 ;	genIpush
                            153 ;	AOP_STK for 
   0054 F8 0C               154 	lda	hl,12(sp)
   0056 2A                  155 	ld	a,(hl+)
   0057 66                  156 	ld	h,(hl)
   0058 6F                  157 	ld	l,a
   0059 E5                  158 	push	hl
   005A F8 0C               159 	lda	hl,12(sp)
   005C 2A                  160 	ld	a,(hl+)
   005D 66                  161 	ld	h,(hl)
   005E 6F                  162 	ld	l,a
   005F E5                  163 	push	hl
                            164 ;	genCall
   0060 CDr00s00            165 	call	__rrulong_rrx_s
                            166 ;	AOP_STK for 
   0063 E5                  167 	push	hl
   0064 F8 10               168 	lda	hl,16(sp)
   0066 73                  169 	ld	(hl),e
   0067 23                  170 	inc	hl
   0068 72                  171 	ld	(hl),d
   0069 D1                  172 	pop	de
   006A 23                  173 	inc	hl
   006B 73                  174 	ld	(hl),e
   006C 23                  175 	inc	hl
   006D 72                  176 	ld	(hl),d
   006E E8 05               177 	lda	sp,5(sp)
                            178 ;	genAssign
                            179 ;	(operands are equal 4)
                            180 ;	_modulong.c 345
                            181 ;	genGoto
   0070 C3r7Cs00            182 	jp	00117$
                            183 ;	genLabel
   0073                     184 00102$:
                            185 ;	_modulong.c 347
                            186 ;	genPlus
                            187 ;	AOP_STK for __modulong_sloc1_1_0
                            188 ;	genPlusIncr
   0073 F8 00               189 	lda	hl,0(sp)
   0075 34                  190 	inc	(hl)
                            191 ;	genAssign
                            192 ;	AOP_STK for __modulong_sloc1_1_0
                            193 ;	AOP_STK for __modulong_count_1_1
   0076 2A                  194 	ld	a,(hl+)
   0077 23                  195 	inc	hl
   0078 77                  196 	ld	(hl),a
                            197 ;	genGoto
   0079 C3r0As00            198 	jp	00103$
                            199 ;	_modulong.c 349
                            200 ;	genLabel
   007C                     201 00117$:
                            202 ;	genAssign
                            203 ;	AOP_STK for __modulong_count_1_1
   007C F8 02               204 	lda	hl,2(sp)
   007E 4E                  205 	ld	c,(hl)
                            206 ;	genLabel
   007F                     207 00108$:
                            208 ;	_modulong.c 351
                            209 ;	genCmpLt
                            210 ;	AOP_STK for 
                            211 ;	AOP_STK for 
   007F F8 05               212 	lda	hl,5(sp)
   0081 54                  213 	ld	d,h
   0082 5D                  214 	ld	e,l
   0083 F8 09               215 	lda	hl,9(sp)
   0085 1A                  216 	ld	a,(de)
   0086 96                  217 	sub	a,(hl)
   0087 23                  218 	inc	hl
   0088 13                  219 	inc	de
   0089 1A                  220 	ld	a,(de)
   008A 9E                  221 	sbc	a,(hl)
   008B 23                  222 	inc	hl
   008C 13                  223 	inc	de
   008D 1A                  224 	ld	a,(de)
   008E 9E                  225 	sbc	a,(hl)
   008F 23                  226 	inc	hl
   0090 13                  227 	inc	de
   0091 1A                  228 	ld	a,(de)
   0092 9E                  229 	sbc	a,(hl)
   0093 DArBAs00            230 	jp	c,00107$
                            231 ;	_modulong.c 352
                            232 ;	genMinus
                            233 ;	AOP_STK for 
                            234 ;	AOP_STK for 
   0096 F8 05               235 	lda	hl,5(sp)
   0098 5E                  236 	ld	e,(hl)
   0099 23                  237 	inc	hl
   009A 56                  238 	ld	d,(hl)
   009B 7B                  239 	ld	a,e
   009C F8 09               240 	lda	hl,9(sp)
   009E 96                  241 	sub	a,(hl)
   009F 5F                  242 	ld	e,a
   00A0 7A                  243 	ld	a,d
   00A1 23                  244 	inc	hl
   00A2 9E                  245 	sbc	a,(hl)
   00A3 F5                  246 	push	af
   00A4 F8 08               247 	lda	hl,8(sp)
   00A6 32                  248 	ld      (hl-),a
   00A7 73                  249 	ld	(hl),e
   00A8 23                  250 	inc	hl
   00A9 23                  251 	inc	hl
   00AA 5E                  252 	ld	e,(hl)
   00AB 23                  253 	inc	hl
   00AC 56                  254 	ld	d,(hl)
   00AD F8 0D               255 	lda	hl,13(sp)
   00AF F1                  256 	pop	af
   00B0 7B                  257 	ld	a,e
   00B1 9E                  258 	sbc	a,(hl)
   00B2 5F                  259 	ld	e,a
   00B3 7A                  260 	ld	a,d
   00B4 23                  261 	inc	hl
   00B5 9E                  262 	sbc	a,(hl)
   00B6 F8 08               263 	lda	hl,8(sp)
   00B8 32                  264 	ld      (hl-),a
   00B9 73                  265 	ld	(hl),e
                            266 ;	genLabel
   00BA                     267 00107$:
                            268 ;	_modulong.c 353
                            269 ;	genIpush
                            270 ; _saveRegsForCall: sendSetSize: 0 deInUse: 0 bcInUse: 1 deSending: 0
   00BA C5                  271 	push	bc
   00BB 3E 01               272 	ld	a,#0x01
   00BD F5                  273 	push	af
   00BE 33                  274 	inc	sp
                            275 ;	genIpush
                            276 ;	AOP_STK for 
   00BF F8 0E               277 	lda	hl,14(sp)
   00C1 2A                  278 	ld	a,(hl+)
   00C2 66                  279 	ld	h,(hl)
   00C3 6F                  280 	ld	l,a
   00C4 E5                  281 	push	hl
   00C5 F8 0E               282 	lda	hl,14(sp)
   00C7 2A                  283 	ld	a,(hl+)
   00C8 66                  284 	ld	h,(hl)
   00C9 6F                  285 	ld	l,a
   00CA E5                  286 	push	hl
                            287 ;	genCall
   00CB CDr00s00            288 	call	__rrulong_rrx_s
                            289 ;	AOP_STK for 
   00CE E5                  290 	push	hl
   00CF F8 12               291 	lda	hl,18(sp)
   00D1 73                  292 	ld	(hl),e
   00D2 23                  293 	inc	hl
   00D3 72                  294 	ld	(hl),d
   00D4 D1                  295 	pop	de
   00D5 23                  296 	inc	hl
   00D6 73                  297 	ld	(hl),e
   00D7 23                  298 	inc	hl
   00D8 72                  299 	ld	(hl),d
   00D9 E8 05               300 	lda	sp,5(sp)
   00DB E1                  301 	pop	hl
   00DC 4D                  302 	ld	c,l
                            303 ;	genAssign
                            304 ;	(operands are equal 4)
                            305 ;	_modulong.c 355
                            306 ;	genAssign
   00DD 41                  307 	ld	b,c
                            308 ;	genMinus
   00DE 0D                  309 	dec	c
                            310 ;	genIfx
   00DF AF                  311 	xor	a,a
   00E0 B0                  312 	or	a,b
   00E1 C2r7Fs00            313 	jp	nz,00108$
                            314 ;	_modulong.c 357
                            315 ;	genRet
                            316 ;	AOP_STK for 
   00E4 F8 05               317 	lda	hl,5(sp)
   00E6 5E                  318 	ld	e,(hl)
   00E7 23                  319 	inc	hl
   00E8 56                  320 	ld	d,(hl)
   00E9 23                  321 	inc	hl
   00EA 2A                  322 	ld	a,(hl+)
   00EB 66                  323 	ld	h,(hl)
   00EC 6F                  324 	ld	l,a
                            325 ;	genLabel
   00ED                     326 00111$:
                            327 ;	genEndFunction
   00ED E8 03               328 	lda	sp,3(sp)
   00EF C9                  329 	ret
   00F0                     330 ____modulong_end:
                            331 	.area _CODE
