                              1 ;--------------------------------------------------------
                              2 ; File Created by SDCC : FreeWare ANSI-C Compiler
                              3 ; Version 2.3.1 Wed Sep 04 21:56:21 2019
                              4 
                              5 ;--------------------------------------------------------
                              6 	.module _modslong
                              7 	
                              8 ;--------------------------------------------------------
                              9 ; Public variables in this module
                             10 ;--------------------------------------------------------
                             11 	.globl __modslong
                             12 ;--------------------------------------------------------
                             13 ; special function registers
                             14 ;--------------------------------------------------------
                             15 ;--------------------------------------------------------
                             16 ; special function bits 
                             17 ;--------------------------------------------------------
                             18 ;--------------------------------------------------------
                             19 ; internal ram data
                             20 ;--------------------------------------------------------
                             21 	.area _DATA
                             22 ;--------------------------------------------------------
                             23 ; overlayable items in internal ram 
                             24 ;--------------------------------------------------------
                             25 	.area _OVERLAY
                             26 ;--------------------------------------------------------
                             27 ; indirectly addressable internal ram data
                             28 ;--------------------------------------------------------
                             29 	.area _ISEG
                             30 ;--------------------------------------------------------
                             31 ; bit data
                             32 ;--------------------------------------------------------
                             33 	.area _BSEG
                             34 ;--------------------------------------------------------
                             35 ; external ram data
                             36 ;--------------------------------------------------------
                             37 	.area _XSEG
                             38 ;--------------------------------------------------------
                             39 ; global & static initialisations
                             40 ;--------------------------------------------------------
                             41 	.area _GSINIT
                             42 	.area _GSFINAL
                             43 	.area _GSINIT
                             44 ;--------------------------------------------------------
                             45 ; Home
                             46 ;--------------------------------------------------------
                             47 	.area _HOME
                             48 	.area _CODE
                             49 ;--------------------------------------------------------
                             50 ; code
                             51 ;--------------------------------------------------------
                             52 	.area _CODE
                             53 ;	_modslong.c 257
                             54 ;	genLabel
                             55 ;	genFunction
                             56 ;	---------------------------------
                             57 ; Function _modslong
                             58 ; ---------------------------------
   0000                      59 ____modslong_start:
   0000                      60 __modslong:
   0000 E8 EE                61 	lda	sp,-18(sp)
                             62 ;	_modslong.c 262
                             63 ;	genCmpLt
                             64 ;	AOP_STK for 
                             65 ;	AOP_STK for __modslong_sloc4_1_0
   0002 F8 1B                66 	lda	hl,27(sp)
   0004 7E                   67 	ld	a,(hl)
   0005 CB 07                68 	rlc	a
   0007 3E 00                69 	ld	a,#0x00
   0009 17                   70 	rla
   000A F8 00                71 	lda	hl,0(sp)
   000C 77                   72 	ld	(hl),a
                             73 ;	genIfx
                             74 ;	AOP_STK for __modslong_sloc4_1_0
   000D AF                   75 	xor	a,a
   000E B6                   76 	or	a,(hl)
   000F CAr35s00             77 	jp	z,00106$
                             78 ;	genUminus
                             79 ;	AOP_STK for 
                             80 ;	AOP_STK for __modslong_sloc0_1_0
   0012 11 00 00             81 	ld      de,#0x0000
   0015 7B                   82 	ld	a,e
   0016 F8 18                83 	lda	hl,24(sp)
   0018 96                   84 	sub	a,(hl)
   0019 5F                   85 	ld	e,a
   001A 7A                   86 	ld	a,d
   001B 23                   87 	inc	hl
   001C 9E                   88 	sbc	a,(hl)
   001D F5                   89 	push	af
   001E F8 0D                90 	lda	hl,13(sp)
   0020 32                   91 	ld      (hl-),a
   0021 73                   92 	ld	(hl),e
   0022 11 00 00             93 	ld      de,#0x0000
   0025 F8 1C                94 	lda	hl,28(sp)
   0027 F1                   95 	pop	af
   0028 7B                   96 	ld	a,e
   0029 9E                   97 	sbc	a,(hl)
   002A 5F                   98 	ld	e,a
   002B 7A                   99 	ld	a,d
   002C 23                  100 	inc	hl
   002D 9E                  101 	sbc	a,(hl)
   002E F8 0D               102 	lda	hl,13(sp)
   0030 32                  103 	ld      (hl-),a
   0031 73                  104 	ld	(hl),e
                            105 ;	genGoto
   0032 C3r46s00            106 	jp	00107$
                            107 ;	genLabel
   0035                     108 00106$:
                            109 ;	genAssign
                            110 ;	AOP_STK for 
                            111 ;	AOP_STK for __modslong_sloc0_1_0
   0035 F8 18               112 	lda	hl,24(sp)
   0037 54                  113 	ld	d,h
   0038 5D                  114 	ld	e,l
   0039 F8 0A               115 	lda	hl,10(sp)
   003B 1A                  116 	ld	a,(de)
   003C 22                  117 	ld	(hl+),a
   003D 13                  118 	inc	de
   003E 1A                  119 	ld	a,(de)
   003F 22                  120 	ld	(hl+),a
   0040 13                  121 	inc	de
   0041 1A                  122 	ld	a,(de)
   0042 22                  123 	ld	(hl+),a
   0043 13                  124 	inc	de
   0044 1A                  125 	ld	a,(de)
   0045 77                  126 	ld	(hl),a
                            127 ;	genLabel
   0046                     128 00107$:
                            129 ;	genAssign
                            130 ;	AOP_STK for __modslong_sloc0_1_0
                            131 ;	AOP_STK for __modslong_sloc1_1_0
   0046 F8 0A               132 	lda	hl,10(sp)
   0048 54                  133 	ld	d,h
   0049 5D                  134 	ld	e,l
   004A F8 06               135 	lda	hl,6(sp)
   004C 1A                  136 	ld	a,(de)
   004D 22                  137 	ld	(hl+),a
   004E 13                  138 	inc	de
   004F 1A                  139 	ld	a,(de)
   0050 22                  140 	ld	(hl+),a
   0051 13                  141 	inc	de
   0052 1A                  142 	ld	a,(de)
   0053 22                  143 	ld	(hl+),a
   0054 13                  144 	inc	de
   0055 1A                  145 	ld	a,(de)
   0056 77                  146 	ld	(hl),a
                            147 ;	_modslong.c 261
                            148 ;	genCmpLt
                            149 ;	AOP_STK for 
                            150 ;	AOP_STK for __modslong_sloc3_1_0
   0057 F8 17               151 	lda	hl,23(sp)
   0059 7E                  152 	ld	a,(hl)
   005A CB 07               153 	rlc	a
   005C 3E 00               154 	ld	a,#0x00
   005E 17                  155 	rla
   005F F8 01               156 	lda	hl,1(sp)
   0061 77                  157 	ld	(hl),a
                            158 ;	genIfx
                            159 ;	AOP_STK for __modslong_sloc3_1_0
   0062 AF                  160 	xor	a,a
   0063 B6                  161 	or	a,(hl)
   0064 CAr8As00            162 	jp	z,00108$
                            163 ;	genUminus
                            164 ;	AOP_STK for 
                            165 ;	AOP_STK for __modslong_sloc0_1_0
   0067 11 00 00            166 	ld      de,#0x0000
   006A 7B                  167 	ld	a,e
   006B F8 14               168 	lda	hl,20(sp)
   006D 96                  169 	sub	a,(hl)
   006E 5F                  170 	ld	e,a
   006F 7A                  171 	ld	a,d
   0070 23                  172 	inc	hl
   0071 9E                  173 	sbc	a,(hl)
   0072 F5                  174 	push	af
   0073 F8 0D               175 	lda	hl,13(sp)
   0075 32                  176 	ld      (hl-),a
   0076 73                  177 	ld	(hl),e
   0077 11 00 00            178 	ld      de,#0x0000
   007A F8 18               179 	lda	hl,24(sp)
   007C F1                  180 	pop	af
   007D 7B                  181 	ld	a,e
   007E 9E                  182 	sbc	a,(hl)
   007F 5F                  183 	ld	e,a
   0080 7A                  184 	ld	a,d
   0081 23                  185 	inc	hl
   0082 9E                  186 	sbc	a,(hl)
   0083 F8 0D               187 	lda	hl,13(sp)
   0085 32                  188 	ld      (hl-),a
   0086 73                  189 	ld	(hl),e
                            190 ;	genGoto
   0087 C3r9Bs00            191 	jp	00109$
                            192 ;	genLabel
   008A                     193 00108$:
                            194 ;	genAssign
                            195 ;	AOP_STK for 
                            196 ;	AOP_STK for __modslong_sloc0_1_0
   008A F8 14               197 	lda	hl,20(sp)
   008C 54                  198 	ld	d,h
   008D 5D                  199 	ld	e,l
   008E F8 0A               200 	lda	hl,10(sp)
   0090 1A                  201 	ld	a,(de)
   0091 22                  202 	ld	(hl+),a
   0092 13                  203 	inc	de
   0093 1A                  204 	ld	a,(de)
   0094 22                  205 	ld	(hl+),a
   0095 13                  206 	inc	de
   0096 1A                  207 	ld	a,(de)
   0097 22                  208 	ld	(hl+),a
   0098 13                  209 	inc	de
   0099 1A                  210 	ld	a,(de)
   009A 77                  211 	ld	(hl),a
                            212 ;	genLabel
   009B                     213 00109$:
                            214 ;	genAssign
                            215 ;	AOP_STK for __modslong_sloc0_1_0
                            216 ;	AOP_STK for __modslong_sloc2_1_0
   009B F8 0A               217 	lda	hl,10(sp)
   009D 54                  218 	ld	d,h
   009E 5D                  219 	ld	e,l
   009F F8 02               220 	lda	hl,2(sp)
   00A1 1A                  221 	ld	a,(de)
   00A2 22                  222 	ld	(hl+),a
   00A3 13                  223 	inc	de
   00A4 1A                  224 	ld	a,(de)
   00A5 22                  225 	ld	(hl+),a
   00A6 13                  226 	inc	de
   00A7 1A                  227 	ld	a,(de)
   00A8 22                  228 	ld	(hl+),a
   00A9 13                  229 	inc	de
   00AA 1A                  230 	ld	a,(de)
   00AB 77                  231 	ld	(hl),a
                            232 ;	genIpush
                            233 ; _saveRegsForCall: sendSetSize: 0 deInUse: 0 bcInUse: 0 deSending: 0
                            234 ;	AOP_STK for __modslong_sloc1_1_0
   00AC F8 08               235 	lda	hl,8(sp)
   00AE 2A                  236 	ld	a,(hl+)
   00AF 66                  237 	ld	h,(hl)
   00B0 6F                  238 	ld	l,a
   00B1 E5                  239 	push	hl
   00B2 F8 08               240 	lda	hl,8(sp)
   00B4 2A                  241 	ld	a,(hl+)
   00B5 66                  242 	ld	h,(hl)
   00B6 6F                  243 	ld	l,a
   00B7 E5                  244 	push	hl
                            245 ;	genIpush
                            246 ;	AOP_STK for __modslong_sloc2_1_0
   00B8 F8 08               247 	lda	hl,8(sp)
   00BA 2A                  248 	ld	a,(hl+)
   00BB 66                  249 	ld	h,(hl)
   00BC 6F                  250 	ld	l,a
   00BD E5                  251 	push	hl
   00BE F8 08               252 	lda	hl,8(sp)
   00C0 2A                  253 	ld	a,(hl+)
   00C1 66                  254 	ld	h,(hl)
   00C2 6F                  255 	ld	l,a
   00C3 E5                  256 	push	hl
                            257 ;	genCall
   00C4 CDr00s00            258 	call	__modulong
                            259 ;	AOP_STK for __modslong_r_1_1
   00C7 E5                  260 	push	hl
   00C8 F8 18               261 	lda	hl,24(sp)
   00CA 73                  262 	ld	(hl),e
   00CB 23                  263 	inc	hl
   00CC 72                  264 	ld	(hl),d
   00CD D1                  265 	pop	de
   00CE 23                  266 	inc	hl
   00CF 73                  267 	ld	(hl),e
   00D0 23                  268 	inc	hl
   00D1 72                  269 	ld	(hl),d
   00D2 E8 08               270 	lda	sp,8(sp)
                            271 ;	genAssign
                            272 ;	AOP_STK for __modslong_r_1_1
                            273 ;	(registers are the same)
                            274 ;	_modslong.c 263
                            275 ;	genXor
                            276 ;	AOP_STK for __modslong_sloc3_1_0
                            277 ;	AOP_STK for __modslong_sloc4_1_0
   00D4 F8 00               278 	lda	hl,0(sp)
   00D6 2A                  279 	ld	a,(hl+)
   00D7 AE                  280 	xor	a,(hl)
                            281 ;	genIfx
   00D8 B7                  282 	or	a,a
   00D9 CAr08s01            283 	jp	z,00102$
                            284 ;	_modslong.c 264
                            285 ;	genUminus
                            286 ;	AOP_STK for __modslong_r_1_1
                            287 ;	AOP_STK for __modslong_sloc2_1_0
   00DC 11 00 00            288 	ld      de,#0x0000
   00DF 7B                  289 	ld	a,e
   00E0 F8 0E               290 	lda	hl,14(sp)
   00E2 96                  291 	sub	a,(hl)
   00E3 5F                  292 	ld	e,a
   00E4 7A                  293 	ld	a,d
   00E5 23                  294 	inc	hl
   00E6 9E                  295 	sbc	a,(hl)
   00E7 F5                  296 	push	af
   00E8 F8 05               297 	lda	hl,5(sp)
   00EA 32                  298 	ld      (hl-),a
   00EB 73                  299 	ld	(hl),e
   00EC 11 00 00            300 	ld      de,#0x0000
   00EF F8 12               301 	lda	hl,18(sp)
   00F1 F1                  302 	pop	af
   00F2 7B                  303 	ld	a,e
   00F3 9E                  304 	sbc	a,(hl)
   00F4 5F                  305 	ld	e,a
   00F5 7A                  306 	ld	a,d
   00F6 23                  307 	inc	hl
   00F7 9E                  308 	sbc	a,(hl)
   00F8 F8 05               309 	lda	hl,5(sp)
   00FA 32                  310 	ld      (hl-),a
   00FB 73                  311 	ld	(hl),e
                            312 ;	genRet
                            313 ;	AOP_STK for __modslong_sloc2_1_0
   00FC 2B                  314 	dec	hl
   00FD 2B                  315 	dec	hl
   00FE 5E                  316 	ld	e,(hl)
   00FF 23                  317 	inc	hl
   0100 56                  318 	ld	d,(hl)
   0101 23                  319 	inc	hl
   0102 2A                  320 	ld	a,(hl+)
   0103 66                  321 	ld	h,(hl)
   0104 6F                  322 	ld	l,a
   0105 C3r11s01            323 	jp	00104$
                            324 ;	genLabel
   0108                     325 00102$:
                            326 ;	_modslong.c 266
                            327 ;	genRet
                            328 ;	AOP_STK for __modslong_r_1_1
   0108 F8 0E               329 	lda	hl,14(sp)
   010A 5E                  330 	ld	e,(hl)
   010B 23                  331 	inc	hl
   010C 56                  332 	ld	d,(hl)
   010D 23                  333 	inc	hl
   010E 2A                  334 	ld	a,(hl+)
   010F 66                  335 	ld	h,(hl)
   0110 6F                  336 	ld	l,a
                            337 ;	genLabel
   0111                     338 00104$:
                            339 ;	genEndFunction
   0111 E8 12               340 	lda	sp,18(sp)
   0113 C9                  341 	ret
   0114                     342 ____modslong_end:
                            343 	.area _CODE
