                              1 ;--------------------------------------------------------
                              2 ; File Created by SDCC : FreeWare ANSI-C Compiler
                              3 ; Version 2.3.1 Wed Sep 04 21:56:16 2019
                              4 
                              5 ;--------------------------------------------------------
                              6 	.module isspace
                              7 	
                              8 ;--------------------------------------------------------
                              9 ; Public variables in this module
                             10 ;--------------------------------------------------------
                             11 	.globl _isspace
                             12 ;--------------------------------------------------------
                             13 ; special function registers
                             14 ;--------------------------------------------------------
                             15 ;--------------------------------------------------------
                             16 ; special function bits 
                             17 ;--------------------------------------------------------
                             18 ;--------------------------------------------------------
                             19 ; internal ram data
                             20 ;--------------------------------------------------------
                             21 	.area _DATA
                             22 ;--------------------------------------------------------
                             23 ; overlayable items in internal ram 
                             24 ;--------------------------------------------------------
                             25 	.area _OVERLAY
                             26 ;--------------------------------------------------------
                             27 ; indirectly addressable internal ram data
                             28 ;--------------------------------------------------------
                             29 	.area _ISEG
                             30 ;--------------------------------------------------------
                             31 ; bit data
                             32 ;--------------------------------------------------------
                             33 	.area _BSEG
                             34 ;--------------------------------------------------------
                             35 ; external ram data
                             36 ;--------------------------------------------------------
                             37 	.area _XSEG
                             38 ;--------------------------------------------------------
                             39 ; global & static initialisations
                             40 ;--------------------------------------------------------
                             41 	.area _GSINIT
                             42 	.area _GSFINAL
                             43 	.area _GSINIT
                             44 ;--------------------------------------------------------
                             45 ; Home
                             46 ;--------------------------------------------------------
                             47 	.area _HOME
                             48 	.area _CODE
                             49 ;--------------------------------------------------------
                             50 ; code
                             51 ;--------------------------------------------------------
                             52 	.area _CODE
                             53 ;	isspace.c 3
                             54 ;	genLabel
                             55 ;	genFunction
                             56 ;	---------------------------------
                             57 ; Function isspace
                             58 ; ---------------------------------
   0000                      59 ___isspace_start:
   0000                      60 _isspace:
                             61 	
                             62 ;	isspace.c 5
                             63 ;	genCmpEq
                             64 ;	AOP_STK for 
                             65 ; genCmpEq: left 1, right 1, result 0
   0000 F8 02                66 	lda	hl,2(sp)
   0002 7E                   67 	ld	a,(hl)
   0003 FE 20                68 	cp	a,#0x20
   0005 CAr1Ds00             69 	jp	z,00101$
   0008                      70 00110$:
                             71 ;	genCmpEq
                             72 ;	AOP_STK for 
                             73 ; genCmpEq: left 1, right 1, result 0
   0008 F8 02                74 	lda	hl,2(sp)
   000A 7E                   75 	ld	a,(hl)
   000B FE 09                76 	cp	a,#0x09
   000D CAr1Ds00             77 	jp	z,00101$
   0010                      78 00111$:
                             79 ;	genCmpEq
                             80 ;	AOP_STK for 
                             81 ; genCmpEq: left 1, right 1, result 0
   0010 F8 02                82 	lda	hl,2(sp)
   0012 7E                   83 	ld	a,(hl)
   0013 FE 0A                84 	cp	a,#0x0A
   0015 C2r22s00             85 	jp	nz,00102$
   0018 18 03                86 	jr	00113$
   001A                      87 00112$:
   001A C3r22s00             88 	jp	00102$
   001D                      89 00113$:
                             90 ;	genLabel
   001D                      91 00101$:
                             92 ;	isspace.c 6
                             93 ;	genRet
   001D 1E 01                94 	ld	e,#0x01
   001F C3r24s00             95 	jp	00106$
                             96 ;	genLabel
   0022                      97 00102$:
                             98 ;	isspace.c 8
                             99 ;	genRet
   0022 1E 00               100 	ld	e,#0x00
                            101 ;	genLabel
   0024                     102 00106$:
                            103 ;	genEndFunction
                            104 	
   0024 C9                  105 	ret
   0025                     106 ___isspace_end:
                            107 	.area _CODE
