                              1 ;--------------------------------------------------------
                              2 ; File Created by SDCC : FreeWare ANSI-C Compiler
                              3 ; Version 2.3.1 Wed Sep 04 21:56:17 2019
                              4 
                              5 ;--------------------------------------------------------
                              6 	.module itoa
                              7 	
                              8 ;--------------------------------------------------------
                              9 ; Public variables in this module
                             10 ;--------------------------------------------------------
                             11 	.globl _itoa
                             12 ;--------------------------------------------------------
                             13 ; special function registers
                             14 ;--------------------------------------------------------
                             15 ;--------------------------------------------------------
                             16 ; special function bits 
                             17 ;--------------------------------------------------------
                             18 ;--------------------------------------------------------
                             19 ; internal ram data
                             20 ;--------------------------------------------------------
                             21 	.area _DATA
                             22 ;--------------------------------------------------------
                             23 ; overlayable items in internal ram 
                             24 ;--------------------------------------------------------
                             25 	.area _OVERLAY
                             26 ;--------------------------------------------------------
                             27 ; indirectly addressable internal ram data
                             28 ;--------------------------------------------------------
                             29 	.area _ISEG
                             30 ;--------------------------------------------------------
                             31 ; bit data
                             32 ;--------------------------------------------------------
                             33 	.area _BSEG
                             34 ;--------------------------------------------------------
                             35 ; external ram data
                             36 ;--------------------------------------------------------
                             37 	.area _XSEG
                             38 ;--------------------------------------------------------
                             39 ; global & static initialisations
                             40 ;--------------------------------------------------------
                             41 	.area _GSINIT
                             42 	.area _GSFINAL
                             43 	.area _GSINIT
                             44 ;--------------------------------------------------------
                             45 ; Home
                             46 ;--------------------------------------------------------
                             47 	.area _HOME
                             48 	.area _CODE
                             49 ;--------------------------------------------------------
                             50 ; code
                             51 ;--------------------------------------------------------
                             52 	.area _CODE
                             53 ;	itoa.c 5
                             54 ;	genLabel
                             55 ;	genFunction
                             56 ;	---------------------------------
                             57 ; Function itoa
                             58 ; ---------------------------------
   0000                      59 ___itoa_start:
   0000                      60 _itoa:
   0000 E8 F8                61 	lda	sp,-8(sp)
                             62 ;	itoa.c 9
                             63 ;	genCmpLt
                             64 ;	AOP_STK for 
   0002 F8 0B                65 	lda	hl,11(sp)
   0004 7E                   66 	ld	a,(hl)
   0005 CB 7F                67 	bit	7,a
   0007 CAr1Cs00             68 	jp	z,00102$
                             69 ;	itoa.c 10
                             70 ;	genAssign
                             71 ;	AOP_STK for _itoa_sign_1_1
   000A F8 06                72 	lda	hl,6(sp)
   000C 36 01                73 	ld	(hl),#0x01
                             74 ;	itoa.c 11
                             75 ;	genUminus
                             76 ;	AOP_STK for 
   000E AF                   77 	xor	a,a
   000F F8 0A                78 	lda	hl,10(sp)
   0011 3E 00                79 	ld	a,#0x00
   0013 9E                   80 	sbc	a,(hl)
   0014 22                   81 	ld	(hl+),a
   0015 3E 00                82 	ld	a,#0x00
   0017 9E                   83 	sbc	a,(hl)
   0018 77                   84 	ld	(hl),a
                             85 ;	genGoto
   0019 C3r20s00             86 	jp	00112$
                             87 ;	genLabel
   001C                      88 00102$:
                             89 ;	itoa.c 13
                             90 ;	genAssign
                             91 ;	AOP_STK for _itoa_sign_1_1
   001C F8 06                92 	lda	hl,6(sp)
   001E 36 00                93 	ld	(hl),#0x00
                             94 ;	itoa.c 15
                             95 ;	genLabel
   0020                      96 00112$:
                             97 ;	genAssign
   0020 06 00                98 	ld	b,#0x00
                             99 ;	genLabel
   0022                     100 00104$:
                            101 ;	itoa.c 16
                            102 ;	genAssign
   0022 48                  103 	ld	c,b
                            104 ;	genPlus
                            105 ;	genPlusIncr
                            106 ; Removed redundent load
   0023 04                  107 	inc	b
                            108 ;	genAssign
                            109 ;	AOP_STK for _itoa_i_1_1
   0024 F8 07               110 	lda	hl,7(sp)
   0026 70                  111 	ld	(hl),b
                            112 ;	genPlus
                            113 ;	AOP_STK for 
                            114 ;	AOP_STK for _itoa_sloc0_1_0
                            115 ;	Can't optimise plus by inc, falling back to the normal way
   0027 F8 0C               116 	lda	hl,12(sp)
   0029 5E                  117 	ld	e,(hl)
   002A 23                  118 	inc	hl
   002B 56                  119 	ld	d,(hl)
   002C 69                  120 	ld	l,c
   002D 26 00               121 	ld	h,#0x00
   002F 19                  122 	add	hl,de
   0030 7D                  123 	ld	a,l
   0031 54                  124 	ld	d,h
   0032 F8 04               125 	lda	hl,4(sp)
   0034 22                  126 	ld	(hl+),a
   0035 72                  127 	ld	(hl),d
                            128 ;	genIpush
                            129 ; _saveRegsForCall: sendSetSize: 0 deInUse: 0 bcInUse: 1 deSending: 0
   0036 C5                  130 	push	bc
   0037 21 0A 00            131 	ld	hl,#0x000A
   003A E5                  132 	push	hl
                            133 ;	genIpush
                            134 ;	AOP_STK for 
   003B F8 0E               135 	lda	hl,14(sp)
   003D 2A                  136 	ld	a,(hl+)
   003E 66                  137 	ld	h,(hl)
   003F 6F                  138 	ld	l,a
   0040 E5                  139 	push	hl
                            140 ;	genCall
   0041 CDr00s00            141 	call	__modsint_rrx_s
                            142 ;	AOP_STK for _itoa_sloc1_1_0
   0044 F8 09               143 	lda	hl,9(sp)
   0046 72                  144 	ld	(hl),d
   0047 2B                  145 	dec	hl
   0048 73                  146 	ld	(hl),e
   0049 E8 04               147 	lda	sp,4(sp)
   004B E1                  148 	pop	hl
   004C 44                  149 	ld	b,h
                            150 ;	genPlus
                            151 ;	AOP_STK for _itoa_sloc1_1_0
                            152 ;	AOP_STK for _itoa_sloc2_1_0
                            153 ;	genPlusIncr
                            154 ;	Can't optimise plus by inc, falling back to the normal way
   004D F8 02               155 	lda	hl,2(sp)
   004F 5E                  156 	ld	e,(hl)
   0050 23                  157 	inc	hl
   0051 56                  158 	ld	d,(hl)
   0052 21 30 00            159 	ld	hl,#0x0030
   0055 19                  160 	add	hl,de
   0056 7D                  161 	ld	a,l
   0057 54                  162 	ld	d,h
   0058 F8 00               163 	lda	hl,0(sp)
   005A 22                  164 	ld	(hl+),a
   005B 72                  165 	ld	(hl),d
                            166 ;	genCast
                            167 ;	AOP_STK for _itoa_sloc2_1_0
   005C 2B                  168 	dec	hl
   005D 7E                  169 	ld	a,(hl)
                            170 ;	genAssign (pointer)
                            171 ;	AOP_STK for _itoa_sloc0_1_0
   005E F8 04               172 	lda	hl,4(sp)
   0060 5E                  173 	ld	e,(hl)
   0061 23                  174 	inc	hl
   0062 56                  175 	ld	d,(hl)
   0063 12                  176 	ld	(de),a
                            177 ;	itoa.c 17
                            178 ;	genIpush
                            179 ; _saveRegsForCall: sendSetSize: 0 deInUse: 0 bcInUse: 1 deSending: 0
   0064 C5                  180 	push	bc
   0065 21 0A 00            181 	ld	hl,#0x000A
   0068 E5                  182 	push	hl
                            183 ;	genIpush
                            184 ;	AOP_STK for 
   0069 F8 0E               185 	lda	hl,14(sp)
   006B 2A                  186 	ld	a,(hl+)
   006C 66                  187 	ld	h,(hl)
   006D 6F                  188 	ld	l,a
   006E E5                  189 	push	hl
                            190 ;	genCall
   006F CDr00s00            191 	call	__divsint_rrx_s
                            192 ;	AOP_STK for 
   0072 F8 11               193 	lda	hl,17(sp)
   0074 72                  194 	ld	(hl),d
   0075 2B                  195 	dec	hl
   0076 73                  196 	ld	(hl),e
   0077 E8 04               197 	lda	sp,4(sp)
   0079 E1                  198 	pop	hl
   007A 44                  199 	ld	b,h
                            200 ;	genAssign
                            201 ;	(operands are equal 4)
                            202 ;	genCmpGt
                            203 ;	AOP_STK for 
   007B 1E 80               204 	ld	e,#0x80
   007D F8 0B               205 	lda	hl,11(sp)
   007F 7E                  206 	ld	a,(hl)
   0080 EE 80               207 	xor	a,#0x80
   0082 57                  208 	ld	d,a
   0083 3E 00               209 	ld	a,#0x00
   0085 2B                  210 	dec	hl
   0086 96                  211 	sub	a,(hl)
   0087 7B                  212 	ld	a,e
   0088 9A                  213 	sbc	a,d
   0089 DAr22s00            214 	jp	c,00104$
                            215 ;	itoa.c 18
                            216 ;	genIfx
                            217 ;	AOP_STK for _itoa_sign_1_1
   008C AF                  218 	xor	a,a
   008D F8 06               219 	lda	hl,6(sp)
   008F B6                  220 	or	a,(hl)
   0090 CArA8s00            221 	jp	z,00108$
                            222 ;	itoa.c 19
                            223 ;	genPlus
                            224 ;	AOP_STK for _itoa_i_1_1
                            225 ;	genPlusIncr
                            226 ;	Can't optimise plus by inc, falling back to the normal way
   0093 78                  227 	ld	a,b
   0094 C6 01               228 	add	a,#0x01
   0096 23                  229 	inc	hl
   0097 77                  230 	ld	(hl),a
                            231 ;	genPlus
                            232 ;	AOP_STK for 
                            233 ;	Can't optimise plus by inc, falling back to the normal way
   0098 F8 0C               234 	lda	hl,12(sp)
   009A 5E                  235 	ld	e,(hl)
   009B 23                  236 	inc	hl
   009C 56                  237 	ld	d,(hl)
   009D 68                  238 	ld	l,b
   009E 26 00               239 	ld	h,#0x00
   00A0 19                  240 	add	hl,de
   00A1 45                  241 	ld	b,l
   00A2 4C                  242 	ld	c,h
                            243 ;	genAssign (pointer)
   00A3 58                  244 	ld	e,b
   00A4 51                  245 	ld	d,c
   00A5 3E 2D               246 	ld	a,#0x2D
   00A7 12                  247 	ld	(de),a
                            248 ;	genLabel
   00A8                     249 00108$:
                            250 ;	itoa.c 20
                            251 ;	genPlus
                            252 ;	AOP_STK for 
                            253 ;	AOP_STK for _itoa_i_1_1
                            254 ;	Can't optimise plus by inc, falling back to the normal way
   00A8 F8 0C               255 	lda	hl,12(sp)
   00AA 5E                  256 	ld	e,(hl)
   00AB 23                  257 	inc	hl
   00AC 56                  258 	ld	d,(hl)
   00AD F8 07               259 	lda	hl,7(sp)
   00AF 6E                  260 	ld	l,(hl)
   00B0 26 00               261 	ld	h,#0x00
   00B2 19                  262 	add	hl,de
   00B3 4D                  263 	ld	c,l
   00B4 44                  264 	ld	b,h
                            265 ;	genAssign (pointer)
   00B5 3E 00               266 	ld	a,#0x00
   00B7 02                  267 	ld	(bc),a
                            268 ;	itoa.c 21
                            269 ;	genIpush
                            270 ; _saveRegsForCall: sendSetSize: 0 deInUse: 0 bcInUse: 0 deSending: 0
                            271 ;	AOP_STK for 
   00B8 F8 0C               272 	lda	hl,12(sp)
   00BA 2A                  273 	ld	a,(hl+)
   00BB 66                  274 	ld	h,(hl)
   00BC 6F                  275 	ld	l,a
   00BD E5                  276 	push	hl
                            277 ;	genCall
   00BE CDr00s00            278 	call	_reverse
   00C1 E8 02               279 	lda	sp,2(sp)
                            280 ;	itoa.c 22
                            281 ;	genRet
                            282 ;	AOP_STK for 
   00C3 F8 0C               283 	lda	hl,12(sp)
   00C5 5E                  284 	ld	e,(hl)
   00C6 23                  285 	inc	hl
   00C7 56                  286 	ld	d,(hl)
                            287 ;	genLabel
   00C8                     288 00109$:
                            289 ;	genEndFunction
   00C8 E8 08               290 	lda	sp,8(sp)
   00CA C9                  291 	ret
   00CB                     292 ___itoa_end:
                            293 	.area _CODE
