                              1 ;--------------------------------------------------------
                              2 ; File Created by SDCC : FreeWare ANSI-C Compiler
                              3 ; Version 2.3.1 Wed Sep 04 21:56:17 2019
                              4 
                              5 ;--------------------------------------------------------
                              6 	.module labs
                              7 	
                              8 ;--------------------------------------------------------
                              9 ; Public variables in this module
                             10 ;--------------------------------------------------------
                             11 	.globl _labs
                             12 ;--------------------------------------------------------
                             13 ; special function registers
                             14 ;--------------------------------------------------------
                             15 ;--------------------------------------------------------
                             16 ; special function bits 
                             17 ;--------------------------------------------------------
                             18 ;--------------------------------------------------------
                             19 ; internal ram data
                             20 ;--------------------------------------------------------
                             21 	.area _DATA
                             22 ;--------------------------------------------------------
                             23 ; overlayable items in internal ram 
                             24 ;--------------------------------------------------------
                             25 	.area _OVERLAY
                             26 ;--------------------------------------------------------
                             27 ; indirectly addressable internal ram data
                             28 ;--------------------------------------------------------
                             29 	.area _ISEG
                             30 ;--------------------------------------------------------
                             31 ; bit data
                             32 ;--------------------------------------------------------
                             33 	.area _BSEG
                             34 ;--------------------------------------------------------
                             35 ; external ram data
                             36 ;--------------------------------------------------------
                             37 	.area _XSEG
                             38 ;--------------------------------------------------------
                             39 ; global & static initialisations
                             40 ;--------------------------------------------------------
                             41 	.area _GSINIT
                             42 	.area _GSFINAL
                             43 	.area _GSINIT
                             44 ;--------------------------------------------------------
                             45 ; Home
                             46 ;--------------------------------------------------------
                             47 	.area _HOME
                             48 	.area _CODE
                             49 ;--------------------------------------------------------
                             50 ; code
                             51 ;--------------------------------------------------------
                             52 	.area _CODE
                             53 ;	labs.c 4
                             54 ;	genLabel
                             55 ;	genFunction
                             56 ;	---------------------------------
                             57 ; Function labs
                             58 ; ---------------------------------
   0000                      59 ___labs_start:
   0000                      60 _labs:
   0000 E8 FC                61 	lda	sp,-4(sp)
                             62 ;	labs.c 6
                             63 ;	genCmpLt
                             64 ;	AOP_STK for 
   0002 F8 09                65 	lda	hl,9(sp)
   0004 7E                   66 	ld	a,(hl)
   0005 CB 7F                67 	bit	7,a
   0007 CAr36s00             68 	jp	z,00102$
                             69 ;	labs.c 7
                             70 ;	genUminus
                             71 ;	AOP_STK for 
                             72 ;	AOP_STK for _labs_sloc0_1_0
   000A 11 00 00             73 	ld      de,#0x0000
   000D 7B                   74 	ld	a,e
   000E F8 06                75 	lda	hl,6(sp)
   0010 96                   76 	sub	a,(hl)
   0011 5F                   77 	ld	e,a
   0012 7A                   78 	ld	a,d
   0013 23                   79 	inc	hl
   0014 9E                   80 	sbc	a,(hl)
   0015 F5                   81 	push	af
   0016 F8 03                82 	lda	hl,3(sp)
   0018 32                   83 	ld      (hl-),a
   0019 73                   84 	ld	(hl),e
   001A 11 00 00             85 	ld      de,#0x0000
   001D F8 0A                86 	lda	hl,10(sp)
   001F F1                   87 	pop	af
   0020 7B                   88 	ld	a,e
   0021 9E                   89 	sbc	a,(hl)
   0022 5F                   90 	ld	e,a
   0023 7A                   91 	ld	a,d
   0024 23                   92 	inc	hl
   0025 9E                   93 	sbc	a,(hl)
   0026 F8 03                94 	lda	hl,3(sp)
   0028 32                   95 	ld      (hl-),a
   0029 73                   96 	ld	(hl),e
                             97 ;	genRet
                             98 ;	AOP_STK for _labs_sloc0_1_0
   002A 2B                   99 	dec	hl
   002B 2B                  100 	dec	hl
   002C 5E                  101 	ld	e,(hl)
   002D 23                  102 	inc	hl
   002E 56                  103 	ld	d,(hl)
   002F 23                  104 	inc	hl
   0030 2A                  105 	ld	a,(hl+)
   0031 66                  106 	ld	h,(hl)
   0032 6F                  107 	ld	l,a
   0033 C3r3Fs00            108 	jp	00104$
                            109 ;	genLabel
   0036                     110 00102$:
                            111 ;	labs.c 9
                            112 ;	genRet
                            113 ;	AOP_STK for 
   0036 F8 06               114 	lda	hl,6(sp)
   0038 5E                  115 	ld	e,(hl)
   0039 23                  116 	inc	hl
   003A 56                  117 	ld	d,(hl)
   003B 23                  118 	inc	hl
   003C 2A                  119 	ld	a,(hl+)
   003D 66                  120 	ld	h,(hl)
   003E 6F                  121 	ld	l,a
                            122 ;	genLabel
   003F                     123 00104$:
                            124 ;	genEndFunction
   003F E8 04               125 	lda	sp,4(sp)
   0041 C9                  126 	ret
   0042                     127 ___labs_end:
                            128 	.area _CODE
