                              1 ;--------------------------------------------------------
                              2 ; File Created by SDCC : FreeWare ANSI-C Compiler
                              3 ; Version 2.3.1 Wed Sep 04 21:56:19 2019
                              4 
                              5 ;--------------------------------------------------------
                              6 	.module strcat
                              7 	
                              8 ;--------------------------------------------------------
                              9 ; Public variables in this module
                             10 ;--------------------------------------------------------
                             11 	.globl _strcat
                             12 ;--------------------------------------------------------
                             13 ; special function registers
                             14 ;--------------------------------------------------------
                             15 ;--------------------------------------------------------
                             16 ; special function bits 
                             17 ;--------------------------------------------------------
                             18 ;--------------------------------------------------------
                             19 ; internal ram data
                             20 ;--------------------------------------------------------
                             21 	.area _DATA
                             22 ;--------------------------------------------------------
                             23 ; overlayable items in internal ram 
                             24 ;--------------------------------------------------------
                             25 	.area _OVERLAY
                             26 ;--------------------------------------------------------
                             27 ; indirectly addressable internal ram data
                             28 ;--------------------------------------------------------
                             29 	.area _ISEG
                             30 ;--------------------------------------------------------
                             31 ; bit data
                             32 ;--------------------------------------------------------
                             33 	.area _BSEG
                             34 ;--------------------------------------------------------
                             35 ; external ram data
                             36 ;--------------------------------------------------------
                             37 	.area _XSEG
                             38 ;--------------------------------------------------------
                             39 ; global & static initialisations
                             40 ;--------------------------------------------------------
                             41 	.area _GSINIT
                             42 	.area _GSFINAL
                             43 	.area _GSINIT
                             44 ;--------------------------------------------------------
                             45 ; Home
                             46 ;--------------------------------------------------------
                             47 	.area _HOME
                             48 ;	strcat.c 8
                             49 ;	genLabel
                             50 ;	genFunction
                             51 ;	---------------------------------
                             52 ; Function strcat
                             53 ; ---------------------------------
   0000                      54 ___strcat_start:
   0000                      55 _strcat:
   0000 E8 FD                56 	lda	sp,-3(sp)
                             57 ;	strcat.c 12
                             58 ;	genAssign
                             59 ;	AOP_STK for 
                             60 ;	AOP_STK for _strcat_os1_1_1
   0002 F8 05                61 	lda	hl,5(sp)
   0004 2A                   62 	ld	a,(hl+)
   0005 5E                   63 	ld	e,(hl)
   0006 F8 01                64 	lda	hl,1(sp)
   0008 22                   65 	ld	(hl+),a
   0009 73                   66 	ld	(hl),e
                             67 ;	strcat.c 13
                             68 ;	genLabel
   000A                      69 00101$:
                             70 ;	genAssign
                             71 ;	AOP_STK for 
   000A F8 05                72 	lda	hl,5(sp)
   000C 4E                   73 	ld	c,(hl)
   000D 23                   74 	inc	hl
   000E 46                   75 	ld	b,(hl)
                             76 ;	genPointerGet
                             77 ;	AOP_STK for _strcat_sloc0_1_0
   000F 0A                   78 	ld	a,(bc)
   0010 F8 00                79 	lda	hl,0(sp)
   0012 77                   80 	ld	(hl),a
                             81 ;	genPlus
                             82 ;	genPlusIncr
   0013 03                   83 	inc	bc
                             84 ;	genAssign
                             85 ;	AOP_STK for 
   0014 F8 05                86 	lda	hl,5(sp)
   0016 71                   87 	ld	(hl),c
   0017 23                   88 	inc	hl
   0018 70                   89 	ld	(hl),b
                             90 ;	genIfx
                             91 ;	AOP_STK for _strcat_sloc0_1_0
   0019 AF                   92 	xor	a,a
   001A F8 00                93 	lda	hl,0(sp)
   001C B6                   94 	or	a,(hl)
   001D C2r0As00             95 	jp	nz,00101$
                             96 ;	strcat.c 15
                             97 ;	genMinus
                             98 ;	AOP_STK for 
                             99 ; Removed redundent load
                            100 ; Removed redundent load
   0020 11 01 00            101 	ld	de,#0x0001
   0023 79                  102 	ld	a,c
   0024 93                  103 	sub	a,e
   0025 5F                  104 	ld	e,a
   0026 78                  105 	ld	a,b
   0027 9A                  106 	sbc	a,d
   0028 F8 06               107 	lda	hl,6(sp)
   002A 32                  108 	ld      (hl-),a
   002B 73                  109 	ld	(hl),e
                            110 ;	strcat.c 16
                            111 ;	genAssign
                            112 ;	(operands are equal 3)
                            113 ;	genAssign
                            114 ;	AOP_STK for 
   002C 4E                  115 	ld	c,(hl)
   002D 23                  116 	inc	hl
   002E 46                  117 	ld	b,(hl)
                            118 ;	genLabel
   002F                     119 00104$:
                            120 ;	genPointerGet
                            121 ;	AOP_STK for 
   002F F8 07               122 	lda	hl,7(sp)
   0031 5E                  123 	ld	e,(hl)
   0032 23                  124 	inc	hl
   0033 56                  125 	ld	d,(hl)
   0034 1A                  126 	ld	a,(de)
                            127 ;	genPlus
                            128 ;	AOP_STK for 
                            129 ;	genPlusIncr
   0035 2B                  130 	dec	hl
   0036 34                  131 	inc	(hl)
   0037 20 02               132 	jr	nz,00113$
   0039 23                  133 	inc	hl
   003A 34                  134 	inc	(hl)
   003B                     135 00113$:
                            136 ;	genAssign (pointer)
   003B 02                  137 	ld	(bc),a
                            138 ;	genPlus
                            139 ;	genPlusIncr
   003C 03                  140 	inc	bc
                            141 ;	genIfx
   003D B7                  142 	or	a,a
   003E C2r2Fs00            143 	jp	nz,00104$
                            144 ;	strcat.c 18
                            145 ;	genRet
                            146 ;	AOP_STK for _strcat_os1_1_1
   0041 F8 01               147 	lda	hl,1(sp)
   0043 5E                  148 	ld	e,(hl)
   0044 23                  149 	inc	hl
   0045 56                  150 	ld	d,(hl)
                            151 ;	genLabel
   0046                     152 00107$:
                            153 ;	genEndFunction
   0046 E8 03               154 	lda	sp,3(sp)
   0048 C9                  155 	ret
   0049                     156 ___strcat_end:
                            157 	.area _CODE
                            158 ;--------------------------------------------------------
                            159 ; code
                            160 ;--------------------------------------------------------
                            161 	.area _CODE
                            162 	.area _CODE
