                              1 ;--------------------------------------------------------
                              2 ; File Created by SDCC : FreeWare ANSI-C Compiler
                              3 ; Version 2.3.1 Wed Sep 04 21:56:19 2019
                              4 
                              5 ;--------------------------------------------------------
                              6 	.module strlen
                              7 	
                              8 ;--------------------------------------------------------
                              9 ; Public variables in this module
                             10 ;--------------------------------------------------------
                             11 	.globl _strlen
                             12 ;--------------------------------------------------------
                             13 ; special function registers
                             14 ;--------------------------------------------------------
                             15 ;--------------------------------------------------------
                             16 ; special function bits 
                             17 ;--------------------------------------------------------
                             18 ;--------------------------------------------------------
                             19 ; internal ram data
                             20 ;--------------------------------------------------------
                             21 	.area _DATA
                             22 ;--------------------------------------------------------
                             23 ; overlayable items in internal ram 
                             24 ;--------------------------------------------------------
                             25 	.area _OVERLAY
                             26 ;--------------------------------------------------------
                             27 ; indirectly addressable internal ram data
                             28 ;--------------------------------------------------------
                             29 	.area _ISEG
                             30 ;--------------------------------------------------------
                             31 ; bit data
                             32 ;--------------------------------------------------------
                             33 	.area _BSEG
                             34 ;--------------------------------------------------------
                             35 ; external ram data
                             36 ;--------------------------------------------------------
                             37 	.area _XSEG
                             38 ;--------------------------------------------------------
                             39 ; global & static initialisations
                             40 ;--------------------------------------------------------
                             41 	.area _GSINIT
                             42 	.area _GSFINAL
                             43 	.area _GSINIT
                             44 ;--------------------------------------------------------
                             45 ; Home
                             46 ;--------------------------------------------------------
                             47 	.area _HOME
                             48 ;	strlen.c 5
                             49 ;	genLabel
                             50 ;	genFunction
                             51 ;	---------------------------------
                             52 ; Function strlen
                             53 ; ---------------------------------
   0000                      54 ___strlen_start:
   0000                      55 _strlen:
   0000 E8 FE                56 	lda	sp,-2(sp)
                             57 ;	strlen.c 10
                             58 ;	genAssign
                             59 ;	AOP_STK for _strlen_i_1_1
   0002 F8 00                60 	lda	hl,0(sp)
   0004 36 00                61 	ld	(hl),#0x00
   0006 23                   62 	inc	hl
   0007 36 00                63 	ld	(hl),#0x00
                             64 ;	genAssign
                             65 ;	AOP_STK for 
   0009 F8 04                66 	lda	hl,4(sp)
   000B 4E                   67 	ld	c,(hl)
   000C 23                   68 	inc	hl
   000D 46                   69 	ld	b,(hl)
                             70 ;	genLabel
   000E                      71 00101$:
                             72 ;	genPointerGet
   000E 0A                   73 	ld	a,(bc)
                             74 ;	genPlus
                             75 ;	genPlusIncr
   000F 03                   76 	inc	bc
                             77 ;	genIfx
   0010 B7                   78 	or	a,a
   0011 CAr1Es00             79 	jp	z,00103$
                             80 ;	strlen.c 11
                             81 ;	genPlus
                             82 ;	AOP_STK for _strlen_i_1_1
                             83 ;	genPlusIncr
   0014 F8 00                84 	lda	hl,0(sp)
   0016 34                   85 	inc	(hl)
   0017 20 02                86 	jr	nz,00108$
   0019 23                   87 	inc	hl
   001A 34                   88 	inc	(hl)
   001B                      89 00108$:
                             90 ;	genGoto
   001B C3r0Es00             91 	jp	00101$
                             92 ;	genLabel
   001E                      93 00103$:
                             94 ;	strlen.c 12
                             95 ;	genRet
                             96 ;	AOP_STK for _strlen_i_1_1
   001E F8 00                97 	lda	hl,0(sp)
   0020 5E                   98 	ld	e,(hl)
   0021 23                   99 	inc	hl
   0022 56                  100 	ld	d,(hl)
                            101 ;	genLabel
   0023                     102 00104$:
                            103 ;	genEndFunction
   0023 E8 02               104 	lda	sp,2(sp)
   0025 C9                  105 	ret
   0026                     106 ___strlen_end:
                            107 	.area _CODE
                            108 ;--------------------------------------------------------
                            109 ; code
                            110 ;--------------------------------------------------------
                            111 	.area _CODE
                            112 	.area _CODE
