                              1 ;--------------------------------------------------------
                              2 ; File Created by SDCC : FreeWare ANSI-C Compiler
                              3 ; Version 2.3.1 Mon Oct 15 19:45:43 2018
                              4 
                              5 ;--------------------------------------------------------
                              6 	.module lcc580280
                              7 	
                              8 ;--------------------------------------------------------
                              9 ; Public variables in this module
                             10 ;--------------------------------------------------------
                             11 	.globl _song_effects0
                             12 	.globl _song_effects_Data
                             13 ;--------------------------------------------------------
                             14 ; special function registers
                             15 ;--------------------------------------------------------
                             16 ;--------------------------------------------------------
                             17 ; special function bits 
                             18 ;--------------------------------------------------------
                             19 ;--------------------------------------------------------
                             20 ; internal ram data
                             21 ;--------------------------------------------------------
                             22 	.area _DATA
   0000                      23 _song_effects_Data::
   0000                      24 	.ds 4
                             25 ;--------------------------------------------------------
                             26 ; overlayable items in internal ram 
                             27 ;--------------------------------------------------------
                             28 	.area _OVERLAY
                             29 ;--------------------------------------------------------
                             30 ; indirectly addressable internal ram data
                             31 ;--------------------------------------------------------
                             32 	.area _ISEG
                             33 ;--------------------------------------------------------
                             34 ; bit data
                             35 ;--------------------------------------------------------
                             36 	.area _BSEG
                             37 ;--------------------------------------------------------
                             38 ; external ram data
                             39 ;--------------------------------------------------------
                             40 	.area _XSEG
                             41 ;--------------------------------------------------------
                             42 ; global & static initialisations
                             43 ;--------------------------------------------------------
                             44 	.area _GSINIT
                             45 	.area _GSFINAL
                             46 	.area _GSINIT
                             47 ;	effects.music.c 77
                             48 ;	genAssign (pointer)
   0000 11 00 00             49 	ld	de,#_song_effects_Data
   0003 3E 00                50 	ld	a,#<_song_effects0
   0005 12                   51 	ld	(de),a
   0006 13                   52 	inc	de
   0007 3E 00                53 	ld	a,#>_song_effects0
   0009 12                   54 	ld	(de),a
                             55 ;	genPlus
                             56 ;	genPlusIncr
   000A 21 02 00             57 	ld	hl,#_song_effects_Data + 2
                             58 ;	genAssign (pointer)
   000D 5D                   59 	ld	e,l
   000E 54                   60 	ld	d,h
   000F 3E 00                61 	ld	a,#0x00
   0011 12                   62 	ld	(de),a
   0012 13                   63 	inc	de
   0013 3E 00                64 	ld	a,#0x00
   0015 12                   65 	ld	(de),a
                             66 ;--------------------------------------------------------
                             67 ; Home
                             68 ;--------------------------------------------------------
                             69 	.area _HOME
                             70 	.area _CODE
                             71 ;--------------------------------------------------------
                             72 ; code
                             73 ;--------------------------------------------------------
                             74 	.area _CODE_28
                             75 	.area _CODE_28
   0000                      76 _song_effects0:
   0000 A4                   77 	.db #0xA4
   0001 91                   78 	.db #0x91
   0002 37                   79 	.db #0x37
   0003 00                   80 	.db #0x00
   0004 00                   81 	.db #0x00
   0005 4A                   82 	.db #0x4A
   0006 25                   83 	.db #0x25
   0007 00                   84 	.db #0x00
   0008 00                   85 	.db #0x00
   0009 00                   86 	.db #0x00
   000A 00                   87 	.db #0x00
   000B 00                   88 	.db #0x00
   000C 00                   89 	.db #0x00
   000D 00                   90 	.db #0x00
   000E 00                   91 	.db #0x00
   000F 00                   92 	.db #0x00
   0010 00                   93 	.db #0x00
   0011 00                   94 	.db #0x00
   0012 00                   95 	.db #0x00
   0013 A1                   96 	.db #0xA1
   0014 91                   97 	.db #0x91
   0015 47                   98 	.db #0x47
   0016 00                   99 	.db #0x00
   0017 00                  100 	.db #0x00
   0018 00                  101 	.db #0x00
   0019 00                  102 	.db #0x00
   001A 00                  103 	.db #0x00
   001B 00                  104 	.db #0x00
   001C 00                  105 	.db #0x00
   001D 00                  106 	.db #0x00
   001E 00                  107 	.db #0x00
   001F 00                  108 	.db #0x00
   0020 00                  109 	.db #0x00
   0021 00                  110 	.db #0x00
   0022 00                  111 	.db #0x00
   0023 00                  112 	.db #0x00
   0024 00                  113 	.db #0x00
   0025 98                  114 	.db #0x98
   0026 92                  115 	.db #0x92
   0027 02                  116 	.db #0x02
   0028 00                  117 	.db #0x00
   0029 00                  118 	.db #0x00
   002A 00                  119 	.db #0x00
   002B 98                  120 	.db #0x98
   002C 92                  121 	.db #0x92
   002D 08                  122 	.db #0x08
   002E 00                  123 	.db #0x00
   002F 00                  124 	.db #0x00
   0030 00                  125 	.db #0x00
   0031 98                  126 	.db #0x98
   0032 1F                  127 	.db #0x1F
   0033 00                  128 	.db #0x00
   0034 00                  129 	.db #0x00
   0035 00                  130 	.db #0x00
   0036 00                  131 	.db #0x00
   0037 00                  132 	.db #0x00
   0038 00                  133 	.db #0x00
   0039 00                  134 	.db #0x00
   003A 00                  135 	.db #0x00
   003B 00                  136 	.db #0x00
   003C 00                  137 	.db #0x00
   003D 00                  138 	.db #0x00
   003E 20                  139 	.db #0x20
   003F 00                  140 	.db #0x00
   0040 00                  141 	.db #0x00
   0041 00                  142 	.db #0x00
   0042 00                  143 	.db #0x00
   0043 00                  144 	.db #0x00
   0044 00                  145 	.db #0x00
   0045 00                  146 	.db #0x00
   0046 00                  147 	.db #0x00
   0047 00                  148 	.db #0x00
   0048 00                  149 	.db #0x00
   0049 00                  150 	.db #0x00
   004A 00                  151 	.db #0x00
   004B A4                  152 	.db #0xA4
   004C A1                  153 	.db #0xA1
   004D 37                  154 	.db #0x37
   004E 00                  155 	.db #0x00
   004F 00                  156 	.db #0x00
   0050 00                  157 	.db #0x00
   0051 00                  158 	.db #0x00
   0052 00                  159 	.db #0x00
   0053 00                  160 	.db #0x00
   0054 00                  161 	.db #0x00
   0055 00                  162 	.db #0x00
   0056 00                  163 	.db #0x00
   0057 00                  164 	.db #0x00
   0058 00                  165 	.db #0x00
   0059 00                  166 	.db #0x00
   005A 00                  167 	.db #0x00
   005B 00                  168 	.db #0x00
   005C 00                  169 	.db #0x00
   005D A1                  170 	.db #0xA1
   005E A1                  171 	.db #0xA1
   005F 47                  172 	.db #0x47
   0060 00                  173 	.db #0x00
   0061 00                  174 	.db #0x00
   0062 00                  175 	.db #0x00
   0063 00                  176 	.db #0x00
   0064 00                  177 	.db #0x00
   0065 00                  178 	.db #0x00
   0066 00                  179 	.db #0x00
   0067 00                  180 	.db #0x00
   0068 00                  181 	.db #0x00
   0069 00                  182 	.db #0x00
   006A 00                  183 	.db #0x00
   006B 00                  184 	.db #0x00
   006C 00                  185 	.db #0x00
   006D 00                  186 	.db #0x00
   006E 00                  187 	.db #0x00
   006F 98                  188 	.db #0x98
   0070 A2                  189 	.db #0xA2
   0071 02                  190 	.db #0x02
   0072 00                  191 	.db #0x00
   0073 00                  192 	.db #0x00
   0074 00                  193 	.db #0x00
   0075 98                  194 	.db #0x98
   0076 A2                  195 	.db #0xA2
   0077 08                  196 	.db #0x08
   0078 00                  197 	.db #0x00
   0079 00                  198 	.db #0x00
   007A 00                  199 	.db #0x00
   007B 98                  200 	.db #0x98
   007C 2F                  201 	.db #0x2F
   007D 00                  202 	.db #0x00
   007E 00                  203 	.db #0x00
   007F 00                  204 	.db #0x00
   0080 00                  205 	.db #0x00
   0081 00                  206 	.db #0x00
   0082 00                  207 	.db #0x00
   0083 00                  208 	.db #0x00
   0084 00                  209 	.db #0x00
   0085 00                  210 	.db #0x00
   0086 00                  211 	.db #0x00
   0087 00                  212 	.db #0x00
   0088 20                  213 	.db #0x20
   0089 00                  214 	.db #0x00
   008A 00                  215 	.db #0x00
   008B 00                  216 	.db #0x00
   008C 00                  217 	.db #0x00
   008D 00                  218 	.db #0x00
   008E 00                  219 	.db #0x00
   008F 00                  220 	.db #0x00
   0090 00                  221 	.db #0x00
   0091 00                  222 	.db #0x00
   0092 00                  223 	.db #0x00
   0093 00                  224 	.db #0x00
   0094 00                  225 	.db #0x00
   0095 A4                  226 	.db #0xA4
   0096 92                  227 	.db #0x92
   0097 37                  228 	.db #0x37
   0098 00                  229 	.db #0x00
   0099 00                  230 	.db #0x00
   009A 00                  231 	.db #0x00
   009B 00                  232 	.db #0x00
   009C 00                  233 	.db #0x00
   009D 00                  234 	.db #0x00
   009E 00                  235 	.db #0x00
   009F 00                  236 	.db #0x00
   00A0 00                  237 	.db #0x00
   00A1 00                  238 	.db #0x00
   00A2 00                  239 	.db #0x00
   00A3 00                  240 	.db #0x00
   00A4 00                  241 	.db #0x00
   00A5 00                  242 	.db #0x00
   00A6 00                  243 	.db #0x00
   00A7 A1                  244 	.db #0xA1
   00A8 92                  245 	.db #0x92
   00A9 47                  246 	.db #0x47
   00AA 00                  247 	.db #0x00
   00AB 00                  248 	.db #0x00
   00AC 00                  249 	.db #0x00
   00AD 00                  250 	.db #0x00
   00AE 00                  251 	.db #0x00
   00AF 00                  252 	.db #0x00
   00B0 00                  253 	.db #0x00
   00B1 00                  254 	.db #0x00
   00B2 00                  255 	.db #0x00
   00B3 00                  256 	.db #0x00
   00B4 00                  257 	.db #0x00
   00B5 00                  258 	.db #0x00
   00B6 00                  259 	.db #0x00
   00B7 00                  260 	.db #0x00
   00B8 00                  261 	.db #0x00
   00B9 98                  262 	.db #0x98
   00BA A2                  263 	.db #0xA2
   00BB 02                  264 	.db #0x02
   00BC 00                  265 	.db #0x00
   00BD 00                  266 	.db #0x00
   00BE 00                  267 	.db #0x00
   00BF 98                  268 	.db #0x98
   00C0 A2                  269 	.db #0xA2
   00C1 08                  270 	.db #0x08
   00C2 00                  271 	.db #0x00
   00C3 00                  272 	.db #0x00
   00C4 00                  273 	.db #0x00
   00C5 98                  274 	.db #0x98
   00C6 12                  275 	.db #0x12
   00C7 00                  276 	.db #0x00
   00C8 00                  277 	.db #0x00
   00C9 00                  278 	.db #0x00
   00CA 00                  279 	.db #0x00
   00CB 00                  280 	.db #0x00
   00CC 00                  281 	.db #0x00
   00CD 00                  282 	.db #0x00
   00CE 00                  283 	.db #0x00
   00CF 00                  284 	.db #0x00
   00D0 00                  285 	.db #0x00
   00D1 00                  286 	.db #0x00
   00D2 20                  287 	.db #0x20
   00D3 00                  288 	.db #0x00
   00D4 00                  289 	.db #0x00
   00D5 00                  290 	.db #0x00
   00D6 00                  291 	.db #0x00
   00D7 00                  292 	.db #0x00
   00D8 00                  293 	.db #0x00
   00D9 00                  294 	.db #0x00
   00DA 00                  295 	.db #0x00
   00DB 00                  296 	.db #0x00
   00DC 00                  297 	.db #0x00
   00DD 00                  298 	.db #0x00
   00DE 00                  299 	.db #0x00
   00DF 91                  300 	.db #0x91
   00E0 82                  301 	.db #0x82
   00E1 02                  302 	.db #0x02
   00E2 00                  303 	.db #0x00
   00E3 00                  304 	.db #0x00
   00E4 00                  305 	.db #0x00
   00E5 91                  306 	.db #0x91
   00E6 82                  307 	.db #0x82
   00E7 08                  308 	.db #0x08
   00E8 00                  309 	.db #0x00
   00E9 00                  310 	.db #0x00
   00EA 00                  311 	.db #0x00
   00EB 91                  312 	.db #0x91
   00EC 0F                  313 	.db #0x0F
   00ED 00                  314 	.db #0x00
   00EE 00                  315 	.db #0x00
   00EF 00                  316 	.db #0x00
   00F0 00                  317 	.db #0x00
   00F1 00                  318 	.db #0x00
   00F2 00                  319 	.db #0x00
   00F3 00                  320 	.db #0x00
   00F4 00                  321 	.db #0x00
   00F5 00                  322 	.db #0x00
   00F6 00                  323 	.db #0x00
   00F7 00                  324 	.db #0x00
   00F8 20                  325 	.db #0x20
   00F9 00                  326 	.db #0x00
   00FA 00                  327 	.db #0x00
   00FB 00                  328 	.db #0x00
   00FC 00                  329 	.db #0x00
   00FD 00                  330 	.db #0x00
   00FE 00                  331 	.db #0x00
   00FF 00                  332 	.db #0x00
   0100 00                  333 	.db #0x00
   0101 00                  334 	.db #0x00
   0102 00                  335 	.db #0x00
   0103 00                  336 	.db #0x00
   0104 00                  337 	.db #0x00
   0105 00                  338 	.db #0x00
   0106 00                  339 	.db #0x00
   0107 00                  340 	.db #0x00
   0108 00                  341 	.db #0x00
   0109 00                  342 	.db #0x00
   010A 00                  343 	.db #0x00
   010B 00                  344 	.db #0x00
   010C 00                  345 	.db #0x00
   010D 00                  346 	.db #0x00
   010E 00                  347 	.db #0x00
   010F 00                  348 	.db #0x00
   0110 00                  349 	.db #0x00
   0111 00                  350 	.db #0x00
   0112 00                  351 	.db #0x00
   0113 00                  352 	.db #0x00
   0114 00                  353 	.db #0x00
   0115 00                  354 	.db #0x00
   0116 00                  355 	.db #0x00
   0117 00                  356 	.db #0x00
   0118 00                  357 	.db #0x00
   0119 00                  358 	.db #0x00
   011A 00                  359 	.db #0x00
   011B 00                  360 	.db #0x00
   011C 00                  361 	.db #0x00
   011D 00                  362 	.db #0x00
   011E 00                  363 	.db #0x00
   011F 00                  364 	.db #0x00
   0120 48                  365 	.db #0x48
   0121 00                  366 	.db #0x00
ASxxxx Assembler V01.75  (GameBoy Z80-like CPU), page 1.

Symbol Table

  9 _song_effects0                     0000 GR
  1 _song_effects_Data                 0000 GR

ASxxxx Assembler V01.75  (GameBoy Z80-like CPU), page 2.

Area Table

   0 _CODE                              size    0   flags 0
   1 _DATA                              size    4   flags 0
   2 _OVERLAY                           size    0   flags 0
   3 _ISEG                              size    0   flags 0
   4 _BSEG                              size    0   flags 0
   5 _XSEG                              size    0   flags 0
   6 _GSINIT                            size   16   flags 0
   7 _GSFINAL                           size    0   flags 0
   8 _HOME                              size    0   flags 0
   9 _CODE_28                           size  122   flags 0
