                              1 ;--------------------------------------------------------
                              2 ; File Created by SDCC : FreeWare ANSI-C Compiler
                              3 ; Version 2.3.1 Mon Oct 15 19:45:43 2018
                              4 
                              5 ;--------------------------------------------------------
                              6 	.module lcc580100
                              7 	
                              8 ;--------------------------------------------------------
                              9 ; Public variables in this module
                             10 ;--------------------------------------------------------
                             11 	.globl _song_mymod31
                             12 	.globl _song_mymod30
                             13 	.globl _song_mymod3_Data
                             14 ;--------------------------------------------------------
                             15 ; special function registers
                             16 ;--------------------------------------------------------
                             17 ;--------------------------------------------------------
                             18 ; special function bits 
                             19 ;--------------------------------------------------------
                             20 ;--------------------------------------------------------
                             21 ; internal ram data
                             22 ;--------------------------------------------------------
                             23 	.area _DATA
   0000                      24 _song_mymod3_Data::
   0000                      25 	.ds 12
                             26 ;--------------------------------------------------------
                             27 ; overlayable items in internal ram 
                             28 ;--------------------------------------------------------
                             29 	.area _OVERLAY
                             30 ;--------------------------------------------------------
                             31 ; indirectly addressable internal ram data
                             32 ;--------------------------------------------------------
                             33 	.area _ISEG
                             34 ;--------------------------------------------------------
                             35 ; bit data
                             36 ;--------------------------------------------------------
                             37 	.area _BSEG
                             38 ;--------------------------------------------------------
                             39 ; external ram data
                             40 ;--------------------------------------------------------
                             41 	.area _XSEG
                             42 ;--------------------------------------------------------
                             43 ; global & static initialisations
                             44 ;--------------------------------------------------------
                             45 	.area _GSINIT
                             46 	.area _GSFINAL
                             47 	.area _GSINIT
                             48 ;	mymod3.music.c 148
                             49 ;	genAssign (pointer)
   0000 11 00 00             50 	ld	de,#_song_mymod3_Data
   0003 3E 00                51 	ld	a,#<_song_mymod30
   0005 12                   52 	ld	(de),a
   0006 13                   53 	inc	de
   0007 3E 00                54 	ld	a,#>_song_mymod30
   0009 12                   55 	ld	(de),a
                             56 ;	genPlus
                             57 ;	genPlusIncr
   000A 01 02 00             58 	ld	bc,#_song_mymod3_Data + 2
                             59 ;	genAssign (pointer)
   000D 59                   60 	ld	e,c
   000E 50                   61 	ld	d,b
   000F 3E 19                62 	ld	a,#<_song_mymod31
   0011 12                   63 	ld	(de),a
   0012 13                   64 	inc	de
   0013 3E 01                65 	ld	a,#>_song_mymod31
   0015 12                   66 	ld	(de),a
                             67 ;	genPlus
                             68 ;	genPlusIncr
   0016 21 04 00             69 	ld	hl,#_song_mymod3_Data + 4
                             70 ;	genAssign (pointer)
   0019 5D                   71 	ld	e,l
   001A 54                   72 	ld	d,h
   001B 3E 00                73 	ld	a,#<_song_mymod30
   001D 12                   74 	ld	(de),a
   001E 13                   75 	inc	de
   001F 3E 00                76 	ld	a,#>_song_mymod30
   0021 12                   77 	ld	(de),a
                             78 ;	genPlus
                             79 ;	genPlusIncr
   0022 23                   80 	inc	hl
   0023 23                   81 	inc	hl
                             82 ;	genAssign (pointer)
   0024 5D                   83 	ld	e,l
   0025 54                   84 	ld	d,h
   0026 3E 00                85 	ld	a,#<_song_mymod30
   0028 12                   86 	ld	(de),a
   0029 13                   87 	inc	de
   002A 3E 00                88 	ld	a,#>_song_mymod30
   002C 12                   89 	ld	(de),a
                             90 ;	genPlus
                             91 ;	genPlusIncr
   002D 23                   92 	inc	hl
   002E 23                   93 	inc	hl
                             94 ;	genAssign (pointer)
   002F 5D                   95 	ld	e,l
   0030 54                   96 	ld	d,h
   0031 3E 19                97 	ld	a,#<_song_mymod31
   0033 12                   98 	ld	(de),a
   0034 13                   99 	inc	de
   0035 3E 01               100 	ld	a,#>_song_mymod31
   0037 12                  101 	ld	(de),a
                            102 ;	genPlus
                            103 ;	genPlusIncr
   0038 23                  104 	inc	hl
   0039 23                  105 	inc	hl
                            106 ;	genAssign (pointer)
   003A 5D                  107 	ld	e,l
   003B 54                  108 	ld	d,h
   003C 3E 00               109 	ld	a,#0x00
   003E 12                  110 	ld	(de),a
   003F 13                  111 	inc	de
   0040 3E 00               112 	ld	a,#0x00
   0042 12                  113 	ld	(de),a
                            114 ;--------------------------------------------------------
                            115 ; Home
                            116 ;--------------------------------------------------------
                            117 	.area _HOME
                            118 	.area _CODE
                            119 ;--------------------------------------------------------
                            120 ; code
                            121 ;--------------------------------------------------------
                            122 	.area _CODE_28
                            123 	.area _CODE_28
   0000                     124 _song_mymod30:
   0000 A6                  125 	.db #0xA6
   0001 91                  126 	.db #0x91
   0002 00                  127 	.db #0x00
   0003 00                  128 	.db #0x00
   0004 00                  129 	.db #0x00
   0005 94                  130 	.db #0x94
   0006 81                  131 	.db #0x81
   0007 00                  132 	.db #0x00
   0008 00                  133 	.db #0x00
   0009 00                  134 	.db #0x00
   000A 00                  135 	.db #0x00
   000B 20                  136 	.db #0x20
   000C 00                  137 	.db #0x00
   000D 00                  138 	.db #0x00
   000E 00                  139 	.db #0x00
   000F 94                  140 	.db #0x94
   0010 81                  141 	.db #0x81
   0011 00                  142 	.db #0x00
   0012 00                  143 	.db #0x00
   0013 00                  144 	.db #0x00
   0014 00                  145 	.db #0x00
   0015 20                  146 	.db #0x20
   0016 A4                  147 	.db #0xA4
   0017 91                  148 	.db #0x91
   0018 00                  149 	.db #0x00
   0019 00                  150 	.db #0x00
   001A 00                  151 	.db #0x00
   001B 94                  152 	.db #0x94
   001C 81                  153 	.db #0x81
   001D 00                  154 	.db #0x00
   001E 00                  155 	.db #0x00
   001F 00                  156 	.db #0x00
   0020 00                  157 	.db #0x00
   0021 20                  158 	.db #0x20
   0022 00                  159 	.db #0x00
   0023 00                  160 	.db #0x00
   0024 00                  161 	.db #0x00
   0025 94                  162 	.db #0x94
   0026 81                  163 	.db #0x81
   0027 00                  164 	.db #0x00
   0028 00                  165 	.db #0x00
   0029 00                  166 	.db #0x00
   002A 00                  167 	.db #0x00
   002B 20                  168 	.db #0x20
   002C A5                  169 	.db #0xA5
   002D 91                  170 	.db #0x91
   002E 00                  171 	.db #0x00
   002F 00                  172 	.db #0x00
   0030 00                  173 	.db #0x00
   0031 94                  174 	.db #0x94
   0032 81                  175 	.db #0x81
   0033 00                  176 	.db #0x00
   0034 00                  177 	.db #0x00
   0035 00                  178 	.db #0x00
   0036 00                  179 	.db #0x00
   0037 20                  180 	.db #0x20
   0038 00                  181 	.db #0x00
   0039 00                  182 	.db #0x00
   003A 00                  183 	.db #0x00
   003B 94                  184 	.db #0x94
   003C 81                  185 	.db #0x81
   003D 00                  186 	.db #0x00
   003E 00                  187 	.db #0x00
   003F 00                  188 	.db #0x00
   0040 00                  189 	.db #0x00
   0041 20                  190 	.db #0x20
   0042 9C                  191 	.db #0x9C
   0043 91                  192 	.db #0x91
   0044 00                  193 	.db #0x00
   0045 00                  194 	.db #0x00
   0046 00                  195 	.db #0x00
   0047 94                  196 	.db #0x94
   0048 81                  197 	.db #0x81
   0049 00                  198 	.db #0x00
   004A 00                  199 	.db #0x00
   004B 00                  200 	.db #0x00
   004C 00                  201 	.db #0x00
   004D 20                  202 	.db #0x20
   004E 00                  203 	.db #0x00
   004F 00                  204 	.db #0x00
   0050 00                  205 	.db #0x00
   0051 94                  206 	.db #0x94
   0052 81                  207 	.db #0x81
   0053 00                  208 	.db #0x00
   0054 00                  209 	.db #0x00
   0055 00                  210 	.db #0x00
   0056 00                  211 	.db #0x00
   0057 20                  212 	.db #0x20
   0058 00                  213 	.db #0x00
   0059 00                  214 	.db #0x00
   005A 00                  215 	.db #0x00
   005B 49                  216 	.db #0x49
   005C 00                  217 	.db #0x00
   005D 00                  218 	.db #0x00
   005E 00                  219 	.db #0x00
   005F 00                  220 	.db #0x00
   0060 00                  221 	.db #0x00
   0061 00                  222 	.db #0x00
   0062 00                  223 	.db #0x00
   0063 00                  224 	.db #0x00
   0064 00                  225 	.db #0x00
   0065 00                  226 	.db #0x00
   0066 00                  227 	.db #0x00
   0067 00                  228 	.db #0x00
   0068 00                  229 	.db #0x00
   0069 00                  230 	.db #0x00
   006A 00                  231 	.db #0x00
   006B 00                  232 	.db #0x00
   006C 00                  233 	.db #0x00
   006D 00                  234 	.db #0x00
   006E 00                  235 	.db #0x00
   006F 00                  236 	.db #0x00
   0070 00                  237 	.db #0x00
   0071 00                  238 	.db #0x00
   0072 00                  239 	.db #0x00
   0073 00                  240 	.db #0x00
   0074 00                  241 	.db #0x00
   0075 00                  242 	.db #0x00
   0076 00                  243 	.db #0x00
   0077 00                  244 	.db #0x00
   0078 00                  245 	.db #0x00
   0079 00                  246 	.db #0x00
   007A 00                  247 	.db #0x00
   007B 00                  248 	.db #0x00
   007C 00                  249 	.db #0x00
   007D 00                  250 	.db #0x00
   007E 00                  251 	.db #0x00
   007F 00                  252 	.db #0x00
   0080 00                  253 	.db #0x00
   0081 00                  254 	.db #0x00
   0082 00                  255 	.db #0x00
   0083 00                  256 	.db #0x00
   0084 00                  257 	.db #0x00
   0085 00                  258 	.db #0x00
   0086 00                  259 	.db #0x00
   0087 00                  260 	.db #0x00
   0088 00                  261 	.db #0x00
   0089 00                  262 	.db #0x00
   008A 00                  263 	.db #0x00
   008B 00                  264 	.db #0x00
   008C 00                  265 	.db #0x00
   008D 00                  266 	.db #0x00
   008E 00                  267 	.db #0x00
   008F 00                  268 	.db #0x00
   0090 00                  269 	.db #0x00
   0091 00                  270 	.db #0x00
   0092 00                  271 	.db #0x00
   0093 00                  272 	.db #0x00
   0094 00                  273 	.db #0x00
   0095 00                  274 	.db #0x00
   0096 00                  275 	.db #0x00
   0097 00                  276 	.db #0x00
   0098 00                  277 	.db #0x00
   0099 00                  278 	.db #0x00
   009A 00                  279 	.db #0x00
   009B 00                  280 	.db #0x00
   009C 00                  281 	.db #0x00
   009D 00                  282 	.db #0x00
   009E 00                  283 	.db #0x00
   009F 00                  284 	.db #0x00
   00A0 00                  285 	.db #0x00
   00A1 00                  286 	.db #0x00
   00A2 00                  287 	.db #0x00
   00A3 00                  288 	.db #0x00
   00A4 00                  289 	.db #0x00
   00A5 00                  290 	.db #0x00
   00A6 00                  291 	.db #0x00
   00A7 00                  292 	.db #0x00
   00A8 00                  293 	.db #0x00
   00A9 00                  294 	.db #0x00
   00AA 00                  295 	.db #0x00
   00AB 00                  296 	.db #0x00
   00AC 00                  297 	.db #0x00
   00AD 00                  298 	.db #0x00
   00AE 00                  299 	.db #0x00
   00AF 00                  300 	.db #0x00
   00B0 00                  301 	.db #0x00
   00B1 00                  302 	.db #0x00
   00B2 00                  303 	.db #0x00
   00B3 00                  304 	.db #0x00
   00B4 00                  305 	.db #0x00
   00B5 00                  306 	.db #0x00
   00B6 00                  307 	.db #0x00
   00B7 00                  308 	.db #0x00
   00B8 00                  309 	.db #0x00
   00B9 00                  310 	.db #0x00
   00BA 00                  311 	.db #0x00
   00BB 00                  312 	.db #0x00
   00BC 00                  313 	.db #0x00
   00BD 00                  314 	.db #0x00
   00BE 00                  315 	.db #0x00
   00BF 00                  316 	.db #0x00
   00C0 00                  317 	.db #0x00
   00C1 00                  318 	.db #0x00
   00C2 00                  319 	.db #0x00
   00C3 00                  320 	.db #0x00
   00C4 00                  321 	.db #0x00
   00C5 00                  322 	.db #0x00
   00C6 00                  323 	.db #0x00
   00C7 00                  324 	.db #0x00
   00C8 00                  325 	.db #0x00
   00C9 00                  326 	.db #0x00
   00CA 00                  327 	.db #0x00
   00CB 00                  328 	.db #0x00
   00CC 00                  329 	.db #0x00
   00CD 00                  330 	.db #0x00
   00CE 00                  331 	.db #0x00
   00CF 00                  332 	.db #0x00
   00D0 00                  333 	.db #0x00
   00D1 00                  334 	.db #0x00
   00D2 00                  335 	.db #0x00
   00D3 00                  336 	.db #0x00
   00D4 00                  337 	.db #0x00
   00D5 00                  338 	.db #0x00
   00D6 00                  339 	.db #0x00
   00D7 00                  340 	.db #0x00
   00D8 00                  341 	.db #0x00
   00D9 00                  342 	.db #0x00
   00DA 00                  343 	.db #0x00
   00DB 00                  344 	.db #0x00
   00DC 00                  345 	.db #0x00
   00DD 00                  346 	.db #0x00
   00DE 00                  347 	.db #0x00
   00DF 00                  348 	.db #0x00
   00E0 00                  349 	.db #0x00
   00E1 00                  350 	.db #0x00
   00E2 00                  351 	.db #0x00
   00E3 00                  352 	.db #0x00
   00E4 00                  353 	.db #0x00
   00E5 00                  354 	.db #0x00
   00E6 00                  355 	.db #0x00
   00E7 00                  356 	.db #0x00
   00E8 00                  357 	.db #0x00
   00E9 00                  358 	.db #0x00
   00EA 00                  359 	.db #0x00
   00EB 00                  360 	.db #0x00
   00EC 00                  361 	.db #0x00
   00ED 00                  362 	.db #0x00
   00EE 00                  363 	.db #0x00
   00EF 00                  364 	.db #0x00
   00F0 00                  365 	.db #0x00
   00F1 00                  366 	.db #0x00
   00F2 00                  367 	.db #0x00
   00F3 00                  368 	.db #0x00
   00F4 00                  369 	.db #0x00
   00F5 00                  370 	.db #0x00
   00F6 00                  371 	.db #0x00
   00F7 00                  372 	.db #0x00
   00F8 00                  373 	.db #0x00
   00F9 00                  374 	.db #0x00
   00FA 00                  375 	.db #0x00
   00FB 00                  376 	.db #0x00
   00FC 00                  377 	.db #0x00
   00FD 00                  378 	.db #0x00
   00FE 00                  379 	.db #0x00
   00FF 00                  380 	.db #0x00
   0100 00                  381 	.db #0x00
   0101 00                  382 	.db #0x00
   0102 00                  383 	.db #0x00
   0103 00                  384 	.db #0x00
   0104 00                  385 	.db #0x00
   0105 00                  386 	.db #0x00
   0106 00                  387 	.db #0x00
   0107 00                  388 	.db #0x00
   0108 00                  389 	.db #0x00
   0109 00                  390 	.db #0x00
   010A 00                  391 	.db #0x00
   010B 00                  392 	.db #0x00
   010C 00                  393 	.db #0x00
   010D 00                  394 	.db #0x00
   010E 00                  395 	.db #0x00
   010F 00                  396 	.db #0x00
   0110 00                  397 	.db #0x00
   0111 00                  398 	.db #0x00
   0112 00                  399 	.db #0x00
   0113 00                  400 	.db #0x00
   0114 00                  401 	.db #0x00
   0115 00                  402 	.db #0x00
   0116 00                  403 	.db #0x00
   0117 00                  404 	.db #0x00
   0118 00                  405 	.db #0x00
   0119                     406 _song_mymod31:
   0119 8E                  407 	.db #0x8E
   011A 91                  408 	.db #0x91
   011B 00                  409 	.db #0x00
   011C 98                  410 	.db #0x98
   011D 91                  411 	.db #0x91
   011E 00                  412 	.db #0x00
   011F 00                  413 	.db #0x00
   0120 94                  414 	.db #0x94
   0121 81                  415 	.db #0x81
   0122 00                  416 	.db #0x00
   0123 00                  417 	.db #0x00
   0124 00                  418 	.db #0x00
   0125 00                  419 	.db #0x00
   0126 00                  420 	.db #0x00
   0127 00                  421 	.db #0x00
   0128 00                  422 	.db #0x00
   0129 00                  423 	.db #0x00
   012A 20                  424 	.db #0x20
   012B 00                  425 	.db #0x00
   012C 00                  426 	.db #0x00
   012D 00                  427 	.db #0x00
   012E 00                  428 	.db #0x00
   012F 9A                  429 	.db #0x9A
   0130 91                  430 	.db #0x91
   0131 00                  431 	.db #0x00
   0132 A4                  432 	.db #0xA4
   0133 91                  433 	.db #0x91
   0134 00                  434 	.db #0x00
   0135 00                  435 	.db #0x00
   0136 94                  436 	.db #0x94
   0137 81                  437 	.db #0x81
   0138 00                  438 	.db #0x00
   0139 00                  439 	.db #0x00
   013A 00                  440 	.db #0x00
   013B 00                  441 	.db #0x00
   013C 00                  442 	.db #0x00
   013D 00                  443 	.db #0x00
   013E 00                  444 	.db #0x00
   013F 00                  445 	.db #0x00
   0140 20                  446 	.db #0x20
   0141 00                  447 	.db #0x00
   0142 00                  448 	.db #0x00
   0143 00                  449 	.db #0x00
   0144 00                  450 	.db #0x00
   0145 99                  451 	.db #0x99
   0146 91                  452 	.db #0x91
   0147 00                  453 	.db #0x00
   0148 9A                  454 	.db #0x9A
   0149 91                  455 	.db #0x91
   014A 00                  456 	.db #0x00
   014B 00                  457 	.db #0x00
   014C 94                  458 	.db #0x94
   014D 81                  459 	.db #0x81
   014E 00                  460 	.db #0x00
   014F 00                  461 	.db #0x00
   0150 00                  462 	.db #0x00
   0151 00                  463 	.db #0x00
   0152 00                  464 	.db #0x00
   0153 00                  465 	.db #0x00
   0154 99                  466 	.db #0x99
   0155 91                  467 	.db #0x91
   0156 00                  468 	.db #0x00
   0157 00                  469 	.db #0x00
   0158 20                  470 	.db #0x20
   0159 00                  471 	.db #0x00
   015A 00                  472 	.db #0x00
   015B 00                  473 	.db #0x00
   015C 00                  474 	.db #0x00
   015D 9B                  475 	.db #0x9B
   015E 91                  476 	.db #0x91
   015F 00                  477 	.db #0x00
   0160 99                  478 	.db #0x99
   0161 91                  479 	.db #0x91
   0162 00                  480 	.db #0x00
   0163 00                  481 	.db #0x00
   0164 94                  482 	.db #0x94
   0165 81                  483 	.db #0x81
   0166 00                  484 	.db #0x00
   0167 00                  485 	.db #0x00
   0168 00                  486 	.db #0x00
   0169 00                  487 	.db #0x00
   016A 00                  488 	.db #0x00
   016B 00                  489 	.db #0x00
   016C 00                  490 	.db #0x00
   016D 00                  491 	.db #0x00
   016E 20                  492 	.db #0x20
   016F 00                  493 	.db #0x00
   0170 00                  494 	.db #0x00
   0171 00                  495 	.db #0x00
   0172 00                  496 	.db #0x00
   0173 A6                  497 	.db #0xA6
   0174 91                  498 	.db #0x91
   0175 00                  499 	.db #0x00
   0176 9C                  500 	.db #0x9C
   0177 91                  501 	.db #0x91
   0178 00                  502 	.db #0x00
   0179 00                  503 	.db #0x00
   017A 49                  504 	.db #0x49
   017B 00                  505 	.db #0x00
   017C 00                  506 	.db #0x00
   017D 00                  507 	.db #0x00
   017E 00                  508 	.db #0x00
   017F 00                  509 	.db #0x00
   0180 00                  510 	.db #0x00
   0181 00                  511 	.db #0x00
   0182 00                  512 	.db #0x00
   0183 00                  513 	.db #0x00
   0184 00                  514 	.db #0x00
   0185 00                  515 	.db #0x00
   0186 00                  516 	.db #0x00
   0187 00                  517 	.db #0x00
   0188 00                  518 	.db #0x00
   0189 00                  519 	.db #0x00
   018A 00                  520 	.db #0x00
   018B 00                  521 	.db #0x00
   018C 00                  522 	.db #0x00
   018D 00                  523 	.db #0x00
   018E 00                  524 	.db #0x00
   018F 00                  525 	.db #0x00
   0190 00                  526 	.db #0x00
   0191 00                  527 	.db #0x00
   0192 00                  528 	.db #0x00
   0193 00                  529 	.db #0x00
   0194 00                  530 	.db #0x00
   0195 00                  531 	.db #0x00
   0196 00                  532 	.db #0x00
   0197 00                  533 	.db #0x00
   0198 00                  534 	.db #0x00
   0199 00                  535 	.db #0x00
   019A 00                  536 	.db #0x00
   019B 00                  537 	.db #0x00
   019C 00                  538 	.db #0x00
   019D 00                  539 	.db #0x00
   019E 00                  540 	.db #0x00
   019F 00                  541 	.db #0x00
   01A0 00                  542 	.db #0x00
   01A1 00                  543 	.db #0x00
   01A2 00                  544 	.db #0x00
   01A3 00                  545 	.db #0x00
   01A4 00                  546 	.db #0x00
   01A5 00                  547 	.db #0x00
   01A6 00                  548 	.db #0x00
   01A7 00                  549 	.db #0x00
   01A8 00                  550 	.db #0x00
   01A9 00                  551 	.db #0x00
   01AA 00                  552 	.db #0x00
   01AB 00                  553 	.db #0x00
   01AC 00                  554 	.db #0x00
   01AD 00                  555 	.db #0x00
   01AE 00                  556 	.db #0x00
   01AF 00                  557 	.db #0x00
   01B0 00                  558 	.db #0x00
   01B1 00                  559 	.db #0x00
   01B2 00                  560 	.db #0x00
   01B3 00                  561 	.db #0x00
   01B4 00                  562 	.db #0x00
   01B5 00                  563 	.db #0x00
   01B6 00                  564 	.db #0x00
   01B7 00                  565 	.db #0x00
   01B8 00                  566 	.db #0x00
   01B9 00                  567 	.db #0x00
   01BA 00                  568 	.db #0x00
   01BB 00                  569 	.db #0x00
   01BC 00                  570 	.db #0x00
   01BD 00                  571 	.db #0x00
   01BE 00                  572 	.db #0x00
   01BF 00                  573 	.db #0x00
   01C0 00                  574 	.db #0x00
   01C1 00                  575 	.db #0x00
   01C2 00                  576 	.db #0x00
   01C3 00                  577 	.db #0x00
   01C4 00                  578 	.db #0x00
   01C5 00                  579 	.db #0x00
   01C6 00                  580 	.db #0x00
   01C7 00                  581 	.db #0x00
   01C8 00                  582 	.db #0x00
   01C9 00                  583 	.db #0x00
   01CA 00                  584 	.db #0x00
   01CB 00                  585 	.db #0x00
   01CC 00                  586 	.db #0x00
   01CD 00                  587 	.db #0x00
   01CE 00                  588 	.db #0x00
   01CF 00                  589 	.db #0x00
   01D0 00                  590 	.db #0x00
   01D1 00                  591 	.db #0x00
   01D2 00                  592 	.db #0x00
   01D3 00                  593 	.db #0x00
   01D4 00                  594 	.db #0x00
   01D5 00                  595 	.db #0x00
   01D6 00                  596 	.db #0x00
   01D7 00                  597 	.db #0x00
   01D8 00                  598 	.db #0x00
   01D9 00                  599 	.db #0x00
   01DA 00                  600 	.db #0x00
   01DB 00                  601 	.db #0x00
   01DC 00                  602 	.db #0x00
   01DD 00                  603 	.db #0x00
   01DE 00                  604 	.db #0x00
   01DF 00                  605 	.db #0x00
   01E0 00                  606 	.db #0x00
   01E1 00                  607 	.db #0x00
   01E2 00                  608 	.db #0x00
   01E3 00                  609 	.db #0x00
   01E4 00                  610 	.db #0x00
   01E5 00                  611 	.db #0x00
   01E6 00                  612 	.db #0x00
   01E7 00                  613 	.db #0x00
   01E8 00                  614 	.db #0x00
   01E9 00                  615 	.db #0x00
   01EA 00                  616 	.db #0x00
   01EB 00                  617 	.db #0x00
   01EC 00                  618 	.db #0x00
   01ED 00                  619 	.db #0x00
   01EE 00                  620 	.db #0x00
   01EF 00                  621 	.db #0x00
   01F0 00                  622 	.db #0x00
   01F1 00                  623 	.db #0x00
   01F2 00                  624 	.db #0x00
   01F3 00                  625 	.db #0x00
   01F4 00                  626 	.db #0x00
   01F5 00                  627 	.db #0x00
   01F6 00                  628 	.db #0x00
   01F7 00                  629 	.db #0x00
   01F8 00                  630 	.db #0x00
   01F9 00                  631 	.db #0x00
   01FA 00                  632 	.db #0x00
   01FB 00                  633 	.db #0x00
   01FC 00                  634 	.db #0x00
   01FD 00                  635 	.db #0x00
   01FE 00                  636 	.db #0x00
   01FF 00                  637 	.db #0x00
   0200 00                  638 	.db #0x00
   0201 00                  639 	.db #0x00
   0202 00                  640 	.db #0x00
   0203 00                  641 	.db #0x00
   0204 00                  642 	.db #0x00
   0205 00                  643 	.db #0x00
   0206 00                  644 	.db #0x00
   0207 00                  645 	.db #0x00
   0208 00                  646 	.db #0x00
   0209 00                  647 	.db #0x00
   020A 00                  648 	.db #0x00
   020B 00                  649 	.db #0x00
   020C 00                  650 	.db #0x00
   020D 00                  651 	.db #0x00
   020E 00                  652 	.db #0x00
   020F 00                  653 	.db #0x00
   0210 00                  654 	.db #0x00
   0211 00                  655 	.db #0x00
   0212 00                  656 	.db #0x00
   0213 00                  657 	.db #0x00
   0214 00                  658 	.db #0x00
   0215 00                  659 	.db #0x00
   0216 00                  660 	.db #0x00
   0217 00                  661 	.db #0x00
   0218 00                  662 	.db #0x00
   0219 00                  663 	.db #0x00
   021A 00                  664 	.db #0x00
   021B 00                  665 	.db #0x00
   021C 00                  666 	.db #0x00
   021D 00                  667 	.db #0x00
   021E 00                  668 	.db #0x00
   021F 00                  669 	.db #0x00
   0220 00                  670 	.db #0x00
   0221 00                  671 	.db #0x00
   0222 00                  672 	.db #0x00
   0223 00                  673 	.db #0x00
   0224 00                  674 	.db #0x00
   0225 00                  675 	.db #0x00
   0226 00                  676 	.db #0x00
   0227 00                  677 	.db #0x00
   0228 00                  678 	.db #0x00
   0229 00                  679 	.db #0x00
   022A 00                  680 	.db #0x00
   022B 00                  681 	.db #0x00
   022C 00                  682 	.db #0x00
   022D 00                  683 	.db #0x00
   022E 00                  684 	.db #0x00
   022F 00                  685 	.db #0x00
   0230 00                  686 	.db #0x00
   0231 00                  687 	.db #0x00
   0232 00                  688 	.db #0x00
   0233 00                  689 	.db #0x00
   0234 00                  690 	.db #0x00
   0235 00                  691 	.db #0x00
   0236 00                  692 	.db #0x00
   0237 00                  693 	.db #0x00
ASxxxx Assembler V01.75  (GameBoy Z80-like CPU), page 1.

Symbol Table

  9 _song_mymod30                      0000 GR
  9 _song_mymod31                      0119 GR
  1 _song_mymod3_Data                  0000 GR

ASxxxx Assembler V01.75  (GameBoy Z80-like CPU), page 2.

Area Table

   0 _CODE                              size    0   flags 0
   1 _DATA                              size    C   flags 0
   2 _OVERLAY                           size    0   flags 0
   3 _ISEG                              size    0   flags 0
   4 _BSEG                              size    0   flags 0
   5 _XSEG                              size    0   flags 0
   6 _GSINIT                            size   43   flags 0
   7 _GSFINAL                           size    0   flags 0
   8 _HOME                              size    0   flags 0
   9 _CODE_28                           size  238   flags 0
