                              1 ;--------------------------------------------------------
                              2 ; File Created by SDCC : FreeWare ANSI-C Compiler
                              3 ; Version 2.3.1 Mon Oct 15 19:45:43 2018
                              4 
                              5 ;--------------------------------------------------------
                              6 	.module lcc579920
                              7 	
                              8 ;--------------------------------------------------------
                              9 ; Public variables in this module
                             10 ;--------------------------------------------------------
                             11 	.globl _song_tetris0
                             12 	.globl _song_tetris_Data
                             13 ;--------------------------------------------------------
                             14 ; special function registers
                             15 ;--------------------------------------------------------
                             16 ;--------------------------------------------------------
                             17 ; special function bits 
                             18 ;--------------------------------------------------------
                             19 ;--------------------------------------------------------
                             20 ; internal ram data
                             21 ;--------------------------------------------------------
                             22 	.area _DATA
   0000                      23 _song_tetris_Data::
   0000                      24 	.ds 4
                             25 ;--------------------------------------------------------
                             26 ; overlayable items in internal ram 
                             27 ;--------------------------------------------------------
                             28 	.area _OVERLAY
                             29 ;--------------------------------------------------------
                             30 ; indirectly addressable internal ram data
                             31 ;--------------------------------------------------------
                             32 	.area _ISEG
                             33 ;--------------------------------------------------------
                             34 ; bit data
                             35 ;--------------------------------------------------------
                             36 	.area _BSEG
                             37 ;--------------------------------------------------------
                             38 ; external ram data
                             39 ;--------------------------------------------------------
                             40 	.area _XSEG
                             41 ;--------------------------------------------------------
                             42 ; global & static initialisations
                             43 ;--------------------------------------------------------
                             44 	.area _GSINIT
                             45 	.area _GSFINAL
                             46 	.area _GSINIT
                             47 ;	tetris.music.c 77
                             48 ;	genAssign (pointer)
   0000 11 00 00             49 	ld	de,#_song_tetris_Data
   0003 3E 00                50 	ld	a,#<_song_tetris0
   0005 12                   51 	ld	(de),a
   0006 13                   52 	inc	de
   0007 3E 00                53 	ld	a,#>_song_tetris0
   0009 12                   54 	ld	(de),a
                             55 ;	genPlus
                             56 ;	genPlusIncr
   000A 21 02 00             57 	ld	hl,#_song_tetris_Data + 2
                             58 ;	genAssign (pointer)
   000D 5D                   59 	ld	e,l
   000E 54                   60 	ld	d,h
   000F 3E 00                61 	ld	a,#0x00
   0011 12                   62 	ld	(de),a
   0012 13                   63 	inc	de
   0013 3E 00                64 	ld	a,#0x00
   0015 12                   65 	ld	(de),a
                             66 ;--------------------------------------------------------
                             67 ; Home
                             68 ;--------------------------------------------------------
                             69 	.area _HOME
                             70 	.area _CODE
                             71 ;--------------------------------------------------------
                             72 ; code
                             73 ;--------------------------------------------------------
                             74 	.area _CODE_28
                             75 	.area _CODE_28
   0000                      76 _song_tetris0:
   0000 9C                   77 	.db #0x9C
   0001 91                   78 	.db #0x91
   0002 00                   79 	.db #0x00
   0003 97                   80 	.db #0x97
   0004 91                   81 	.db #0x91
   0005 00                   82 	.db #0x00
   0006 9C                   83 	.db #0x9C
   0007 99                   84 	.db #0x99
   0008 00                   85 	.db #0x00
   0009 91                   86 	.db #0x91
   000A 81                   87 	.db #0x81
   000B 00                   88 	.db #0x00
   000C 00                   89 	.db #0x00
   000D 00                   90 	.db #0x00
   000E 00                   91 	.db #0x00
   000F 00                   92 	.db #0x00
   0010 97                   93 	.db #0x97
   0011 91                   94 	.db #0x91
   0012 00                   95 	.db #0x00
   0013 00                   96 	.db #0x00
   0014 00                   97 	.db #0x00
   0015 00                   98 	.db #0x00
   0016 98                   99 	.db #0x98
   0017 91                  100 	.db #0x91
   0018 00                  101 	.db #0x00
   0019 00                  102 	.db #0x00
   001A 00                  103 	.db #0x00
   001B 00                  104 	.db #0x00
   001C 9A                  105 	.db #0x9A
   001D 91                  106 	.db #0x91
   001E 00                  107 	.db #0x00
   001F 80                  108 	.db #0x80
   0020 91                  109 	.db #0x91
   0021 00                  110 	.db #0x00
   0022 9B                  111 	.db #0x9B
   0023 99                  112 	.db #0x99
   0024 00                  113 	.db #0x00
   0025 91                  114 	.db #0x91
   0026 81                  115 	.db #0x81
   0027 00                  116 	.db #0x00
   0028 00                  117 	.db #0x00
   0029 00                  118 	.db #0x00
   002A 00                  119 	.db #0x00
   002B 00                  120 	.db #0x00
   002C 98                  121 	.db #0x98
   002D 91                  122 	.db #0x91
   002E 00                  123 	.db #0x00
   002F 00                  124 	.db #0x00
   0030 00                  125 	.db #0x00
   0031 00                  126 	.db #0x00
   0032 97                  127 	.db #0x97
   0033 91                  128 	.db #0x91
   0034 00                  129 	.db #0x00
   0035 00                  130 	.db #0x00
   0036 9B                  131 	.db #0x9B
   0037 99                  132 	.db #0x99
   0038 00                  133 	.db #0x00
   0039 00                  134 	.db #0x00
   003A 95                  135 	.db #0x95
   003B 91                  136 	.db #0x91
   003C 00                  137 	.db #0x00
   003D 85                  138 	.db #0x85
   003E 91                  139 	.db #0x91
   003F 00                  140 	.db #0x00
   0040 00                  141 	.db #0x00
   0041 91                  142 	.db #0x91
   0042 81                  143 	.db #0x81
   0043 00                  144 	.db #0x00
   0044 00                  145 	.db #0x00
   0045 00                  146 	.db #0x00
   0046 9B                  147 	.db #0x9B
   0047 99                  148 	.db #0x99
   0048 00                  149 	.db #0x00
   0049 00                  150 	.db #0x00
   004A 95                  151 	.db #0x95
   004B 91                  152 	.db #0x91
   004C 00                  153 	.db #0x00
   004D 00                  154 	.db #0x00
   004E 00                  155 	.db #0x00
   004F 00                  156 	.db #0x00
   0050 98                  157 	.db #0x98
   0051 91                  158 	.db #0x91
   0052 00                  159 	.db #0x00
   0053 00                  160 	.db #0x00
   0054 9B                  161 	.db #0x9B
   0055 99                  162 	.db #0x99
   0056 00                  163 	.db #0x00
   0057 00                  164 	.db #0x00
   0058 9C                  165 	.db #0x9C
   0059 91                  166 	.db #0x91
   005A 00                  167 	.db #0x00
   005B 80                  168 	.db #0x80
   005C 91                  169 	.db #0x91
   005D 00                  170 	.db #0x00
   005E 00                  171 	.db #0x00
   005F 91                  172 	.db #0x91
   0060 81                  173 	.db #0x81
   0061 00                  174 	.db #0x00
   0062 00                  175 	.db #0x00
   0063 00                  176 	.db #0x00
   0064 9B                  177 	.db #0x9B
   0065 99                  178 	.db #0x99
   0066 00                  179 	.db #0x00
   0067 00                  180 	.db #0x00
   0068 9A                  181 	.db #0x9A
   0069 91                  182 	.db #0x91
   006A 00                  183 	.db #0x00
   006B 00                  184 	.db #0x00
   006C 00                  185 	.db #0x00
   006D 00                  186 	.db #0x00
   006E 98                  187 	.db #0x98
   006F 91                  188 	.db #0x91
   0070 00                  189 	.db #0x00
   0071 00                  190 	.db #0x00
   0072 9B                  191 	.db #0x9B
   0073 99                  192 	.db #0x99
   0074 00                  193 	.db #0x00
   0075 00                  194 	.db #0x00
   0076 00                  195 	.db #0x00
   0077 8F                  196 	.db #0x8F
   0078 91                  197 	.db #0x91
   0079 00                  198 	.db #0x00
   007A 00                  199 	.db #0x00
   007B 91                  200 	.db #0x91
   007C 81                  201 	.db #0x81
   007D 00                  202 	.db #0x00
   007E 00                  203 	.db #0x00
   007F 00                  204 	.db #0x00
   0080 9E                  205 	.db #0x9E
   0081 99                  206 	.db #0x99
   0082 00                  207 	.db #0x00
   0083 00                  208 	.db #0x00
   0084 00                  209 	.db #0x00
   0085 00                  210 	.db #0x00
   0086 00                  211 	.db #0x00
   0087 00                  212 	.db #0x00
   0088 00                  213 	.db #0x00
   0089 00                  214 	.db #0x00
   008A 9B                  215 	.db #0x9B
   008B 99                  216 	.db #0x99
   008C 00                  217 	.db #0x00
   008D 00                  218 	.db #0x00
   008E 9C                  219 	.db #0x9C
   008F 91                  220 	.db #0x91
   0090 00                  221 	.db #0x00
   0091 89                  222 	.db #0x89
   0092 91                  223 	.db #0x91
   0093 00                  224 	.db #0x00
   0094 9E                  225 	.db #0x9E
   0095 99                  226 	.db #0x99
   0096 00                  227 	.db #0x00
   0097 91                  228 	.db #0x91
   0098 81                  229 	.db #0x81
   0099 00                  230 	.db #0x00
   009A 00                  231 	.db #0x00
   009B 00                  232 	.db #0x00
   009C 00                  233 	.db #0x00
   009D 00                  234 	.db #0x00
   009E 00                  235 	.db #0x00
   009F 00                  236 	.db #0x00
   00A0 9B                  237 	.db #0x9B
   00A1 99                  238 	.db #0x99
   00A2 00                  239 	.db #0x00
   00A3 00                  240 	.db #0x00
   00A4 00                  241 	.db #0x00
   00A5 00                  242 	.db #0x00
   00A6 9E                  243 	.db #0x9E
   00A7 99                  244 	.db #0x99
   00A8 00                  245 	.db #0x00
   00A9 00                  246 	.db #0x00
   00AA 97                  247 	.db #0x97
   00AB 91                  248 	.db #0x91
   00AC 00                  249 	.db #0x00
   00AD 80                  250 	.db #0x80
   00AE 91                  251 	.db #0x91
   00AF 00                  252 	.db #0x00
   00B0 00                  253 	.db #0x00
   00B1 00                  254 	.db #0x00
   00B2 00                  255 	.db #0x00
   00B3 00                  256 	.db #0x00
   00B4 9B                  257 	.db #0x9B
   00B5 99                  258 	.db #0x99
   00B6 00                  259 	.db #0x00
   00B7 91                  260 	.db #0x91
   00B8 81                  261 	.db #0x81
   00B9 00                  262 	.db #0x00
   00BA 00                  263 	.db #0x00
   00BB 00                  264 	.db #0x00
   00BC 00                  265 	.db #0x00
   00BD 00                  266 	.db #0x00
   00BE 00                  267 	.db #0x00
   00BF 00                  268 	.db #0x00
   00C0 9E                  269 	.db #0x9E
   00C1 99                  270 	.db #0x99
   00C2 00                  271 	.db #0x00
   00C3 00                  272 	.db #0x00
   00C4 98                  273 	.db #0x98
   00C5 91                  274 	.db #0x91
   00C6 00                  275 	.db #0x00
   00C7 89                  276 	.db #0x89
   00C8 91                  277 	.db #0x91
   00C9 00                  278 	.db #0x00
   00CA 9B                  279 	.db #0x9B
   00CB 99                  280 	.db #0x99
   00CC 00                  281 	.db #0x00
   00CD 91                  282 	.db #0x91
   00CE 81                  283 	.db #0x81
   00CF 00                  284 	.db #0x00
   00D0 00                  285 	.db #0x00
   00D1 00                  286 	.db #0x00
   00D2 00                  287 	.db #0x00
   00D3 00                  288 	.db #0x00
   00D4 00                  289 	.db #0x00
   00D5 00                  290 	.db #0x00
   00D6 9E                  291 	.db #0x9E
   00D7 99                  292 	.db #0x99
   00D8 00                  293 	.db #0x00
   00D9 00                  294 	.db #0x00
   00DA 00                  295 	.db #0x00
   00DB 00                  296 	.db #0x00
   00DC 9B                  297 	.db #0x9B
   00DD 99                  298 	.db #0x99
   00DE 00                  299 	.db #0x00
   00DF 91                  300 	.db #0x91
   00E0 81                  301 	.db #0x81
   00E1 00                  302 	.db #0x00
   00E2 9A                  303 	.db #0x9A
   00E3 91                  304 	.db #0x91
   00E4 00                  305 	.db #0x00
   00E5 80                  306 	.db #0x80
   00E6 91                  307 	.db #0x91
   00E7 00                  308 	.db #0x00
   00E8 00                  309 	.db #0x00
   00E9 91                  310 	.db #0x91
   00EA 81                  311 	.db #0x81
   00EB 00                  312 	.db #0x00
   00EC 00                  313 	.db #0x00
   00ED 00                  314 	.db #0x00
   00EE 9E                  315 	.db #0x9E
   00EF 99                  316 	.db #0x99
   00F0 00                  317 	.db #0x00
   00F1 00                  318 	.db #0x00
   00F2 00                  319 	.db #0x00
   00F3 00                  320 	.db #0x00
   00F4 9B                  321 	.db #0x9B
   00F5 99                  322 	.db #0x99
   00F6 00                  323 	.db #0x00
   00F7 00                  324 	.db #0x00
   00F8 00                  325 	.db #0x00
   00F9 00                  326 	.db #0x00
   00FA 00                  327 	.db #0x00
   00FB 91                  328 	.db #0x91
   00FC 81                  329 	.db #0x81
   00FD 00                  330 	.db #0x00
   00FE 98                  331 	.db #0x98
   00FF 91                  332 	.db #0x91
   0100 00                  333 	.db #0x00
   0101 97                  334 	.db #0x97
   0102 91                  335 	.db #0x91
   0103 00                  336 	.db #0x00
   0104 9E                  337 	.db #0x9E
   0105 99                  338 	.db #0x99
   0106 00                  339 	.db #0x00
   0107 00                  340 	.db #0x00
   0108 00                  341 	.db #0x00
   0109 00                  342 	.db #0x00
   010A 00                  343 	.db #0x00
   010B 91                  344 	.db #0x91
   010C 81                  345 	.db #0x81
   010D 00                  346 	.db #0x00
   010E 00                  347 	.db #0x00
   010F 00                  348 	.db #0x00
   0110 9B                  349 	.db #0x9B
   0111 99                  350 	.db #0x99
   0112 00                  351 	.db #0x00
   0113 00                  352 	.db #0x00
   0114 00                  353 	.db #0x00
   0115 00                  354 	.db #0x00
   0116 9E                  355 	.db #0x9E
   0117 99                  356 	.db #0x99
   0118 00                  357 	.db #0x00
   0119 91                  358 	.db #0x91
   011A 81                  359 	.db #0x81
   011B 00                  360 	.db #0x00
   011C 97                  361 	.db #0x97
   011D 91                  362 	.db #0x91
   011E 00                  363 	.db #0x00
   011F 85                  364 	.db #0x85
   0120 91                  365 	.db #0x91
   0121 00                  366 	.db #0x00
   0122 00                  367 	.db #0x00
   0123 00                  368 	.db #0x00
   0124 00                  369 	.db #0x00
   0125 00                  370 	.db #0x00
   0126 9B                  371 	.db #0x9B
   0127 99                  372 	.db #0x99
   0128 00                  373 	.db #0x00
   0129 00                  374 	.db #0x00
   012A 00                  375 	.db #0x00
   012B 00                  376 	.db #0x00
   012C 00                  377 	.db #0x00
   012D 91                  378 	.db #0x91
   012E 81                  379 	.db #0x81
   012F 00                  380 	.db #0x00
   0130 00                  381 	.db #0x00
   0131 00                  382 	.db #0x00
   0132 9E                  383 	.db #0x9E
   0133 99                  384 	.db #0x99
   0134 00                  385 	.db #0x00
   0135 00                  386 	.db #0x00
   0136 95                  387 	.db #0x95
   0137 91                  388 	.db #0x91
   0138 00                  389 	.db #0x00
   0139 89                  390 	.db #0x89
   013A 91                  391 	.db #0x91
   013B 00                  392 	.db #0x00
   013C 00                  393 	.db #0x00
   013D 91                  394 	.db #0x91
   013E 81                  395 	.db #0x81
   013F 00                  396 	.db #0x00
   0140 00                  397 	.db #0x00
   0141 00                  398 	.db #0x00
   0142 9E                  399 	.db #0x9E
   0143 99                  400 	.db #0x99
   0144 00                  401 	.db #0x00
   0145 00                  402 	.db #0x00
   0146 00                  403 	.db #0x00
   0147 00                  404 	.db #0x00
   0148 9B                  405 	.db #0x9B
   0149 99                  406 	.db #0x99
   014A 00                  407 	.db #0x00
   014B 91                  408 	.db #0x91
   014C 81                  409 	.db #0x81
   014D 00                  410 	.db #0x00
   014E 00                  411 	.db #0x00
   014F 00                  412 	.db #0x00
   0150 00                  413 	.db #0x00
   0151 00                  414 	.db #0x00
   0152 95                  415 	.db #0x95
   0153 91                  416 	.db #0x91
   0154 00                  417 	.db #0x00
   0155 80                  418 	.db #0x80
   0156 91                  419 	.db #0x91
   0157 00                  420 	.db #0x00
   0158 9E                  421 	.db #0x9E
   0159 99                  422 	.db #0x99
   015A 00                  423 	.db #0x00
   015B 00                  424 	.db #0x00
   015C 00                  425 	.db #0x00
   015D 00                  426 	.db #0x00
   015E 00                  427 	.db #0x00
   015F 00                  428 	.db #0x00
   0160 00                  429 	.db #0x00
   0161 00                  430 	.db #0x00
   0162 9B                  431 	.db #0x9B
   0163 99                  432 	.db #0x99
   0164 00                  433 	.db #0x00
   0165 91                  434 	.db #0x91
   0166 81                  435 	.db #0x81
   0167 00                  436 	.db #0x00
   0168 00                  437 	.db #0x00
   0169 00                  438 	.db #0x00
   016A 9E                  439 	.db #0x9E
   016B 99                  440 	.db #0x99
   016C 00                  441 	.db #0x00
   016D 00                  442 	.db #0x00
   016E 98                  443 	.db #0x98
   016F 91                  444 	.db #0x91
   0170 00                  445 	.db #0x00
   0171 89                  446 	.db #0x89
   0172 91                  447 	.db #0x91
   0173 00                  448 	.db #0x00
   0174 00                  449 	.db #0x00
   0175 00                  450 	.db #0x00
   0176 00                  451 	.db #0x00
   0177 00                  452 	.db #0x00
   0178 9B                  453 	.db #0x9B
   0179 99                  454 	.db #0x99
   017A 00                  455 	.db #0x00
   017B 00                  456 	.db #0x00
   017C 00                  457 	.db #0x00
   017D 00                  458 	.db #0x00
   017E 00                  459 	.db #0x00
   017F 91                  460 	.db #0x91
   0180 81                  461 	.db #0x81
   0181 00                  462 	.db #0x00
   0182 00                  463 	.db #0x00
   0183 00                  464 	.db #0x00
   0184 9E                  465 	.db #0x9E
   0185 99                  466 	.db #0x99
   0186 00                  467 	.db #0x00
   0187 00                  468 	.db #0x00
   0188 9C                  469 	.db #0x9C
   0189 91                  470 	.db #0x91
   018A 00                  471 	.db #0x00
   018B 80                  472 	.db #0x80
   018C 91                  473 	.db #0x91
   018D 00                  474 	.db #0x00
   018E 9B                  475 	.db #0x9B
   018F 99                  476 	.db #0x99
   0190 00                  477 	.db #0x00
   0191 00                  478 	.db #0x00
   0192 00                  479 	.db #0x00
   0193 00                  480 	.db #0x00
   0194 00                  481 	.db #0x00
   0195 00                  482 	.db #0x00
   0196 00                  483 	.db #0x00
   0197 00                  484 	.db #0x00
   0198 9E                  485 	.db #0x9E
   0199 99                  486 	.db #0x99
   019A 00                  487 	.db #0x00
   019B 00                  488 	.db #0x00
   019C 00                  489 	.db #0x00
   019D 00                  490 	.db #0x00
   019E 00                  491 	.db #0x00
   019F 91                  492 	.db #0x91
   01A0 81                  493 	.db #0x81
   01A1 00                  494 	.db #0x00
   01A2 8C                  495 	.db #0x8C
   01A3 91                  496 	.db #0x91
   01A4 00                  497 	.db #0x00
   01A5 85                  498 	.db #0x85
   01A6 91                  499 	.db #0x91
   01A7 00                  500 	.db #0x00
   01A8 00                  501 	.db #0x00
   01A9 91                  502 	.db #0x91
   01AA 81                  503 	.db #0x81
   01AB 00                  504 	.db #0x00
   01AC 00                  505 	.db #0x00
   01AD 00                  506 	.db #0x00
   01AE 00                  507 	.db #0x00
   01AF 00                  508 	.db #0x00
   01B0 00                  509 	.db #0x00
   01B1 00                  510 	.db #0x00
   01B2 00                  511 	.db #0x00
   01B3 91                  512 	.db #0x91
   01B4 81                  513 	.db #0x81
   01B5 00                  514 	.db #0x00
   01B6 00                  515 	.db #0x00
   01B7 00                  516 	.db #0x00
   01B8 00                  517 	.db #0x00
   01B9 91                  518 	.db #0x91
   01BA 81                  519 	.db #0x81
   01BB 00                  520 	.db #0x00
ASxxxx Assembler V01.75  (GameBoy Z80-like CPU), page 1.

Symbol Table

  9 _song_tetris0                      0000 GR
  1 _song_tetris_Data                  0000 GR

ASxxxx Assembler V01.75  (GameBoy Z80-like CPU), page 2.

Area Table

   0 _CODE                              size    0   flags 0
   1 _DATA                              size    4   flags 0
   2 _OVERLAY                           size    0   flags 0
   3 _ISEG                              size    0   flags 0
   4 _BSEG                              size    0   flags 0
   5 _XSEG                              size    0   flags 0
   6 _GSINIT                            size   16   flags 0
   7 _GSFINAL                           size    0   flags 0
   8 _HOME                              size    0   flags 0
   9 _CODE_28                           size  1BC   flags 0
