                              1 ;--------------------------------------------------------
                              2 ; File Created by SDCC : FreeWare ANSI-C Compiler
                              3 ; Version 2.2.1 Fri Mar 08 21:06:43 2019
                              4 
                              5 ;--------------------------------------------------------
                              6 	.module lcc129520
                              7 	
                              8 ;--------------------------------------------------------
                              9 ; Public variables in this module
                             10 ;--------------------------------------------------------
                             11 	.globl _main
                             12 	.globl _color
                             13 	.globl _font_set
                             14 	.globl _font_load
                             15 	.globl _font_init
                             16 	.globl _get_mode
                             17 	.globl _mode
                             18 	.globl _printf
                             19 	.globl _main
                             20 ;--------------------------------------------------------
                             21 ; Externals used
                             22 ;--------------------------------------------------------
                             23 	.globl _IE_REG
                             24 	.globl _SVBK_REG
                             25 	.globl _OCPD_REG
                             26 	.globl _OCPS_REG
                             27 	.globl _BCPD_REG
                             28 	.globl _BCPS_REG
                             29 	.globl _RP_REG
                             30 	.globl _HDMA5_REG
                             31 	.globl _HDMA4_REG
                             32 	.globl _HDMA3_REG
                             33 	.globl _HDMA2_REG
                             34 	.globl _HDMA1_REG
                             35 	.globl _VBK_REG
                             36 	.globl _KEY1_REG
                             37 	.globl _WX_REG
                             38 	.globl _WY_REG
                             39 	.globl _OBP1_REG
                             40 	.globl _OBP0_REG
                             41 	.globl _BGP_REG
                             42 	.globl _DMA_REG
                             43 	.globl _LYC_REG
                             44 	.globl _LY_REG
                             45 	.globl _SCX_REG
                             46 	.globl _SCY_REG
                             47 	.globl _STAT_REG
                             48 	.globl _LCDC_REG
                             49 	.globl _NR52_REG
                             50 	.globl _NR51_REG
                             51 	.globl _NR50_REG
                             52 	.globl _NR44_REG
                             53 	.globl _NR43_REG
                             54 	.globl _NR42_REG
                             55 	.globl _NR41_REG
                             56 	.globl _NR34_REG
                             57 	.globl _NR33_REG
                             58 	.globl _NR32_REG
                             59 	.globl _NR31_REG
                             60 	.globl _NR30_REG
                             61 	.globl _NR24_REG
                             62 	.globl _NR23_REG
                             63 	.globl _NR22_REG
                             64 	.globl _NR21_REG
                             65 	.globl _NR14_REG
                             66 	.globl _NR13_REG
                             67 	.globl _NR12_REG
                             68 	.globl _NR11_REG
                             69 	.globl _NR10_REG
                             70 	.globl _IF_REG
                             71 	.globl _TAC_REG
                             72 	.globl _TMA_REG
                             73 	.globl _TIMA_REG
                             74 	.globl _DIV_REG
                             75 	.globl _SC_REG
                             76 	.globl _SB_REG
                             77 	.globl _P1_REG
                             78 	.globl _font_ibm_fixed
                             79 	.globl _font_min
                             80 	.globl _font_ibm
                             81 	.globl _font_italic
                             82 	.globl _font_spect
                             83 	.globl __io_out
                             84 	.globl __io_in
                             85 	.globl __io_status
                             86 	.globl _sys_time
                             87 	.globl __cpu
                             88 ;--------------------------------------------------------
                             89 ; special function registers
                             90 ;--------------------------------------------------------
                             91 ;--------------------------------------------------------
                             92 ; special function bits 
                             93 ;--------------------------------------------------------
                             94 ;--------------------------------------------------------
                             95 ; internal ram data
                             96 ;--------------------------------------------------------
                             97 	.area _DATA
                             98 ;--------------------------------------------------------
                             99 ; overlayable items in internal ram 
                            100 ;--------------------------------------------------------
                            101 	.area _OVERLAY
                            102 ;--------------------------------------------------------
                            103 ; indirectly addressable internal ram data
                            104 ;--------------------------------------------------------
                            105 	.area _ISEG
                            106 ;--------------------------------------------------------
                            107 ; bit data
                            108 ;--------------------------------------------------------
                            109 	.area _BSEG
                            110 ;--------------------------------------------------------
                            111 ; external ram data
                            112 ;--------------------------------------------------------
                            113 	.area _XSEG
                            114 ;--------------------------------------------------------
                            115 ; global & static initialisations
                            116 ;--------------------------------------------------------
                            117 	.area _GSINIT
                            118 	.area _GSFINAL
                            119 	.area _GSINIT
                            120 ;--------------------------------------------------------
                            121 ; Home
                            122 ;--------------------------------------------------------
                            123 	.area _HOME
                            124 	.area _CODE
                            125 ;--------------------------------------------------------
                            126 ; code
                            127 ;--------------------------------------------------------
                            128 	.area _CODE
                            129 ;	fonts.c 12
                            130 ; genLabel
                            131 ; genFunction
                            132 ;	---------------------------------
                            133 ; Function main
                            134 ; ---------------------------------
   0000                     135 ___main_start:
   0000                     136 _main:
   0000 C5                  137 	push	bc
   0001 E8 FA               138 	lda	sp,-6(sp)
                            139 ;	fonts.c 18
                            140 ; genCall
   0003 CD 00 00            141 	call	_font_init
                            142 ;	fonts.c 21
                            143 ; genIpush
   0006 21 00 00            144 	ld	hl,#_font_ibm + 0
   0009 E5                  145 	push	hl
                            146 ; genCall
   000A CD 00 00            147 	call	_font_load
                            148 ; AOP_STK for _main_ibm_font_1_1
   000D F8 07               149 	lda	hl,7(sp)
   000F 72                  150 	ld	(hl),d
   0010 2B                  151 	dec	hl
   0011 73                  152 	ld	(hl),e
   0012 E8 02               153 	lda	sp,2(sp)
                            154 ;	fonts.c 22
                            155 ; genIpush
   0014 21 00 00            156 	ld	hl,#_font_italic + 0
   0017 E5                  157 	push	hl
                            158 ; genCall
   0018 CD 00 00            159 	call	_font_load
                            160 ; AOP_STK for _main_italic_font_1_1
   001B F8 05               161 	lda	hl,5(sp)
   001D 72                  162 	ld	(hl),d
   001E 2B                  163 	dec	hl
   001F 73                  164 	ld	(hl),e
   0020 E8 02               165 	lda	sp,2(sp)
                            166 ;	fonts.c 25
                            167 ; genIpush
   0022 3E 00               168 	ld	a,#0x00
   0024 F5                  169 	push	af
   0025 33                  170 	inc	sp
                            171 ; genIpush
   0026 3E 02               172 	ld	a,#0x02
   0028 F5                  173 	push	af
   0029 33                  174 	inc	sp
                            175 ; genIpush
   002A 3E 00               176 	ld	a,#0x00
   002C F5                  177 	push	af
   002D 33                  178 	inc	sp
                            179 ; genCall
   002E CD 00 00            180 	call	_color
   0031 E8 03               181 	lda	sp,3(sp)
                            182 ;	fonts.c 27
                            183 ; genIpush
   0033 21 00 00            184 	ld	hl,#_font_min + 0
   0036 E5                  185 	push	hl
                            186 ; genCall
   0037 CD 00 00            187 	call	_font_load
                            188 ; AOP_STK for _main_min_font_1_1
   003A F8 03               189 	lda	hl,3(sp)
   003C 72                  190 	ld	(hl),d
   003D 2B                  191 	dec	hl
   003E 73                  192 	ld	(hl),e
   003F E8 02               193 	lda	sp,2(sp)
                            194 ;	fonts.c 30
                            195 ; genCall
   0041 CD 00 00            196 	call	_get_mode
   0044 4B                  197 	ld	c,e
                            198 ; genOr
                            199 ; Type res[2] = l[2]&r[1]
                            200 ; Size res[1] = l[1]&r[1]
   0045 79                  201 	ld	a,c
   0046 F6 04               202 	or	a,#0x04
   0048 4F                  203 	ld	c,a
                            204 ; genIpush
   0049 79                  205 	ld	a,c
   004A F5                  206 	push	af
   004B 33                  207 	inc	sp
                            208 ; genCall
   004C CD 00 00            209 	call	_mode
   004F E8 01               210 	lda	sp,1(sp)
                            211 ;	fonts.c 35
                            212 ; genIpush
                            213 ; AOP_STK for _main_ibm_font_1_1
   0051 F8 04               214 	lda	hl,4(sp)
   0053 2A                  215 	ld	a,(hl+)
   0054 66                  216 	ld	h,(hl)
   0055 6F                  217 	ld	l,a
   0056 E5                  218 	push	hl
                            219 ; genCall
   0057 CD 00 00            220 	call	_font_set
   005A E8 02               221 	lda	sp,2(sp)
                            222 ;	fonts.c 36
                            223 ; genIpush
   005C 21 C1 00            224 	ld	hl,#__str_0 + 0
   005F E5                  225 	push	hl
                            226 ; genCall
   0060 CD 00 00            227 	call	_printf
   0063 E8 02               228 	lda	sp,2(sp)
                            229 ;	fonts.c 38
                            230 ; genIpush
   0065 21 CE 00            231 	ld	hl,#__str_1 + 0
   0068 E5                  232 	push	hl
                            233 ; genCall
   0069 CD 00 00            234 	call	_printf
   006C E8 02               235 	lda	sp,2(sp)
                            236 ;	fonts.c 41
                            237 ; genIpush
                            238 ; AOP_STK for _main_italic_font_1_1
   006E F8 02               239 	lda	hl,2(sp)
   0070 2A                  240 	ld	a,(hl+)
   0071 66                  241 	ld	h,(hl)
   0072 6F                  242 	ld	l,a
   0073 E5                  243 	push	hl
                            244 ; genCall
   0074 CD 00 00            245 	call	_font_set
   0077 E8 02               246 	lda	sp,2(sp)
                            247 ;	fonts.c 42
                            248 ; genAssign
   0079 01 01 00            249 	ld	bc,#0x0001
                            250 ; genLabel
   007C                     251 00101$:
                            252 ; genCmpEq
   007C 79                  253 	ld	a,c ; 2
   007D FE 05               254 	cp	a,#0x05
   007F C2 87 00            255 	jp	nz,00109$
   0082 78                  256 	ld	a,b ; 2
                            257 ; Rule 3
   0083 B7                  258 	or	a,a
                            259 ; Rule 5
   0084 CA 95 00            260 	jp	z,00104$
   0087                     261 00109$:
                            262 ;	fonts.c 43
                            263 ; genIpush
   0087 C5                  264 	push	bc
                            265 ; genIpush
   0088 21 DF 00            266 	ld	hl,#__str_2 + 0
   008B E5                  267 	push	hl
                            268 ; genCall
   008C CD 00 00            269 	call	_printf
   008F E8 04               270 	lda	sp,4(sp)
                            271 ;	fonts.c 42
                            272 ; genPlus
                            273 ; genPlusIncr
   0091 03                  274 	inc	bc
                            275 ; genGoto
   0092 C3 7C 00            276 	jp	00101$
                            277 ; genLabel
   0095                     278 00104$:
                            279 ;	fonts.c 47
                            280 ; genIpush
                            281 ; AOP_STK for _main_min_font_1_1
   0095 F8 00               282 	lda	hl,0(sp)
   0097 2A                  283 	ld	a,(hl+)
   0098 66                  284 	ld	h,(hl)
   0099 6F                  285 	ld	l,a
   009A E5                  286 	push	hl
                            287 ; genCall
   009B CD 00 00            288 	call	_font_set
   009E E8 02               289 	lda	sp,2(sp)
                            290 ;	fonts.c 48
                            291 ; genIpush
   00A0 21 F4 00            292 	ld	hl,#__str_3 + 0
   00A3 E5                  293 	push	hl
                            294 ; genCall
   00A4 CD 00 00            295 	call	_printf
   00A7 E8 02               296 	lda	sp,2(sp)
                            297 ;	fonts.c 51
                            298 ; genIpush
                            299 ; AOP_STK for _main_ibm_font_1_1
   00A9 F8 04               300 	lda	hl,4(sp)
   00AB 2A                  301 	ld	a,(hl+)
   00AC 66                  302 	ld	h,(hl)
   00AD 6F                  303 	ld	l,a
   00AE E5                  304 	push	hl
                            305 ; genCall
   00AF CD 00 00            306 	call	_font_set
   00B2 E8 02               307 	lda	sp,2(sp)
                            308 ;	fonts.c 52
                            309 ; genIpush
   00B4 21 0A 01            310 	ld	hl,#__str_4 + 0
   00B7 E5                  311 	push	hl
                            312 ; genCall
   00B8 CD 00 00            313 	call	_printf
   00BB E8 02               314 	lda	sp,2(sp)
                            315 ; genLabel
   00BD                     316 00105$:
                            317 ; genEndFunction
   00BD E8 06               318 	lda	sp,6(sp)
   00BF C1                  319 	pop	bc
   00C0 C9                  320 	ret
   00C1                     321 ___main_end:
   00C1                     322 __str_0:
   00C1 46 6F 6E 74 20 64   323 	.ascii "Font demo."
        65 6D 6F 2E
   00CB 0A                  324 	.db 0x0A
   00CC 0A                  325 	.db 0x0A
   00CD 00                  326 	.db 0x00
   00CE                     327 __str_1:
   00CE 49 42 4D 20 46 6F   328 	.ascii "IBM Font #!?123"
        6E 74 20 23 21 3F
        31 32 33
   00DD 0A                  329 	.db 0x0A
   00DE 00                  330 	.db 0x00
   00DF                     331 __str_2:
   00DF 49 6E 20 69 74 61   332 	.ascii "In italics, line %u"
        6C 69 63 73 2C 20
        6C 69 6E 65 20 25
        75
   00F2 0A                  333 	.db 0x0A
   00F3 00                  334 	.db 0x00
   00F4                     335 __str_3:
   00F4 4D 69 6E 69 6D 61   336 	.ascii "Minimal 36 tile font"
        6C 20 33 36 20 74
        69 6C 65 20 66 6F
        6E 74
   0108 0A                  337 	.db 0x0A
   0109 00                  338 	.db 0x00
   010A                     339 __str_4:
   010A 0A                  340 	.db 0x0A
   010B 44 6F 6E 65 21      341 	.ascii "Done!"
   0110 00                  342 	.db 0x00
                            343 	.area _CODE
ASxxxx Assembler V01.75  (GameBoy Z80-like CPU), page 1.

Symbol Table

    _BCPD_REG                          **** GX
    _BCPS_REG                          **** GX
    _BGP_REG                           **** GX
    _DIV_REG                           **** GX
    _DMA_REG                           **** GX
    _HDMA1_REG                         **** GX
    _HDMA2_REG                         **** GX
    _HDMA3_REG                         **** GX
    _HDMA4_REG                         **** GX
    _HDMA5_REG                         **** GX
    _IE_REG                            **** GX
    _IF_REG                            **** GX
    _KEY1_REG                          **** GX
    _LCDC_REG                          **** GX
    _LYC_REG                           **** GX
    _LY_REG                            **** GX
    _NR10_REG                          **** GX
    _NR11_REG                          **** GX
    _NR12_REG                          **** GX
    _NR13_REG                          **** GX
    _NR14_REG                          **** GX
    _NR21_REG                          **** GX
    _NR22_REG                          **** GX
    _NR23_REG                          **** GX
    _NR24_REG                          **** GX
    _NR30_REG                          **** GX
    _NR31_REG                          **** GX
    _NR32_REG                          **** GX
    _NR33_REG                          **** GX
    _NR34_REG                          **** GX
    _NR41_REG                          **** GX
    _NR42_REG                          **** GX
    _NR43_REG                          **** GX
    _NR44_REG                          **** GX
    _NR50_REG                          **** GX
    _NR51_REG                          **** GX
    _NR52_REG                          **** GX
    _OBP0_REG                          **** GX
    _OBP1_REG                          **** GX
    _OCPD_REG                          **** GX
    _OCPS_REG                          **** GX
    _P1_REG                            **** GX
    _RP_REG                            **** GX
    _SB_REG                            **** GX
    _SCX_REG                           **** GX
    _SCY_REG                           **** GX
    _SC_REG                            **** GX
    _STAT_REG                          **** GX
    _SVBK_REG                          **** GX
    _TAC_REG                           **** GX
    _TIMA_REG                          **** GX
    _TMA_REG                           **** GX
    _VBK_REG                           **** GX
    _WX_REG                            **** GX
    _WY_REG                            **** GX
  0 ___main_end                        00C1 R
  0 ___main_start                      0000 R
    __cpu                              **** GX
    __io_in                            **** GX
    __io_out                           **** GX
    __io_status                        **** GX
  0 __str_0                            00C1 R
  0 __str_1                            00CE R
  0 __str_2                            00DF R
  0 __str_3                            00F4 R
  0 __str_4                            010A R
    _color                             **** GX
    _font_ibm                          **** GX
    _font_ibm_fixed                    **** GX
    _font_init                         **** GX
    _font_italic                       **** GX
    _font_load                         **** GX
    _font_min                          **** GX
    _font_set                          **** GX
    _font_spect                        **** GX
    _get_mode                          **** GX
  0 _main                              0000 GR
    _mode                              **** GX
    _printf                            **** GX
    _sys_time                          **** GX

ASxxxx Assembler V01.75  (GameBoy Z80-like CPU), page 2.

Area Table

   0 _CODE                              size  111   flags 0
   1 _DATA                              size    0   flags 0
   2 _OVERLAY                           size    0   flags 0
   3 _ISEG                              size    0   flags 0
   4 _BSEG                              size    0   flags 0
   5 _XSEG                              size    0   flags 0
   6 _GSINIT                            size    0   flags 0
   7 _GSFINAL                           size    0   flags 0
   8 _HOME                              size    0   flags 0
