                              1 ; font: italic
                              2 	;; BANKED:	checked,imperfect
                              3 	.area	_BASE
   0000                       4 _font_italic::
   0000 05                    5 	.db	1+4	; 128 char encoding, compressed
   0001 5D                    6 	.db	93	; Number of tiles
                              7 
                              8 ; Encoding table
                              9 
   0002 00 00 00 00 00 00    10 	.db 0x00,0x00,0x00,0x00,0x00,0x00,0x00,0x00
        00 00
   000A 00 00 00 00 00 00    11 	.db 0x00,0x00,0x00,0x00,0x00,0x00,0x00,0x00
        00 00
   0012 00 00 00 00 00 00    12 	.db 0x00,0x00,0x00,0x00,0x00,0x00,0x00,0x00
        00 00
   001A 00 00 00 00 00 00    13 	.db 0x00,0x00,0x00,0x00,0x00,0x00,0x00,0x00
        00 00
   0022 00 01 02 03 04 05    14 	.db 0x00,0x01,0x02,0x03,0x04,0x05,0x06,0x07
        06 07
   002A 08 09 0A 0B 0C 0D    15 	.db 0x08,0x09,0x0A,0x0B,0x0C,0x0D,0x0E,0x0F
        0E 0F
   0032 10 11 12 13 14 15    16 	.db 0x10,0x11,0x12,0x13,0x14,0x15,0x16,0x17
        16 17
   003A 18 19 1A 1B 1C 1D    17 	.db 0x18,0x19,0x1A,0x1B,0x1C,0x1D,0x1E,0x1F
        1E 1F
   0042 20 21 22 23 24 25    18 	.db 0x20,0x21,0x22,0x23,0x24,0x25,0x26,0x27
        26 27
   004A 28 29 2A 2B 2C 2D    19 	.db 0x28,0x29,0x2A,0x2B,0x2C,0x2D,0x2E,0x2F
        2E 2F
   0052 30 31 32 33 34 35    20 	.db 0x30,0x31,0x32,0x33,0x34,0x35,0x36,0x37
        36 37
   005A 38 39 3A 3B 3C 3D    21 	.db 0x38,0x39,0x3A,0x3B,0x3C,0x3D,0x3E,0x00
        3E 00
   0062 00 3F 40 41 42 43    22 	.db 0x00,0x3F,0x40,0x41,0x42,0x43,0x44,0x45
        44 45
   006A 46 47 48 49 4A 4B    23 	.db 0x46,0x47,0x48,0x49,0x4A,0x4B,0x4C,0x4D
        4C 4D
   0072 4E 4F 50 51 52 53    24 	.db 0x4E,0x4F,0x50,0x51,0x52,0x53,0x54,0x55
        54 55
   007A 56 57 58 59 5A 5B    25 	.db 0x56,0x57,0x58,0x59,0x5A,0x5B,0x5C,0x00
        5C 00
                             26 ; Tile data
                             27 ; Default character (space)
   0082 00                   28 	.db	0b00000000
   0083 00                   29 	.db	0b00000000
   0084 00                   30 	.db	0b00000000
   0085 00                   31 	.db	0b00000000
   0086 00                   32 	.db	0b00000000
   0087 00                   33 	.db	0b00000000
   0088 00                   34 	.db	0b00000000
   0089 00                   35 	.db	0b00000000
                             36 
                             37 ; Character: ! (21)
   008A 00                   38 	.db	0b00000000	;         
   008B 08                   39 	.db	0b00001000	;     o   
   008C 08                   40 	.db	0b00001000	;     o   
   008D 08                   41 	.db	0b00001000	;     o   
   008E 10                   42 	.db	0b00010000	;    o    
   008F 10                   43 	.db	0b00010000	;    o    
   0090 00                   44 	.db	0b00000000	;         
   0091 20                   45 	.db	0b00100000	;   o     
                             46 
                             47 ; Character: " (22)
   0092 00                   48 	.db	0b00000000	;         
   0093 24                   49 	.db	0b00100100	;   o  o  
   0094 24                   50 	.db	0b00100100	;   o  o  
   0095 00                   51 	.db	0b00000000	;         
   0096 00                   52 	.db	0b00000000	;         
   0097 00                   53 	.db	0b00000000	;         
   0098 00                   54 	.db	0b00000000	;         
   0099 00                   55 	.db	0b00000000	;         
                             56 
                             57 ; Character: # (23)
   009A 00                   58 	.db	0b00000000	;         
   009B 24                   59 	.db	0b00100100	;   o  o  
   009C 7E                   60 	.db	0b01111110	;  oooooo 
   009D 24                   61 	.db	0b00100100	;   o  o  
   009E 24                   62 	.db	0b00100100	;   o  o  
   009F 7E                   63 	.db	0b01111110	;  oooooo 
   00A0 24                   64 	.db	0b00100100	;   o  o  
   00A1 00                   65 	.db	0b00000000	;         
                             66 
                             67 ; Character: $ (24)
   00A2 00                   68 	.db	0b00000000	;         
   00A3 08                   69 	.db	0b00001000	;     o   
   00A4 3E                   70 	.db	0b00111110	;   ooooo 
   00A5 28                   71 	.db	0b00101000	;   o o   
   00A6 3E                   72 	.db	0b00111110	;   ooooo 
   00A7 0A                   73 	.db	0b00001010	;     o o 
   00A8 3E                   74 	.db	0b00111110	;   ooooo 
   00A9 08                   75 	.db	0b00001000	;     o   
                             76 
                             77 ; Character: % (25)
   00AA 00                   78 	.db	0b00000000	;         
   00AB 62                   79 	.db	0b01100010	;  oo   o 
   00AC 64                   80 	.db	0b01100100	;  oo  o  
   00AD 08                   81 	.db	0b00001000	;     o   
   00AE 10                   82 	.db	0b00010000	;    o    
   00AF 26                   83 	.db	0b00100110	;   o  oo 
   00B0 46                   84 	.db	0b01000110	;  o   oo 
   00B1 00                   85 	.db	0b00000000	;         
                             86 
                             87 ; Character: & (26)
   00B2 00                   88 	.db	0b00000000	;         
   00B3 10                   89 	.db	0b00010000	;    o    
   00B4 28                   90 	.db	0b00101000	;   o o   
   00B5 10                   91 	.db	0b00010000	;    o    
   00B6 2A                   92 	.db	0b00101010	;   o o o 
   00B7 44                   93 	.db	0b01000100	;  o   o  
   00B8 3A                   94 	.db	0b00111010	;   ooo o 
   00B9 00                   95 	.db	0b00000000	;         
                             96 
                             97 ; Character: ' (27)
   00BA 00                   98 	.db	0b00000000	;         
   00BB 08                   99 	.db	0b00001000	;     o   
   00BC 10                  100 	.db	0b00010000	;    o    
   00BD 00                  101 	.db	0b00000000	;         
   00BE 00                  102 	.db	0b00000000	;         
   00BF 00                  103 	.db	0b00000000	;         
   00C0 00                  104 	.db	0b00000000	;         
   00C1 00                  105 	.db	0b00000000	;         
                            106 
                            107 ; Character: ( (28)
   00C2 00                  108 	.db	0b00000000	;         
   00C3 04                  109 	.db	0b00000100	;      o  
   00C4 08                  110 	.db	0b00001000	;     o   
   00C5 08                  111 	.db	0b00001000	;     o   
   00C6 08                  112 	.db	0b00001000	;     o   
   00C7 08                  113 	.db	0b00001000	;     o   
   00C8 04                  114 	.db	0b00000100	;      o  
   00C9 00                  115 	.db	0b00000000	;         
                            116 
                            117 ; Character: ) (29)
   00CA 00                  118 	.db	0b00000000	;         
   00CB 20                  119 	.db	0b00100000	;   o     
   00CC 10                  120 	.db	0b00010000	;    o    
   00CD 10                  121 	.db	0b00010000	;    o    
   00CE 10                  122 	.db	0b00010000	;    o    
   00CF 10                  123 	.db	0b00010000	;    o    
   00D0 20                  124 	.db	0b00100000	;   o     
   00D1 00                  125 	.db	0b00000000	;         
                            126 
                            127 ; Character: * (2A)
   00D2 00                  128 	.db	0b00000000	;         
   00D3 00                  129 	.db	0b00000000	;         
   00D4 24                  130 	.db	0b00100100	;   o  o  
   00D5 18                  131 	.db	0b00011000	;    oo   
   00D6 7E                  132 	.db	0b01111110	;  oooooo 
   00D7 18                  133 	.db	0b00011000	;    oo   
   00D8 24                  134 	.db	0b00100100	;   o  o  
   00D9 00                  135 	.db	0b00000000	;         
                            136 
                            137 ; Character: + (2B)
   00DA 00                  138 	.db	0b00000000	;         
   00DB 00                  139 	.db	0b00000000	;         
   00DC 08                  140 	.db	0b00001000	;     o   
   00DD 08                  141 	.db	0b00001000	;     o   
   00DE 3E                  142 	.db	0b00111110	;   ooooo 
   00DF 08                  143 	.db	0b00001000	;     o   
   00E0 08                  144 	.db	0b00001000	;     o   
   00E1 00                  145 	.db	0b00000000	;         
                            146 
                            147 ; Character: , (2C)
   00E2 00                  148 	.db	0b00000000	;         
   00E3 00                  149 	.db	0b00000000	;         
   00E4 00                  150 	.db	0b00000000	;         
   00E5 00                  151 	.db	0b00000000	;         
   00E6 00                  152 	.db	0b00000000	;         
   00E7 08                  153 	.db	0b00001000	;     o   
   00E8 08                  154 	.db	0b00001000	;     o   
   00E9 10                  155 	.db	0b00010000	;    o    
                            156 
                            157 ; Character: - (2D)
   00EA 00                  158 	.db	0b00000000	;         
   00EB 00                  159 	.db	0b00000000	;         
   00EC 00                  160 	.db	0b00000000	;         
   00ED 00                  161 	.db	0b00000000	;         
   00EE 3E                  162 	.db	0b00111110	;   ooooo 
   00EF 00                  163 	.db	0b00000000	;         
   00F0 00                  164 	.db	0b00000000	;         
   00F1 00                  165 	.db	0b00000000	;         
                            166 
                            167 ; Character: . (2E)
   00F2 00                  168 	.db	0b00000000	;         
   00F3 00                  169 	.db	0b00000000	;         
   00F4 00                  170 	.db	0b00000000	;         
   00F5 00                  171 	.db	0b00000000	;         
   00F6 00                  172 	.db	0b00000000	;         
   00F7 18                  173 	.db	0b00011000	;    oo   
   00F8 18                  174 	.db	0b00011000	;    oo   
   00F9 00                  175 	.db	0b00000000	;         
                            176 
                            177 ; Character: / (2F)
   00FA 00                  178 	.db	0b00000000	;         
   00FB 00                  179 	.db	0b00000000	;         
   00FC 02                  180 	.db	0b00000010	;       o 
   00FD 04                  181 	.db	0b00000100	;      o  
   00FE 08                  182 	.db	0b00001000	;     o   
   00FF 10                  183 	.db	0b00010000	;    o    
   0100 20                  184 	.db	0b00100000	;   o     
   0101 00                  185 	.db	0b00000000	;         
                            186 
                            187 ; Character: 0 (30)
   0102 00                  188 	.db	0b00000000	;         
   0103 1C                  189 	.db	0b00011100	;    ooo  
   0104 26                  190 	.db	0b00100110	;   o  oo 
   0105 4A                  191 	.db	0b01001010	;  o  o o 
   0106 54                  192 	.db	0b01010100	;  o o o  
   0107 A4                  193 	.db	0b10100100	; o o  o  
   0108 C8                  194 	.db	0b11001000	; oo  o   
   0109 70                  195 	.db	0b01110000	;  ooo    
                            196 
                            197 ; Character: 1 (31)
   010A 00                  198 	.db	0b00000000	;         
   010B 18                  199 	.db	0b00011000	;    oo   
   010C 28                  200 	.db	0b00101000	;   o o   
   010D 08                  201 	.db	0b00001000	;     o   
   010E 10                  202 	.db	0b00010000	;    o    
   010F 20                  203 	.db	0b00100000	;   o     
   0110 20                  204 	.db	0b00100000	;   o     
   0111 F8                  205 	.db	0b11111000	; ooooo   
                            206 
                            207 ; Character: 2 (32)
   0112 00                  208 	.db	0b00000000	;         
   0113 3C                  209 	.db	0b00111100	;   oooo  
   0114 42                  210 	.db	0b01000010	;  o    o 
   0115 04                  211 	.db	0b00000100	;      o  
   0116 18                  212 	.db	0b00011000	;    oo   
   0117 60                  213 	.db	0b01100000	;  oo     
   0118 80                  214 	.db	0b10000000	; o       
   0119 FC                  215 	.db	0b11111100	; oooooo  
                            216 
                            217 ; Character: 3 (33)
   011A 00                  218 	.db	0b00000000	;         
   011B 3C                  219 	.db	0b00111100	;   oooo  
   011C 42                  220 	.db	0b01000010	;  o    o 
   011D 02                  221 	.db	0b00000010	;       o 
   011E 0C                  222 	.db	0b00001100	;     oo  
   011F 02                  223 	.db	0b00000010	;       o 
   0120 84                  224 	.db	0b10000100	; o    o  
   0121 78                  225 	.db	0b01111000	;  oooo   
                            226 
                            227 ; Character: 4 (34)
   0122 00                  228 	.db	0b00000000	;         
   0123 0C                  229 	.db	0b00001100	;     oo  
   0124 34                  230 	.db	0b00110100	;   oo o  
   0125 44                  231 	.db	0b01000100	;  o   o  
   0126 88                  232 	.db	0b10001000	; o   o   
   0127 FE                  233 	.db	0b11111110	; ooooooo 
   0128 10                  234 	.db	0b00010000	;    o    
   0129 10                  235 	.db	0b00010000	;    o    
                            236 
                            237 ; Character: 5 (35)
   012A 00                  238 	.db	0b00000000	;         
   012B 3E                  239 	.db	0b00111110	;   ooooo 
   012C 20                  240 	.db	0b00100000	;   o     
   012D 40                  241 	.db	0b01000000	;  o      
   012E 78                  242 	.db	0b01111000	;  oooo   
   012F 04                  243 	.db	0b00000100	;      o  
   0130 84                  244 	.db	0b10000100	; o    o  
   0131 78                  245 	.db	0b01111000	;  oooo   
                            246 
                            247 ; Character: 6 (36)
   0132 00                  248 	.db	0b00000000	;         
   0133 1C                  249 	.db	0b00011100	;    ooo  
   0134 22                  250 	.db	0b00100010	;   o   o 
   0135 40                  251 	.db	0b01000000	;  o      
   0136 78                  252 	.db	0b01111000	;  oooo   
   0137 84                  253 	.db	0b10000100	; o    o  
   0138 84                  254 	.db	0b10000100	; o    o  
   0139 78                  255 	.db	0b01111000	;  oooo   
                            256 
                            257 ; Character: 7 (37)
   013A 00                  258 	.db	0b00000000	;         
   013B 3E                  259 	.db	0b00111110	;   ooooo 
   013C 02                  260 	.db	0b00000010	;       o 
   013D 04                  261 	.db	0b00000100	;      o  
   013E 08                  262 	.db	0b00001000	;     o   
   013F 10                  263 	.db	0b00010000	;    o    
   0140 20                  264 	.db	0b00100000	;   o     
   0141 20                  265 	.db	0b00100000	;   o     
                            266 
                            267 ; Character: 8 (38)
   0142 00                  268 	.db	0b00000000	;         
   0143 3C                  269 	.db	0b00111100	;   oooo  
   0144 42                  270 	.db	0b01000010	;  o    o 
   0145 3C                  271 	.db	0b00111100	;   oooo  
   0146 42                  272 	.db	0b01000010	;  o    o 
   0147 84                  273 	.db	0b10000100	; o    o  
   0148 84                  274 	.db	0b10000100	; o    o  
   0149 78                  275 	.db	0b01111000	;  oooo   
                            276 
                            277 ; Character: 9 (39)
   014A 00                  278 	.db	0b00000000	;         
   014B 3C                  279 	.db	0b00111100	;   oooo  
   014C 42                  280 	.db	0b01000010	;  o    o 
   014D 42                  281 	.db	0b01000010	;  o    o 
   014E 3C                  282 	.db	0b00111100	;   oooo  
   014F 04                  283 	.db	0b00000100	;      o  
   0150 08                  284 	.db	0b00001000	;     o   
   0151 F0                  285 	.db	0b11110000	; oooo    
                            286 
                            287 ; Character: : (3A)
   0152 00                  288 	.db	0b00000000	;         
   0153 00                  289 	.db	0b00000000	;         
   0154 00                  290 	.db	0b00000000	;         
   0155 08                  291 	.db	0b00001000	;     o   
   0156 00                  292 	.db	0b00000000	;         
   0157 00                  293 	.db	0b00000000	;         
   0158 10                  294 	.db	0b00010000	;    o    
   0159 00                  295 	.db	0b00000000	;         
                            296 
                            297 ; Character: ; (3B)
   015A 00                  298 	.db	0b00000000	;         
   015B 00                  299 	.db	0b00000000	;         
   015C 10                  300 	.db	0b00010000	;    o    
   015D 00                  301 	.db	0b00000000	;         
   015E 00                  302 	.db	0b00000000	;         
   015F 10                  303 	.db	0b00010000	;    o    
   0160 10                  304 	.db	0b00010000	;    o    
   0161 20                  305 	.db	0b00100000	;   o     
                            306 
                            307 ; Character: < (3C)
   0162 00                  308 	.db	0b00000000	;         
   0163 00                  309 	.db	0b00000000	;         
   0164 04                  310 	.db	0b00000100	;      o  
   0165 08                  311 	.db	0b00001000	;     o   
   0166 10                  312 	.db	0b00010000	;    o    
   0167 08                  313 	.db	0b00001000	;     o   
   0168 04                  314 	.db	0b00000100	;      o  
   0169 00                  315 	.db	0b00000000	;         
                            316 
                            317 ; Character: = (3D)
   016A 00                  318 	.db	0b00000000	;         
   016B 00                  319 	.db	0b00000000	;         
   016C 00                  320 	.db	0b00000000	;         
   016D 3E                  321 	.db	0b00111110	;   ooooo 
   016E 00                  322 	.db	0b00000000	;         
   016F 7C                  323 	.db	0b01111100	;  ooooo  
   0170 00                  324 	.db	0b00000000	;         
   0171 00                  325 	.db	0b00000000	;         
                            326 
                            327 ; Character: > (3E)
   0172 00                  328 	.db	0b00000000	;         
   0173 00                  329 	.db	0b00000000	;         
   0174 10                  330 	.db	0b00010000	;    o    
   0175 08                  331 	.db	0b00001000	;     o   
   0176 04                  332 	.db	0b00000100	;      o  
   0177 08                  333 	.db	0b00001000	;     o   
   0178 10                  334 	.db	0b00010000	;    o    
   0179 00                  335 	.db	0b00000000	;         
                            336 
                            337 ; Character: ? (3F)
   017A 00                  338 	.db	0b00000000	;         
   017B 3C                  339 	.db	0b00111100	;   oooo  
   017C 42                  340 	.db	0b01000010	;  o    o 
   017D 02                  341 	.db	0b00000010	;       o 
   017E 0C                  342 	.db	0b00001100	;     oo  
   017F 10                  343 	.db	0b00010000	;    o    
   0180 00                  344 	.db	0b00000000	;         
   0181 30                  345 	.db	0b00110000	;   oo    
                            346 
                            347 ; Character: @ (40)
   0182 00                  348 	.db	0b00000000	;         
   0183 3C                  349 	.db	0b00111100	;   oooo  
   0184 4A                  350 	.db	0b01001010	;  o  o o 
   0185 56                  351 	.db	0b01010110	;  o o oo 
   0186 5E                  352 	.db	0b01011110	;  o oooo 
   0187 40                  353 	.db	0b01000000	;  o      
   0188 3C                  354 	.db	0b00111100	;   oooo  
   0189 00                  355 	.db	0b00000000	;         
                            356 
                            357 ; Character: A (41)
   018A 00                  358 	.db	0b00000000	;         
   018B 1C                  359 	.db	0b00011100	;    ooo  
   018C 22                  360 	.db	0b00100010	;   o   o 
   018D 22                  361 	.db	0b00100010	;   o   o 
   018E 7C                  362 	.db	0b01111100	;  ooooo  
   018F 44                  363 	.db	0b01000100	;  o   o  
   0190 88                  364 	.db	0b10001000	; o   o   
   0191 88                  365 	.db	0b10001000	; o   o   
                            366 
                            367 ; Character: B (42)
   0192 00                  368 	.db	0b00000000	;         
   0193 3C                  369 	.db	0b00111100	;   oooo  
   0194 22                  370 	.db	0b00100010	;   o   o 
   0195 3C                  371 	.db	0b00111100	;   oooo  
   0196 42                  372 	.db	0b01000010	;  o    o 
   0197 42                  373 	.db	0b01000010	;  o    o 
   0198 84                  374 	.db	0b10000100	; o    o  
   0199 F8                  375 	.db	0b11111000	; ooooo   
                            376 
                            377 ; Character: C (43)
   019A 00                  378 	.db	0b00000000	;         
   019B 1C                  379 	.db	0b00011100	;    ooo  
   019C 22                  380 	.db	0b00100010	;   o   o 
   019D 40                  381 	.db	0b01000000	;  o      
   019E 40                  382 	.db	0b01000000	;  o      
   019F 80                  383 	.db	0b10000000	; o       
   01A0 84                  384 	.db	0b10000100	; o    o  
   01A1 78                  385 	.db	0b01111000	;  oooo   
                            386 
                            387 ; Character: D (44)
   01A2 00                  388 	.db	0b00000000	;         
   01A3 38                  389 	.db	0b00111000	;   ooo   
   01A4 24                  390 	.db	0b00100100	;   o  o  
   01A5 22                  391 	.db	0b00100010	;   o   o 
   01A6 42                  392 	.db	0b01000010	;  o    o 
   01A7 44                  393 	.db	0b01000100	;  o   o  
   01A8 88                  394 	.db	0b10001000	; o   o   
   01A9 F0                  395 	.db	0b11110000	; oooo    
                            396 
                            397 ; Character: E (45)
   01AA 00                  398 	.db	0b00000000	;         
   01AB 3E                  399 	.db	0b00111110	;   ooooo 
   01AC 20                  400 	.db	0b00100000	;   o     
   01AD 40                  401 	.db	0b01000000	;  o      
   01AE 78                  402 	.db	0b01111000	;  oooo   
   01AF 40                  403 	.db	0b01000000	;  o      
   01B0 80                  404 	.db	0b10000000	; o       
   01B1 F8                  405 	.db	0b11111000	; ooooo   
                            406 
                            407 ; Character: F (46)
   01B2 00                  408 	.db	0b00000000	;         
   01B3 3E                  409 	.db	0b00111110	;   ooooo 
   01B4 20                  410 	.db	0b00100000	;   o     
   01B5 40                  411 	.db	0b01000000	;  o      
   01B6 78                  412 	.db	0b01111000	;  oooo   
   01B7 40                  413 	.db	0b01000000	;  o      
   01B8 80                  414 	.db	0b10000000	; o       
   01B9 80                  415 	.db	0b10000000	; o       
                            416 
                            417 ; Character: G (47)
   01BA 00                  418 	.db	0b00000000	;         
   01BB 1C                  419 	.db	0b00011100	;    ooo  
   01BC 22                  420 	.db	0b00100010	;   o   o 
   01BD 40                  421 	.db	0b01000000	;  o      
   01BE 40                  422 	.db	0b01000000	;  o      
   01BF 8E                  423 	.db	0b10001110	; o   ooo 
   01C0 84                  424 	.db	0b10000100	; o    o  
   01C1 78                  425 	.db	0b01111000	;  oooo   
                            426 
                            427 ; Character: H (48)
   01C2 00                  428 	.db	0b00000000	;         
   01C3 22                  429 	.db	0b00100010	;   o   o 
   01C4 22                  430 	.db	0b00100010	;   o   o 
   01C5 44                  431 	.db	0b01000100	;  o   o  
   01C6 7C                  432 	.db	0b01111100	;  ooooo  
   01C7 44                  433 	.db	0b01000100	;  o   o  
   01C8 88                  434 	.db	0b10001000	; o   o   
   01C9 88                  435 	.db	0b10001000	; o   o   
                            436 
                            437 ; Character: I (49)
   01CA 00                  438 	.db	0b00000000	;         
   01CB 3E                  439 	.db	0b00111110	;   ooooo 
   01CC 08                  440 	.db	0b00001000	;     o   
   01CD 08                  441 	.db	0b00001000	;     o   
   01CE 10                  442 	.db	0b00010000	;    o    
   01CF 20                  443 	.db	0b00100000	;   o     
   01D0 20                  444 	.db	0b00100000	;   o     
   01D1 F8                  445 	.db	0b11111000	; ooooo   
                            446 
                            447 ; Character: J (4A)
   01D2 00                  448 	.db	0b00000000	;         
   01D3 02                  449 	.db	0b00000010	;       o 
   01D4 02                  450 	.db	0b00000010	;       o 
   01D5 04                  451 	.db	0b00000100	;      o  
   01D6 04                  452 	.db	0b00000100	;      o  
   01D7 88                  453 	.db	0b10001000	; o   o   
   01D8 88                  454 	.db	0b10001000	; o   o   
   01D9 70                  455 	.db	0b01110000	;  ooo    
                            456 
                            457 ; Character: K (4B)
   01DA 00                  458 	.db	0b00000000	;         
   01DB 22                  459 	.db	0b00100010	;   o   o 
   01DC 24                  460 	.db	0b00100100	;   o  o  
   01DD 48                  461 	.db	0b01001000	;  o  o   
   01DE 70                  462 	.db	0b01110000	;  ooo    
   01DF 48                  463 	.db	0b01001000	;  o  o   
   01E0 88                  464 	.db	0b10001000	; o   o   
   01E1 84                  465 	.db	0b10000100	; o    o  
                            466 
                            467 ; Character: L (4C)
   01E2 00                  468 	.db	0b00000000	;         
   01E3 20                  469 	.db	0b00100000	;   o     
   01E4 20                  470 	.db	0b00100000	;   o     
   01E5 40                  471 	.db	0b01000000	;  o      
   01E6 40                  472 	.db	0b01000000	;  o      
   01E7 40                  473 	.db	0b01000000	;  o      
   01E8 80                  474 	.db	0b10000000	; o       
   01E9 FC                  475 	.db	0b11111100	; oooooo  
                            476 
                            477 ; Character: M (4D)
   01EA 00                  478 	.db	0b00000000	;         
   01EB 36                  479 	.db	0b00110110	;   oo oo 
   01EC 2A                  480 	.db	0b00101010	;   o o o 
   01ED 54                  481 	.db	0b01010100	;  o o o  
   01EE 54                  482 	.db	0b01010100	;  o o o  
   01EF 44                  483 	.db	0b01000100	;  o   o  
   01F0 88                  484 	.db	0b10001000	; o   o   
   01F1 88                  485 	.db	0b10001000	; o   o   
                            486 
                            487 ; Character: N (4E)
   01F2 00                  488 	.db	0b00000000	;         
   01F3 22                  489 	.db	0b00100010	;   o   o 
   01F4 32                  490 	.db	0b00110010	;   oo  o 
   01F5 54                  491 	.db	0b01010100	;  o o o  
   01F6 54                  492 	.db	0b01010100	;  o o o  
   01F7 54                  493 	.db	0b01010100	;  o o o  
   01F8 98                  494 	.db	0b10011000	; o  oo   
   01F9 88                  495 	.db	0b10001000	; o   o   
                            496 
                            497 ; Character: O (4F)
   01FA 00                  498 	.db	0b00000000	;         
   01FB 1C                  499 	.db	0b00011100	;    ooo  
   01FC 22                  500 	.db	0b00100010	;   o   o 
   01FD 42                  501 	.db	0b01000010	;  o    o 
   01FE 44                  502 	.db	0b01000100	;  o   o  
   01FF 84                  503 	.db	0b10000100	; o    o  
   0200 88                  504 	.db	0b10001000	; o   o   
   0201 70                  505 	.db	0b01110000	;  ooo    
                            506 
                            507 ; Character: P (50)
   0202 00                  508 	.db	0b00000000	;         
   0203 3C                  509 	.db	0b00111100	;   oooo  
   0204 22                  510 	.db	0b00100010	;   o   o 
   0205 42                  511 	.db	0b01000010	;  o    o 
   0206 7C                  512 	.db	0b01111100	;  ooooo  
   0207 40                  513 	.db	0b01000000	;  o      
   0208 80                  514 	.db	0b10000000	; o       
   0209 80                  515 	.db	0b10000000	; o       
                            516 
                            517 ; Character: Q (51)
   020A 00                  518 	.db	0b00000000	;         
   020B 1C                  519 	.db	0b00011100	;    ooo  
   020C 22                  520 	.db	0b00100010	;   o   o 
   020D 42                  521 	.db	0b01000010	;  o    o 
   020E 44                  522 	.db	0b01000100	;  o   o  
   020F 94                  523 	.db	0b10010100	; o  o o  
   0210 88                  524 	.db	0b10001000	; o   o   
   0211 74                  525 	.db	0b01110100	;  ooo o  
                            526 
                            527 ; Character: R (52)
   0212 00                  528 	.db	0b00000000	;         
   0213 3C                  529 	.db	0b00111100	;   oooo  
   0214 22                  530 	.db	0b00100010	;   o   o 
   0215 42                  531 	.db	0b01000010	;  o    o 
   0216 7C                  532 	.db	0b01111100	;  ooooo  
   0217 48                  533 	.db	0b01001000	;  o  o   
   0218 84                  534 	.db	0b10000100	; o    o  
   0219 84                  535 	.db	0b10000100	; o    o  
                            536 
                            537 ; Character: S (53)
   021A 00                  538 	.db	0b00000000	;         
   021B 1E                  539 	.db	0b00011110	;    oooo 
   021C 20                  540 	.db	0b00100000	;   o     
   021D 20                  541 	.db	0b00100000	;   o     
   021E 18                  542 	.db	0b00011000	;    oo   
   021F 04                  543 	.db	0b00000100	;      o  
   0220 84                  544 	.db	0b10000100	; o    o  
   0221 78                  545 	.db	0b01111000	;  oooo   
                            546 
                            547 ; Character: T (54)
   0222 00                  548 	.db	0b00000000	;         
   0223 FE                  549 	.db	0b11111110	; ooooooo 
   0224 10                  550 	.db	0b00010000	;    o    
   0225 20                  551 	.db	0b00100000	;   o     
   0226 20                  552 	.db	0b00100000	;   o     
   0227 20                  553 	.db	0b00100000	;   o     
   0228 40                  554 	.db	0b01000000	;  o      
   0229 40                  555 	.db	0b01000000	;  o      
                            556 
                            557 ; Character: U (55)
   022A 00                  558 	.db	0b00000000	;         
   022B 22                  559 	.db	0b00100010	;   o   o 
   022C 22                  560 	.db	0b00100010	;   o   o 
   022D 44                  561 	.db	0b01000100	;  o   o  
   022E 44                  562 	.db	0b01000100	;  o   o  
   022F 88                  563 	.db	0b10001000	; o   o   
   0230 88                  564 	.db	0b10001000	; o   o   
   0231 70                  565 	.db	0b01110000	;  ooo    
                            566 
                            567 ; Character: V (56)
   0232 00                  568 	.db	0b00000000	;         
   0233 42                  569 	.db	0b01000010	;  o    o 
   0234 42                  570 	.db	0b01000010	;  o    o 
   0235 44                  571 	.db	0b01000100	;  o   o  
   0236 44                  572 	.db	0b01000100	;  o   o  
   0237 88                  573 	.db	0b10001000	; o   o   
   0238 90                  574 	.db	0b10010000	; o  o    
   0239 E0                  575 	.db	0b11100000	; ooo     
                            576 
                            577 ; Character: W (57)
   023A 00                  578 	.db	0b00000000	;         
   023B 22                  579 	.db	0b00100010	;   o   o 
   023C 22                  580 	.db	0b00100010	;   o   o 
   023D 44                  581 	.db	0b01000100	;  o   o  
   023E 54                  582 	.db	0b01010100	;  o o o  
   023F A8                  583 	.db	0b10101000	; o o o   
   0240 A8                  584 	.db	0b10101000	; o o o   
   0241 50                  585 	.db	0b01010000	;  o o    
                            586 
                            587 ; Character: X (58)
   0242 00                  588 	.db	0b00000000	;         
   0243 42                  589 	.db	0b01000010	;  o    o 
   0244 24                  590 	.db	0b00100100	;   o  o  
   0245 28                  591 	.db	0b00101000	;   o o   
   0246 10                  592 	.db	0b00010000	;    o    
   0247 28                  593 	.db	0b00101000	;   o o   
   0248 48                  594 	.db	0b01001000	;  o  o   
   0249 84                  595 	.db	0b10000100	; o    o  
                            596 
                            597 ; Character: Y (59)
   024A 00                  598 	.db	0b00000000	;         
   024B 42                  599 	.db	0b01000010	;  o    o 
   024C 24                  600 	.db	0b00100100	;   o  o  
   024D 28                  601 	.db	0b00101000	;   o o   
   024E 10                  602 	.db	0b00010000	;    o    
   024F 10                  603 	.db	0b00010000	;    o    
   0250 20                  604 	.db	0b00100000	;   o     
   0251 20                  605 	.db	0b00100000	;   o     
                            606 
                            607 ; Character: Z (5A)
   0252 00                  608 	.db	0b00000000	;         
   0253 7E                  609 	.db	0b01111110	;  oooooo 
   0254 04                  610 	.db	0b00000100	;      o  
   0255 08                  611 	.db	0b00001000	;     o   
   0256 10                  612 	.db	0b00010000	;    o    
   0257 20                  613 	.db	0b00100000	;   o     
   0258 40                  614 	.db	0b01000000	;  o      
   0259 FC                  615 	.db	0b11111100	; oooooo  
                            616 
                            617 ; Character: [ (5B)
   025A 00                  618 	.db	0b00000000	;         
   025B 0E                  619 	.db	0b00001110	;     ooo 
   025C 08                  620 	.db	0b00001000	;     o   
   025D 08                  621 	.db	0b00001000	;     o   
   025E 08                  622 	.db	0b00001000	;     o   
   025F 08                  623 	.db	0b00001000	;     o   
   0260 0E                  624 	.db	0b00001110	;     ooo 
   0261 00                  625 	.db	0b00000000	;         
                            626 
                            627 ; Character: \ (5C)
   0262 00                  628 	.db	0b00000000	;         
   0263 00                  629 	.db	0b00000000	;         
   0264 40                  630 	.db	0b01000000	;  o      
   0265 20                  631 	.db	0b00100000	;   o     
   0266 10                  632 	.db	0b00010000	;    o    
   0267 08                  633 	.db	0b00001000	;     o   
   0268 04                  634 	.db	0b00000100	;      o  
   0269 00                  635 	.db	0b00000000	;         
                            636 
                            637 ; Character: ] (5D)
   026A 00                  638 	.db	0b00000000	;         
   026B 70                  639 	.db	0b01110000	;  ooo    
   026C 10                  640 	.db	0b00010000	;    o    
   026D 10                  641 	.db	0b00010000	;    o    
   026E 10                  642 	.db	0b00010000	;    o    
   026F 10                  643 	.db	0b00010000	;    o    
   0270 70                  644 	.db	0b01110000	;  ooo    
   0271 00                  645 	.db	0b00000000	;         
                            646 
                            647 ; Character: ^ (5E)
   0272 00                  648 	.db	0b00000000	;         
   0273 10                  649 	.db	0b00010000	;    o    
   0274 38                  650 	.db	0b00111000	;   ooo   
   0275 54                  651 	.db	0b01010100	;  o o o  
   0276 10                  652 	.db	0b00010000	;    o    
   0277 10                  653 	.db	0b00010000	;    o    
   0278 10                  654 	.db	0b00010000	;    o    
   0279 00                  655 	.db	0b00000000	;         
                            656 
                            657 ; Character: a (61)
   027A 00                  658 	.db	0b00000000	;         
   027B 00                  659 	.db	0b00000000	;         
   027C 00                  660 	.db	0b00000000	;         
   027D 1C                  661 	.db	0b00011100	;    ooo  
   027E 02                  662 	.db	0b00000010	;       o 
   027F 3E                  663 	.db	0b00111110	;   ooooo 
   0280 44                  664 	.db	0b01000100	;  o   o  
   0281 3C                  665 	.db	0b00111100	;   oooo  
                            666 
                            667 ; Character: b (62)
   0282 00                  668 	.db	0b00000000	;         
   0283 10                  669 	.db	0b00010000	;    o    
   0284 10                  670 	.db	0b00010000	;    o    
   0285 20                  671 	.db	0b00100000	;   o     
   0286 3C                  672 	.db	0b00111100	;   oooo  
   0287 22                  673 	.db	0b00100010	;   o   o 
   0288 44                  674 	.db	0b01000100	;  o   o  
   0289 78                  675 	.db	0b01111000	;  oooo   
                            676 
                            677 ; Character: c (63)
   028A 00                  678 	.db	0b00000000	;         
   028B 00                  679 	.db	0b00000000	;         
   028C 00                  680 	.db	0b00000000	;         
   028D 1E                  681 	.db	0b00011110	;    oooo 
   028E 20                  682 	.db	0b00100000	;   o     
   028F 40                  683 	.db	0b01000000	;  o      
   0290 40                  684 	.db	0b01000000	;  o      
   0291 3C                  685 	.db	0b00111100	;   oooo  
                            686 
                            687 ; Character: d (64)
   0292 00                  688 	.db	0b00000000	;         
   0293 02                  689 	.db	0b00000010	;       o 
   0294 02                  690 	.db	0b00000010	;       o 
   0295 04                  691 	.db	0b00000100	;      o  
   0296 3C                  692 	.db	0b00111100	;   oooo  
   0297 44                  693 	.db	0b01000100	;  o   o  
   0298 48                  694 	.db	0b01001000	;  o  o   
   0299 38                  695 	.db	0b00111000	;   ooo   
                            696 
                            697 ; Character: e (65)
   029A 00                  698 	.db	0b00000000	;         
   029B 00                  699 	.db	0b00000000	;         
   029C 00                  700 	.db	0b00000000	;         
   029D 1C                  701 	.db	0b00011100	;    ooo  
   029E 22                  702 	.db	0b00100010	;   o   o 
   029F 7C                  703 	.db	0b01111100	;  ooooo  
   02A0 40                  704 	.db	0b01000000	;  o      
   02A1 38                  705 	.db	0b00111000	;   ooo   
                            706 
                            707 ; Character: f (66)
   02A2 00                  708 	.db	0b00000000	;         
   02A3 0E                  709 	.db	0b00001110	;     ooo 
   02A4 10                  710 	.db	0b00010000	;    o    
   02A5 10                  711 	.db	0b00010000	;    o    
   02A6 38                  712 	.db	0b00111000	;   ooo   
   02A7 20                  713 	.db	0b00100000	;   o     
   02A8 40                  714 	.db	0b01000000	;  o      
   02A9 40                  715 	.db	0b01000000	;  o      
                            716 
                            717 ; Character: g (67)
   02AA 00                  718 	.db	0b00000000	;         
   02AB 00                  719 	.db	0b00000000	;         
   02AC 1E                  720 	.db	0b00011110	;    oooo 
   02AD 22                  721 	.db	0b00100010	;   o   o 
   02AE 44                  722 	.db	0b01000100	;  o   o  
   02AF 3C                  723 	.db	0b00111100	;   oooo  
   02B0 04                  724 	.db	0b00000100	;      o  
   02B1 78                  725 	.db	0b01111000	;  oooo   
                            726 
                            727 ; Character: h (68)
   02B2 00                  728 	.db	0b00000000	;         
   02B3 10                  729 	.db	0b00010000	;    o    
   02B4 10                  730 	.db	0b00010000	;    o    
   02B5 20                  731 	.db	0b00100000	;   o     
   02B6 3C                  732 	.db	0b00111100	;   oooo  
   02B7 22                  733 	.db	0b00100010	;   o   o 
   02B8 44                  734 	.db	0b01000100	;  o   o  
   02B9 44                  735 	.db	0b01000100	;  o   o  
                            736 
                            737 ; Character: i (69)
   02BA 00                  738 	.db	0b00000000	;         
   02BB 08                  739 	.db	0b00001000	;     o   
   02BC 00                  740 	.db	0b00000000	;         
   02BD 18                  741 	.db	0b00011000	;    oo   
   02BE 08                  742 	.db	0b00001000	;     o   
   02BF 10                  743 	.db	0b00010000	;    o    
   02C0 20                  744 	.db	0b00100000	;   o     
   02C1 70                  745 	.db	0b01110000	;  ooo    
                            746 
                            747 ; Character: j (6A)
   02C2 00                  748 	.db	0b00000000	;         
   02C3 04                  749 	.db	0b00000100	;      o  
   02C4 00                  750 	.db	0b00000000	;         
   02C5 04                  751 	.db	0b00000100	;      o  
   02C6 04                  752 	.db	0b00000100	;      o  
   02C7 48                  753 	.db	0b01001000	;  o  o   
   02C8 48                  754 	.db	0b01001000	;  o  o   
   02C9 30                  755 	.db	0b00110000	;   oo    
                            756 
                            757 ; Character: k (6B)
   02CA 00                  758 	.db	0b00000000	;         
   02CB 10                  759 	.db	0b00010000	;    o    
   02CC 10                  760 	.db	0b00010000	;    o    
   02CD 20                  761 	.db	0b00100000	;   o     
   02CE 24                  762 	.db	0b00100100	;   o  o  
   02CF 38                  763 	.db	0b00111000	;   ooo   
   02D0 44                  764 	.db	0b01000100	;  o   o  
   02D1 44                  765 	.db	0b01000100	;  o   o  
                            766 
                            767 ; Character: l (6C)
   02D2 00                  768 	.db	0b00000000	;         
   02D3 08                  769 	.db	0b00001000	;     o   
   02D4 08                  770 	.db	0b00001000	;     o   
   02D5 10                  771 	.db	0b00010000	;    o    
   02D6 10                  772 	.db	0b00010000	;    o    
   02D7 20                  773 	.db	0b00100000	;   o     
   02D8 20                  774 	.db	0b00100000	;   o     
   02D9 18                  775 	.db	0b00011000	;    oo   
                            776 
                            777 ; Character: m (6D)
   02DA 00                  778 	.db	0b00000000	;         
   02DB 00                  779 	.db	0b00000000	;         
   02DC 00                  780 	.db	0b00000000	;         
   02DD 34                  781 	.db	0b00110100	;   oo o  
   02DE 2A                  782 	.db	0b00101010	;   o o o 
   02DF 2A                  783 	.db	0b00101010	;   o o o 
   02E0 54                  784 	.db	0b01010100	;  o o o  
   02E1 54                  785 	.db	0b01010100	;  o o o  
                            786 
                            787 ; Character: n (6E)
   02E2 00                  788 	.db	0b00000000	;         
   02E3 00                  789 	.db	0b00000000	;         
   02E4 00                  790 	.db	0b00000000	;         
   02E5 3C                  791 	.db	0b00111100	;   oooo  
   02E6 22                  792 	.db	0b00100010	;   o   o 
   02E7 22                  793 	.db	0b00100010	;   o   o 
   02E8 44                  794 	.db	0b01000100	;  o   o  
   02E9 44                  795 	.db	0b01000100	;  o   o  
                            796 
                            797 ; Character: o (6F)
   02EA 00                  798 	.db	0b00000000	;         
   02EB 00                  799 	.db	0b00000000	;         
   02EC 1C                  800 	.db	0b00011100	;    ooo  
   02ED 22                  801 	.db	0b00100010	;   o   o 
   02EE 22                  802 	.db	0b00100010	;   o   o 
   02EF 44                  803 	.db	0b01000100	;  o   o  
   02F0 44                  804 	.db	0b01000100	;  o   o  
   02F1 38                  805 	.db	0b00111000	;   ooo   
                            806 
                            807 ; Character: p (70)
   02F2 00                  808 	.db	0b00000000	;         
   02F3 00                  809 	.db	0b00000000	;         
   02F4 1C                  810 	.db	0b00011100	;    ooo  
   02F5 12                  811 	.db	0b00010010	;    o  o 
   02F6 22                  812 	.db	0b00100010	;   o   o 
   02F7 3C                  813 	.db	0b00111100	;   oooo  
   02F8 40                  814 	.db	0b01000000	;  o      
   02F9 40                  815 	.db	0b01000000	;  o      
                            816 
                            817 ; Character: q (71)
   02FA 00                  818 	.db	0b00000000	;         
   02FB 00                  819 	.db	0b00000000	;         
   02FC 1E                  820 	.db	0b00011110	;    oooo 
   02FD 22                  821 	.db	0b00100010	;   o   o 
   02FE 24                  822 	.db	0b00100100	;   o  o  
   02FF 1C                  823 	.db	0b00011100	;    ooo  
   0300 08                  824 	.db	0b00001000	;     o   
   0301 0C                  825 	.db	0b00001100	;     oo  
                            826 
                            827 ; Character: r (72)
   0302 00                  828 	.db	0b00000000	;         
   0303 00                  829 	.db	0b00000000	;         
   0304 00                  830 	.db	0b00000000	;         
   0305 0E                  831 	.db	0b00001110	;     ooo 
   0306 10                  832 	.db	0b00010000	;    o    
   0307 10                  833 	.db	0b00010000	;    o    
   0308 20                  834 	.db	0b00100000	;   o     
   0309 20                  835 	.db	0b00100000	;   o     
                            836 
                            837 ; Character: s (73)
   030A 00                  838 	.db	0b00000000	;         
   030B 00                  839 	.db	0b00000000	;         
   030C 00                  840 	.db	0b00000000	;         
   030D 1E                  841 	.db	0b00011110	;    oooo 
   030E 20                  842 	.db	0b00100000	;   o     
   030F 18                  843 	.db	0b00011000	;    oo   
   0310 04                  844 	.db	0b00000100	;      o  
   0311 78                  845 	.db	0b01111000	;  oooo   
                            846 
                            847 ; Character: t (74)
   0312 00                  848 	.db	0b00000000	;         
   0313 08                  849 	.db	0b00001000	;     o   
   0314 08                  850 	.db	0b00001000	;     o   
   0315 1C                  851 	.db	0b00011100	;    ooo  
   0316 08                  852 	.db	0b00001000	;     o   
   0317 10                  853 	.db	0b00010000	;    o    
   0318 10                  854 	.db	0b00010000	;    o    
   0319 20                  855 	.db	0b00100000	;   o     
                            856 
                            857 ; Character: u (75)
   031A 00                  858 	.db	0b00000000	;         
   031B 00                  859 	.db	0b00000000	;         
   031C 00                  860 	.db	0b00000000	;         
   031D 22                  861 	.db	0b00100010	;   o   o 
   031E 22                  862 	.db	0b00100010	;   o   o 
   031F 44                  863 	.db	0b01000100	;  o   o  
   0320 44                  864 	.db	0b01000100	;  o   o  
   0321 38                  865 	.db	0b00111000	;   ooo   
                            866 
                            867 ; Character: v (76)
   0322 00                  868 	.db	0b00000000	;         
   0323 00                  869 	.db	0b00000000	;         
   0324 00                  870 	.db	0b00000000	;         
   0325 22                  871 	.db	0b00100010	;   o   o 
   0326 22                  872 	.db	0b00100010	;   o   o 
   0327 44                  873 	.db	0b01000100	;  o   o  
   0328 48                  874 	.db	0b01001000	;  o  o   
   0329 30                  875 	.db	0b00110000	;   oo    
                            876 
                            877 ; Character: w (77)
   032A 00                  878 	.db	0b00000000	;         
   032B 00                  879 	.db	0b00000000	;         
   032C 00                  880 	.db	0b00000000	;         
   032D 22                  881 	.db	0b00100010	;   o   o 
   032E 2A                  882 	.db	0b00101010	;   o o o 
   032F 54                  883 	.db	0b01010100	;  o o o  
   0330 54                  884 	.db	0b01010100	;  o o o  
   0331 28                  885 	.db	0b00101000	;   o o   
                            886 
                            887 ; Character: x (78)
   0332 00                  888 	.db	0b00000000	;         
   0333 00                  889 	.db	0b00000000	;         
   0334 00                  890 	.db	0b00000000	;         
   0335 24                  891 	.db	0b00100100	;   o  o  
   0336 28                  892 	.db	0b00101000	;   o o   
   0337 18                  893 	.db	0b00011000	;    oo   
   0338 24                  894 	.db	0b00100100	;   o  o  
   0339 44                  895 	.db	0b01000100	;  o   o  
                            896 
                            897 ; Character: y (79)
   033A 00                  898 	.db	0b00000000	;         
   033B 00                  899 	.db	0b00000000	;         
   033C 00                  900 	.db	0b00000000	;         
   033D 22                  901 	.db	0b00100010	;   o   o 
   033E 22                  902 	.db	0b00100010	;   o   o 
   033F 1C                  903 	.db	0b00011100	;    ooo  
   0340 04                  904 	.db	0b00000100	;      o  
   0341 78                  905 	.db	0b01111000	;  oooo   
                            906 
                            907 ; Character: z (7A)
   0342 00                  908 	.db	0b00000000	;         
   0343 00                  909 	.db	0b00000000	;         
   0344 00                  910 	.db	0b00000000	;         
   0345 3E                  911 	.db	0b00111110	;   ooooo 
   0346 04                  912 	.db	0b00000100	;      o  
   0347 18                  913 	.db	0b00011000	;    oo   
   0348 20                  914 	.db	0b00100000	;   o     
   0349 7C                  915 	.db	0b01111100	;  ooooo  
                            916 
                            917 ; Character: { (7B)
   034A 00                  918 	.db	0b00000000	;         
   034B 0E                  919 	.db	0b00001110	;     ooo 
   034C 08                  920 	.db	0b00001000	;     o   
   034D 30                  921 	.db	0b00110000	;   oo    
   034E 08                  922 	.db	0b00001000	;     o   
   034F 08                  923 	.db	0b00001000	;     o   
   0350 0E                  924 	.db	0b00001110	;     ooo 
   0351 00                  925 	.db	0b00000000	;         
                            926 
                            927 ; Character: | (7C)
   0352 00                  928 	.db	0b00000000	;         
   0353 08                  929 	.db	0b00001000	;     o   
   0354 08                  930 	.db	0b00001000	;     o   
   0355 08                  931 	.db	0b00001000	;     o   
   0356 08                  932 	.db	0b00001000	;     o   
   0357 08                  933 	.db	0b00001000	;     o   
   0358 08                  934 	.db	0b00001000	;     o   
   0359 00                  935 	.db	0b00000000	;         
                            936 
                            937 ; Character: } (7D)
   035A 00                  938 	.db	0b00000000	;         
   035B 70                  939 	.db	0b01110000	;  ooo    
   035C 10                  940 	.db	0b00010000	;    o    
   035D 0C                  941 	.db	0b00001100	;     oo  
   035E 10                  942 	.db	0b00010000	;    o    
   035F 10                  943 	.db	0b00010000	;    o    
   0360 70                  944 	.db	0b01110000	;  ooo    
   0361 00                  945 	.db	0b00000000	;         
                            946 
                            947 ; Character: ~ (7E)
   0362 00                  948 	.db	0b00000000	;         
   0363 14                  949 	.db	0b00010100	;    o o  
   0364 28                  950 	.db	0b00101000	;   o o   
   0365 00                  951 	.db	0b00000000	;         
   0366 00                  952 	.db	0b00000000	;         
   0367 00                  953 	.db	0b00000000	;         
   0368 00                  954 	.db	0b00000000	;         
   0369 00                  955 	.db	0b00000000	;         
                            956 
